16
                      repo_name repo_owner  ... commits defective
0  Android-ObservableScrollView  ksoichiro  ...     383        80

[1 rows x 9 columns]
  repo_name repo_owner  ... commits defective
0    dagger     square  ...     701       144

[1 rows x 9 columns]
  repo_name repo_owner  ... commits defective
0   picasso     square  ...    1364       183

[1 rows x 9 columns]
Empty DataFrame
Columns: [repo_name, repo_owner, git_url, api_base_url, source_type, access_token, lang, commits, defective]
Index: []
Empty DataFrame
Columns: [repo_name, repo_owner, git_url, api_base_url, source_type, access_token, lang, commits, defective]
Index: []
Empty DataFrame
Columns: [repo_name, repo_owner, git_url, api_base_url, source_type, access_token, lang, commits, defective]
Index: []
Empty DataFrame
Columns: [repo_name, repo_owner, git_url, api_base_url, source_type, access_token, lang, commits, defective]
Index: []
Empty DataFrame
Columns: [repo_name, repo_owner, git_url, api_base_url, source_type, access_token, lang, commits, defective]
Index: []
Empty DataFrame
Columns: [repo_name, repo_owner, git_url, api_base_url, source_type, access_token, lang, commits, defective]
Index: []
Empty DataFrame
Columns: [repo_name, repo_owner, git_url, api_base_url, source_type, access_token, lang, commits, defective]
Index: []
Empty DataFrame
Columns: [repo_name, repo_owner, git_url, api_base_url, source_type, access_token, lang, commits, defective]
Index: []
Empty DataFrame
Columns: [repo_name, repo_owner, git_url, api_base_url, source_type, access_token, lang, commits, defective]
Index: []
Empty DataFrame
Columns: [repo_name, repo_owner, git_url, api_base_url, source_type, access_token, lang, commits, defective]
Index: []
Empty DataFrame
Columns: [repo_name, repo_owner, git_url, api_base_url, source_type, access_token, lang, commits, defective]
Index: []
Empty DataFrame
Columns: [repo_name, repo_owner, git_url, api_base_url, source_type, access_token, lang, commits, defective]
Index: []
Empty DataFrame
Columns: [repo_name, repo_owner, git_url, api_base_url, source_type, access_token, lang, commits, defective]
Index: []
I am here
I am here
I am here
['04892c03bad8cc45a3c509880c33e7f1d41f5a47', '70eee483d7b2cde633f2ff93fbe9b73c5612ce2b', ['main.java.com.squareup.injector.Binding', 'main.java.com.squareup.injector.BuiltInBinding', 'main.java.com.squareup.injector.ConstructorBinding', 'main.java.com.squareup.injector.Injector', 'main.java.com.squareup.injector.Key', 'main.java.com.squareup.injector.Linker', 'main.java.com.squareup.injector.MembersInjector', 'main.java.com.squareup.injector.ProviderMethodBinding', 'main.java.com.squareup.injector.Provides', 'test.java.com.squareup.injector.InjectorTest']]
141
0 ('04892c03bad8cc45a3c509880c33e7f1d41f5a47', '70eee483d7b2cde633f2ff93fbe9b73c5612ce2b')
['af5efdad02535193d4e3e752f0ffd70495455a47', '35a7ecaf60aeb1dae62e6c14ae1a0f3fcc75708a', ['main.AndroidManifest', 'main.java.com.github.ksoichiro.android.observablescrollview.samples.ActionBarControlScrollViewActivity', 'main.res.layout.activity_actionbarcontrolscrollview', 'main.res.values.strings', 'main.java.com.github.ksoichiro.android.observablescrollview.ObservableScrollView']]
80
0 ('af5efdad02535193d4e3e752f0ffd70495455a47', '35a7ecaf60aeb1dae62e6c14ae1a0f3fcc75708a')
['07ee0f5ee53383eaa06b619879b247f628a77133', 'e84a80518cf178f61e189a47f57e1eb0986c8816', ['main.java.com.squareup.picasso.sample.SampleActivity', 'main.java.com.squareup.picasso.sample.SampleAdapter', 'main.java.com.squareup.picasso.Cache', 'main.java.com.squareup.picasso.Downloader', 'main.java.com.squareup.picasso.Picasso', 'main.java.com.squareup.picasso.Request']]
183
0 ('07ee0f5ee53383eaa06b619879b247f628a77133', 'e84a80518cf178f61e189a47f57e1eb0986c8816')
1 ('7a2cbad99a0e929a03f3eb3d179810bbad6d0d72', '42be55b71f7898a7ecdc55d237bce3f16f7579a6')
1 ('12a29ab70ab96c955ad341d90b25ed9fbd794f9c', '3914b2d233891f1a447766caff9da073e0215759')
2 ('249a8666c8ca2647c7099ba525b1b7694053bcdd', '7a2cbad99a0e929a03f3eb3d179810bbad6d0d72')
1 ('bc3320c709e58c9013effd937357085ed95b6c55', 'af5efdad02535193d4e3e752f0ffd70495455a47')
3 ('576136ba600e81192960350f58503dfed9d824f4', 'b24e44abb9131dba0fe75558ae87a5abc70c3043')
2 ('672cf5886b05110f84647f4fe75c21a46ebfc49c', '867d90b3d6ec95f7b348fb6a6dc186b25add3792')
2 ('a07bd18608800555f7ba6a4dea038be63188b831', '456680dd6b2c684e1754c78958e66643c723a82f')
4 ('2ecf2ed141990194e89d88f7d159aca86a39c5aa', '7bfacddcd803cc29eae75b2989288b21a76d5242')
3 ('fa9009fe1b754c1f1963a6ba8b4414b0b968d887', '672cf5886b05110f84647f4fe75c21a46ebfc49c')
5 ('4b36a047186a364212f3c3226f4c3146e310dfd2', '2ecf2ed141990194e89d88f7d159aca86a39c5aa')
3 ('12652d2fd80c54df43c90e57ccd16998779c3d95', 'a07bd18608800555f7ba6a4dea038be63188b831')
4 ('1b847101fa5d0acf880fb640094662b725aca838', 'fa9009fe1b754c1f1963a6ba8b4414b0b968d887')
6 ('5482a558d307625316cbf3a145af45ee8b67925a', '4b36a047186a364212f3c3226f4c3146e310dfd2')
4 ('aef01ed7565a88392e4bb32d8deb986aab6d0177', '12652d2fd80c54df43c90e57ccd16998779c3d95')
7 ('733a7f6431616202b248adc6cf9d619bd4750162', '5482a558d307625316cbf3a145af45ee8b67925a')
5 ('8695e86e3f3aad9d2b3b0ccceaab9b143a67e55f', 'aef01ed7565a88392e4bb32d8deb986aab6d0177')
5 ('a07f265d8c1027d050658e1addcb8d9ca41cc7db', 'e8d54df7f454e92b1c6ce7048bca351b7b57d66a')
8 ('2a5de416ac26b37cde2d07c66873931495db6da8', '733a7f6431616202b248adc6cf9d619bd4750162')
6 ('8766612beb06d32fa2c1169768557f2d234d770c', '9f69acf73e3945c6030eb839e9bf425449d552f1')
6 ('e7aac97343063c85956224b9de9165eb070b1984', '659b99557db5c82b62c82f436d838339caa69bc4')
7 ('c3be55068f7ce5b08b9d0c10c953e1767d8c874f', '9bce4bd196cac330de7bcc7a9591df6317cb7043')
7 ('922abfd6517f8f3b3ca4ec5a3bd55967b85ea2c9', 'e7aac97343063c85956224b9de9165eb070b1984')
8 ('ad2356dca5d770d89d81061347d282f01266e5dd', 'f9e527dd8271f4970251f5690ed3bcfd9ae830df')
8 ('ba1077db5a59bc4cfb235aa9873207c5e5ecacb6', '922abfd6517f8f3b3ca4ec5a3bd55967b85ea2c9')
9 ('5ad73c0dbd5cee6da9b93688ae815be126d18f89', '2a5de416ac26b37cde2d07c66873931495db6da8')
9 ('bec70963ffa9f679f54323f73db3e6b76ce5865a', 'ba1077db5a59bc4cfb235aa9873207c5e5ecacb6')
9 ('3e1390b573399d44e0b59444f41c9c57a7a1bc6c', '68545edeff4a4bfc3ea2bc6b147b26bf311fb76f')
10 ('17c357a1b6ed585e3edbcbae5c3987c5eb75d362', '5ad73c0dbd5cee6da9b93688ae815be126d18f89')
10 ('480451b7bcd6c7b55d873979f854bea19941aef2', 'bec70963ffa9f679f54323f73db3e6b76ce5865a')
10 ('236a587ec10bc7c6f66e35aa76a54953eba590f6', '59ac5565051cac87789cdeb7b76e7cd280abcc99')
11 ('b813f25c0840f87891508f296e610898db926277', '480451b7bcd6c7b55d873979f854bea19941aef2')
11 ('6fd3de3797baa8b44789fd50a43b8daa5bc7fcd7', '17c357a1b6ed585e3edbcbae5c3987c5eb75d362')
11 ('7e2d18176628bbf28ee54005de3f5ae35e1ba9c7', '7c59b05efa36056fc32b2815a52b51642421517e')
12 ('bbdc4da0a647dc2ba0ef5764befa01471a1f873a', '6594aaf98c8701882f40b42f3254b736833a8c68')
12 ('17e6e64a2236a96cab8b0a698a31c8bbfb8def8e', '6e9d1341e599c9e6447bd98b6d38eeec5146b30f')
13 ('5eecd8e0c90f18151ec79e083c0249b0f9fbf05f', '0ab9d659d92f7a23902364ac3d37aafe47dda189')
13 ('fb40b902d1b010557f53ad7f8269724653066edf', 'ca729f609104a840862589756a56668815839d0a')
14 ('d5256592b85cbdd3e0734d222bb0660bd78d41eb', '1522e1ec8d4c71c2a7e1037c48f91b26fd16e3d1')
14 ('7c6c16a737fcfe176e36b1e33153e512bba5f48e', 'fb40b902d1b010557f53ad7f8269724653066edf')
15 ('ca0626d2399ef0c3b88231d0b2766388b59de682', '12d704597f488ed50c5c9952d7e66879b281ce4d')
12 ('0e512fe4be40324456c34ac455f276f6ea8daf3f', '6fd3de3797baa8b44789fd50a43b8daa5bc7fcd7')
15 ('c5a143bf0779592fbf74ca7daad87dbc56bd66d5', 'a5bd2eb040f32b2aa39166145562bbc174419f78')
16 ('973617dd6a8509ef6014cbcb2d19663a906fbf14', 'ca0626d2399ef0c3b88231d0b2766388b59de682')
13 ('e2110fb89de5b271066aa31b5dfe734779e086d2', '0e512fe4be40324456c34ac455f276f6ea8daf3f')
17 ('a1cd1000705dcef575e20fe989fd49ae724b18f4', 'efb58d73e5933c7093b61ceb1765a7411817ce3d')
14 ('4890139ad39ae959dc5b0bb9e638fc66ef702513', 'e2110fb89de5b271066aa31b5dfe734779e086d2')
16 ('7e3ac63eab9dc86f5a70b1db8d0ca96ab88b7055', 'c5a143bf0779592fbf74ca7daad87dbc56bd66d5')
18 ('b6dee93ab3aaf5ace6db73364828bbe2b8dae295', 'e2f9aaee9744140e20402b7e1ac4ee9ffba9094c')
17 ('29b983d4f4e8e43b5bedc6317e2328ff4ce8cd72', 'ba40acd201b080b8355f730fe5a9b9baf639104e')
19 ('afb4a005adb43b11ec71cd8e7ab9780864d7b156', '4ae04722e5284198d8ddb397631b4f1b633ebe8f')
15 ('3186090a6e8e85a6aff7d701b25b668aa41488ba', '4890139ad39ae959dc5b0bb9e638fc66ef702513')
18 ('0f2fffccccd7238e8522aada3a725ee1ba6ff451', '29b983d4f4e8e43b5bedc6317e2328ff4ce8cd72')
16 ('dcc81900267db66a42a1fe1013978b0e0ec074f8', '3186090a6e8e85a6aff7d701b25b668aa41488ba')
20 ('f5e8bec6f81e264c62459c4cd39af051146b7a4c', '1686cccdd04eeb06ba49e0e93b634d0a2672fb25')
19 ('6b3c1b2aebe8998296791d2cca704f09de1ed09e', '0f2fffccccd7238e8522aada3a725ee1ba6ff451')
17 ('34e2a25c3a6eed0b261c8be4b00610c6df782bc3', '8f56657333f8d13540cb678aef74471a30740204')
20 ('d6077a543143401fbb509f7cb04a337eea3d276f', '6b3c1b2aebe8998296791d2cca704f09de1ed09e')
21 ('bbcb2f67d4c3ff7c7338618b355dbf78cf9be62e', 'cc2e59aa5b9513b675c9093bfa63529e0e7ffadb')
18 ('16e6c5b4a53cf03322b8efe70be5a61f6d741acb', 'd81ef972b7a2b186d2d8782a8d696bd33752d982')
22 ('a967d73bbadaa6767a2e2bb71e5b6d0473633115', '838275948f038aa8d059a1d6f476877f03bacc8d')
19 ('63a7e1ce3f7d202d907b4227ab51e98549d91d76', 'd8b9bf762f4e926e6899c412095e9e02bab0dd98')
21 ('49a88b67d0a6731915798802f58ee0e660ce49ba', 'd6077a543143401fbb509f7cb04a337eea3d276f')
23 ('3d7bafc8a7a186dd97bc7a71de25407106712d72', '0c64f2fc929c5b716ef2d5bf230c1dacfd09a23c')
20 ('d2d80a5efc56a551d6bccb22ed56d1b31d2c7945', '30fdc638eceac6d250268e0187a29bc24cab6f05')
24 ('973180012cf129da37f3d2a922ceddc7c5cee7e3', 'b130a65ffca7d5907e33df2b52b61b0f3aab7525')
21 ('52a260e81054eec5bfd47f419537cbadc2045612', 'eb0f774e647d75f371d3f2efd48be3a53bccc164')
25 ('f2b97bf9afaba2afd39127596d6acaf47f489c8d', '4f6005e3a49e5f0d8f02e44346dc26e8a73589df')
22 ('3f013f16c6663fa023c1c64a4a291e7083712fe7', 'fc1db1171662bfd0c18099531e655bf0ba00103d')
22 ('45739cd7fce218c1c22de068117f942b06a36a21', 'a99a0de2acf66423470d49c4ff7273862bf05a03')
23 ('31ad32fd607773ac3c0d0f7fdde26591a459506e', '58e9880d3037fcbefd7923988ee0820a705de971')
26 ('e63a2a105190084d5a9f18dca97c8d86adc341f3', '73dbc29b8afc8e33f58973c36e143321dcfc8469')
23 ('577cdb3dc1f9195d2bb101b110953eee561c40e5', '63a21c261723fb76ea66962fe61d2e11c50ba12d')
24 ('bffc92136a197f0fae9feeb8db5992da6574ecfc', 'e9c8e9a1b6f0b7f24f7ac7f638e9eab74607b4db')
27 ('8c273e423b1939d44e3eca03b6dbf59d2637672c', '3ca924c40450a6ce9921756377adc1b2d73ff1d1')
24 ('6e8197b1f995e91c807d3fde67d84f1f6ddf5ae3', '577cdb3dc1f9195d2bb101b110953eee561c40e5')
25 ('c3b97b664828a8b63e44c7e7bc93d866eed449df', 'db20def1eba984409afec7d47cdb0e2831eac1a7')
28 ('aec3a8a5b9defb11e6522990eca6befb3a6916b1', '7a27d90f2990a682c120680eceed66e1f84b7016')
25 ('a0966f0f9217dd80ee2e3eed1fb5e7d0256f4aad', '30ed6a325ef4191c1cb5cce77886afed8b7259cd')
26 ('70955010ab252e74c7009f55d5e228d03394f380', 'f147c74c440c33f0c8853c182ad23949ebb5c62d')
29 ('53daaf29f0c605fb8f87cfd0ef63006a4fb03400', 'af4fbff712b77ec20cf87f6598a2c20844ae6098')
30 ('9184bd18ba72ade4cdc974d99f8251f6936418f6', '75162c7a1cab4906afc60b77a2ae89f09eca34d9')
26 ('33f01d5d3cb742931f57d14fdf3fe328b0cb85fc', '2e2c5c3fcb8d4cad899983ea9edc09c8979556f6')
31 ('bdd7d773a9c2941df69a1ef8d4d8c5a908d80dd2', 'af4fbff712b77ec20cf87f6598a2c20844ae6098')
27 ('af147ad9f282605d6bac257ed457806bc6c30037', '0e4cd99a14e4848ff08564fb8e1821207a5c17f0')
32 ('a0eb7cea19bcdeceb40ef4034d10935255b4d6e3', '2a8eee795e6609ca6cb1884f0cd91c88d25808c6')
33 ('ae28796cf493c9cd39ad5627d24c83a5fcb82b39', '49a5acbf48fa32988314aec22aceb03888bcf0ad')
27 ('b5d5fc196c9f6147fa34b0cc7f5d10ae796230e1', 'c1c7d6ba3d1d8b95096ef705a91713a817b2fff7')
28 ('33617ed3cb864a77e310bae31b3ad6470d97a65b', 'af147ad9f282605d6bac257ed457806bc6c30037')
28 ('d2858b56109222b1e60556b7fc2d3332196abe05', 'a081fb09fa8a8d88adc94fa62e680a0f1dada831')
34 ('d194a948eaf28d26d63667c6a7d953932ecc02e6', '49a5acbf48fa32988314aec22aceb03888bcf0ad')
29 ('a7a88e109d8352712a1d1fa4fe15870fe2c38e67', '499579c07536ac3a2f114026d863437756b9444a')
35 ('bc5e4972c8aff1503c1edf9b42538baebab6ff8d', '52de8cb535a284649f652fb4ec78b06ebf503a60')
36 ('2ae8b2c75b890389a43822d5535f748fe1b43c50', 'a3a976528fd46f92fb22613ae225715f8811663a')
30 ('9996cbfa17b862282fce339df9de7a1b94eb5eb6', 'a7a88e109d8352712a1d1fa4fe15870fe2c38e67')
29 ('4136fd157588b3ea64f054e82d10e4c09419deb4', '87ccc75bd6cb209ae8ce3832c9fc06e5b80a85c2')
30 ('7b0c34fe4def38191eef738ab391b7a5810bc18a', 'd1af23df9b3529071e1e0efe43d1313de94b3245')
37 ('db24b70282da6b97db69ea5d045df900a6f88c61', '0cfabbe3231eef5422a42551fad1ec91f65daff7')
31 ('8f7d7603406842de93e84f9d72a35316977de470', '0c49f520843a90675d9e7329f73fbaa576f6982a')
38 ('fe6865b5a7469261e59161cc99d126e6c9bfd61f', 'db24b70282da6b97db69ea5d045df900a6f88c61')
32 ('3546d95a67e12581c2ceafcd129f523ea87a4652', '8f7d7603406842de93e84f9d72a35316977de470')
31 ('be6bc21649f663cbe63afc2b4b8bef7a2a8f0999', '37eeac685d8d9b22962512844b7ece94f68ce568')
39 ('d0029160e626371d3d4a835b01bd8e751de6feb0', '78451b387d3c28904f63a11a98b0eed1d5fca144')
33 ('792999768052044d768c301518387b2358c567de', '3546d95a67e12581c2ceafcd129f523ea87a4652')
40 ('4b8db7139b0c87dc1590d71da6c7dce6a53ede75', 'e144ee976b1c595e487a7503f5a39b6c4b38271f')
34 ('669b35d95d03abd904abfaf4d19fff386ddce0e7', '792999768052044d768c301518387b2358c567de')
41 ('44f7066bfb0853d2a19e41aece38d1e5cf1e7aa2', '9d7ffc5447fe94fce9659eb9faf70006c603fd40')
32 ('a2cd8dd5cb3e0c8e2656f57038ff75f305d4632c', '2d40493ec17326aae92f32bf1f9cd710bc3873c7')
42 ('3936be6d4169dad7b6e46187fd7bbd5a52ab6359', '44f7066bfb0853d2a19e41aece38d1e5cf1e7aa2')
35 ('528f1a76955c233f5abb0003394249924131d055', '669b35d95d03abd904abfaf4d19fff386ddce0e7')
43 ('ba5c9db4805f97a75011eae8b86dbec3dd7eba47', '8ce190aa5738ee77c3ab3a7d16bb73868825e261')
36 ('a16ba6e7d470a31069c2057cb1e8e10e2aa6b03c', '9a7f89736b1d5363a7aa1a77ed566574bce2e995')
44 ('722b4f9b8be45113eb5228624cff14996adfd6c9', '392d2dbdc6a1e54bdd3b55372c6a1fda78af25df')
45 ('6b7489939633c483159378e9ba66912daddb8ef1', '8abaf059237d9574fbfd3be15685a519698a1711')
37 ('8bc6196ab930905ec70b5e1768002e5e0a125846', 'a830e31b8013ac9a568ef2044d48fa964bfd8b6e')
46 ('6e0d7008d86a8e826c91cde23ba2e11d95a2656e', '54716bf7b7a5d63d39bb96d3b116e70414070a55')
38 ('6d3c0e1d7d82d066185f07a2f007a313821673ac', 'fb03339a75e757d6f9268b8e935165c947dc16fc')
47 ('e55b51fe222c932bd138acd07b4a964c2aabcc4e', '5c7e2c6942a7c80d4bc1ab9cd1af8aa6e6f9a0bd')
33 ('97db4a6e9302d8bc3a97de628a7d8f6e5135c76c', 'f6c861cf967cede41af695762eb5846b2578edb0')
48 ('58609038b1e8079ef94655e795d574be69d9602b', '7dcf843800aeabdf9f3c2063989cb66962c97968')
39 ('5a660958c25b7b9eb958505596b9aa43aa412659', '6d3c0e1d7d82d066185f07a2f007a313821673ac')
34 ('8dfe1952c71ce0497b4615219b7470b536442c2b', '61734b72fdb7cf215d9574facae30a78b85b31d2')
49 ('196e014b7d3605d43b537db494b0ce2981a9e6ec', 'fe9aff0df36c3269cf4bc1c78153a27847e6784d')
35 ('69c9daf5931d27902dd2282d0e606a83bc993ead', '9964aed06e565a852fe21cfea0435f4b89e5c55d')
40 ('eb4f884263a3d27cbecc997b1b7c604eec2dfa82', '7ff6d9210d79c68c7af526fff46938eb2d0986fc')
50 ('1c3b851d42de243071f82ddd1b46533456954f1e', '69e9e47b6b32cbd2fc8dec86856761fac3de2cfc')
36 ('a11e1cca39c8b51dc5a744863ea2e2424b7a7c27', 'acb4098975f016939836d013f19a988ed673010d')
51 ('5dcd2a39087d1a9312991c0aec3a68f77de0db67', '1c3b851d42de243071f82ddd1b46533456954f1e')
52 ('8f8d4abdcb97a45dbfa70e6145ebf52a890a4d61', '5dcd2a39087d1a9312991c0aec3a68f77de0db67')
37 ('27ce14810048cf1d9f7e15ad8641aab0a3545457', '2517ee7b95a8dcfe3a252dfa11c47fce8f8146b3')
41 ('8c12feec0f0e2dc932a5c1bea109daae950fe49a', 'ac666e95683fca1a901ef7419c09a90958e9cea6')
53 ('c62af39639907765d696c0401a15d4b95be0ed6b', '54937d85e2556e5cda7394e6cf9c3d73b0294b6e')
38 ('0656b1a9d346099d3138da9d50b20c4efa1486e8', '49040ad02fba32823c6ae62c5feedc56f9ce186b')
42 ('46422edcaf3341fded09b3070675a9a25230ccf4', '0b849528e90f6dedcf5dc153ee8b3d8b514fccad')
54 ('e863dafa314b172aa51cf3c880f7cfcdd2d2be8b', '22a2de5269220e6533212d11f97e5ccef3467339')
39 ('ddd945cf3809665f7d1236822e6f6e437b58a9e2', '2d207ae53bbb9f9856f1465071e20c223eccfbe2')
55 ('62658b03b31b9efa24aadcbf1e802d4b234e90cb', 'd1cbbaa11acc6735ee51020116ae89acef0a514b')
43 ('40ec4f1da53ced232f445a3ab44eb3b274adbe75', '46422edcaf3341fded09b3070675a9a25230ccf4')
40 ('50f31349858390307bb9046da4e8883169ea82ed', '131ef2d84e6e3334f8888e2045ca2142751e8368')
56 ('1bee229e7f13d8ee8495973c7aecdda6839f8ab1', 'a99e74db81ad41ab2e430a60cc274f4c4b975f64')slurmstepd: error: *** JOB 180466 ON c8 CANCELLED AT 2020-01-15T11:58:00 ***
