2020-01-14 11:30:34 INFO: Adding repo coursera-android to work queue for ingesting
2020-01-14 11:30:34 INFO: A worker is starting scan repository: coursera-android
HEAD is now at 1573738 clean up
2020-01-14 11:30:38 INFO: Pulling latest changes from repo: coursera-android
2020-01-14 11:30:39 INFO: Done fetching.
2020-01-14 11:30:39 INFO: Getting/parsing git commits: coursera-android
2020-01-14 11:30:41 INFO: Done getting/parsing git commits.
2020-01-14 11:30:41 INFO: Saving commits to the csv...
2020-01-14 11:30:41 INFO: Done saving commits to the csv.
2020-01-14 11:30:41 INFO: A worker finished ingesting repo coursera-android
2020-01-14 11:30:41 INFO: Adding repo coursera-android to work queue for analyzing.
2020-01-14 11:30:41 INFO: Worker analyzing repository  coursera-android
2020-01-14 11:30:41 INFO: Linking 23 new corrective commits for repo coursera-android
2020-01-14 11:30:41 INFO: Linkage for commit ce98bbf80423a5e64af059c18dacdc2a8bbe3dc7
/home/smajumd3/Data_Miner/github/API_V3/commit_guru/analyzer/git_commit_linker.py:53: SettingWithCopyWarning: 
A value is trying to be set on a copy of a slice from a DataFrame

See the caveats in the documentation: http://pandas.pydata.org/pandas-docs/stable/indexing.html#indexing-view-versus-copy
  corrective_commit['linked'] = True # mark that we have linked this corrective commit.
/home/smajumd3/anaconda3/lib/python3.7/site-packages/pandas/core/series.py:1015: SettingWithCopyWarning: 
A value is trying to be set on a copy of a slice from a DataFrame

See the caveats in the documentation: http://pandas.pydata.org/pandas-docs/stable/indexing.html#indexing-view-versus-copy
  self.loc[key] = value
2020-01-14 11:30:42 INFO: Linkage for commit 75203dcf24a6758d63362569b73c81b9f995e255
2020-01-14 11:30:42 INFO: Linkage for commit ef052a4a1aaca2c7e82b8be2a3dfb25a3f17b813
2020-01-14 11:30:42 INFO: Linkage for commit 6ff4e1614b899a0acf435ee2f9594fadbdb7c6c0
2020-01-14 11:30:42 INFO: Linkage for commit ac7b9b648fcc79f5a15dae746e8c54749fde9e7b
2020-01-14 11:30:42 INFO: Linkage for commit de9727b5aeb4ae36e257c7cb589dfbb2b860c825
2020-01-14 11:30:43 INFO: Linkage for commit 627c156a41105d3a68888d1eddbc6ddfdd2ca59b
2020-01-14 11:30:43 INFO: Linkage for commit 3cec4a5f95500ef5a91d5d13101d29e5e246870b
2020-01-14 11:30:43 INFO: Linkage for commit b9b330c1cc17ee8f86dad038c4e328a371d7558f
2020-01-14 11:30:44 INFO: Linkage for commit 8adebbd2373cbc5f3cce7de66479f9fe7175674c
2020-01-14 11:30:44 INFO: Linkage for commit 586975c5bb8060ec43fb77a02ab26dafda4db962
2020-01-14 11:30:44 INFO: Linkage for commit 849a67c33f680b498a2c425818e54644f53c443e
2020-01-14 11:30:45 INFO: Linkage for commit 10530c3f3302beb7e75dbfe1928801427257845a
2020-01-14 11:30:46 INFO: Linkage for commit 54efb532b24b5b110bb34005fcb8dc7bee57c1db
2020-01-14 11:30:48 INFO: Linkage for commit ea5ee473e484562f02128568a7fd68c0a69d2acc
2020-01-14 11:30:50 INFO: Linkage for commit 36da44b40109679babbbdcfc635b436765510fbe
2020-01-14 11:30:52 INFO: Linkage for commit 811b576804f566b1fbaa3c8be4e77116557d35a5
2020-01-14 11:30:53 INFO: Linkage for commit 584d592dd4b11f313a938e063f33494925cf0b80
2020-01-14 11:30:53 INFO: Linkage for commit ca41d300a9d92d6349b0a6a2a7aa9d0b5515f45d
2020-01-14 11:30:53 INFO: Linkage for commit 6355f25cf60687face2a9837ea6ee0236df2defc
2020-01-14 11:30:53 INFO: Linkage for commit d994a651e7cd7e625b77621753f771e0c6a51de7
2020-01-14 11:30:54 INFO: Linkage for commit cc7fe42ec5268506925f814b22ef3c8371f67d0e
2020-01-14 11:32:02 INFO: Linkage for commit 9635869ede11198093250abeaa49a6626ca98145
2020-01-14 11:40:06 INFO: Linking done for repocoursera-android
its working
                       repo_name     repo_owner  ... commits defective
0               coursera-android        aporter  ...     135         9
1   Android-ObservableScrollView      ksoichiro  ...     383        80
2                         dagger         square  ...     701       144
3                        picasso         square  ...    1364       183
4                       Telegram          DrKLO  ...     342       193
5                       greenDAO     greenrobot  ...     857       195
6                    springside4     springside  ...    1074       213
7                      disruptor  LMAX-Exchange  ...     958       214
8              ActionBarSherlock    JakeWharton  ...    1480       219
9                      roboguice      roboguice  ...    1054       222
10                       Hystrix        Netflix  ...    2109       241
11          facebook-android-sdk       facebook  ...    1355       250
12                         jsoup            jhy  ...    1261       355
13                  AndroidAsync          koush  ...    1081       361
14                       metrics     dropwizard  ...    2580       429
15                         junit     junit-team  ...    2427       544
16            androidannotations        excilys  ...    2908       583
17                         zxing          zxing  ...    3521       847
18                         glide       bumptech  ...    2445       873
19                        okhttp         square  ...    4391       967
20                         guava         google  ...    5172      1348
21                        vert.x        eclipse  ...    4225      1404
22                         titan  thinkaurelius  ...    4434      1563
23                         druid        alibaba  ...    6057      1852
24                         storm         apache  ...   10192      1873
25                    realm-java          Realm  ...    8261      1912
26                         netty          netty  ...    9674      3297
27                        libgdx         libgdx  ...   13924      3678
28                     cassandra         apache  ...   24868      4155
29                        presto       facebook  ...   16688      4310

[30 rows x 9 columns]
I am here
   id  ... last_analyzed
0   1  ...          None

[1 rows x 4 columns]
The repo is: coursera-android
This is the current path: /home/smajumd3/Data_Miner/github/API_V3/commit_guru/ingester/CASRepos/git/coursera-android
working on pulling
======================== 2020-01-14 11:30:41.673173 2019-12-15 11:30:41.673160
           age  ...                                              fixes
0     0.000000  ...                                                NaN
1     0.000000  ...  ["6ff4e1614b899a0acf435ee2f9594fadbdb7c6c0", "...
2     1.645920  ...                                                NaN
3     0.000000  ...                                                NaN
4          NaN  ...                                                NaN
5    14.689971  ...                                                NaN
6    20.987317  ...                                                NaN
7    32.201782  ...                                                NaN
8    35.519734  ...                                                NaN
9     0.000000  ...                                                NaN
10    1.313623  ...                                                NaN
11         NaN  ...                                                NaN
12   42.370046  ...                                                NaN
13         NaN  ...                                                NaN
14    0.000000  ...                                                NaN
15    0.007072  ...                                                NaN
16         NaN  ...                                                NaN
17   27.776574  ...                                                NaN
18   63.040104  ...                                                NaN
19    0.002488  ...       ["3cec4a5f95500ef5a91d5d13101d29e5e246870b"]
20    0.001366  ...                                                NaN
21   17.346470  ...                                                NaN
22   47.826806  ...                                                NaN
23   32.525937  ...                                                NaN
24   42.042141  ...                                                NaN
25   35.791574  ...                                                NaN
26         NaN  ...                                                NaN
27   70.665544  ...                                                NaN
28   70.665903  ...                                                NaN
29         NaN  ...                                                NaN
..         ...  ...                                                ...
105   0.000000  ...                                                NaN
106   0.000000  ...                                                NaN
107   0.000000  ...                                                NaN
108   0.000000  ...                                                NaN
109   0.000000  ...                                                NaN
110   0.000000  ...                                                NaN
111   0.000000  ...                                                NaN
112   0.000000  ...                                                NaN
113   0.000000  ...                                                NaN
114   0.000000  ...                                                NaN
115   0.000000  ...                                                NaN
116   0.000000  ...                                                NaN
117   0.000000  ...                                                NaN
118   0.000000  ...                                                NaN
119   0.000000  ...                                                NaN
120   0.000000  ...                                                NaN
121   0.000000  ...                                                NaN
122   0.001053  ...                                                NaN
123   0.000000  ...                                                NaN
124  40.113396  ...                                                NaN
125        NaN  ...                                                NaN
126   0.001065  ...                                                NaN
127   0.007130  ...       ["cc7fe42ec5268506925f814b22ef3c8371f67d0e"]
128   0.002384  ...                                                NaN
129   0.002546  ...                                                NaN
130   0.000000  ...       ["9635869ede11198093250abeaa49a6626ca98145"]
131   0.000465  ...                                                NaN
132   0.003171  ...                                                NaN
133   0.000000  ...                                                NaN
134   0.198910  ...                                                NaN

[135 rows x 25 columns]
['80de9cf1288f6ea27c5d98cb8f9f6b26b69bcb76', 'f5ec53d30d3607b0af069980408e2748f10a563d', ['course.examples.Alarms.AlarmCreate.AlarmCreateActivity', 'course.examples.Alarms.AlarmCreate.AlarmLoggerReceiver', 'course.examples.Alarms.AlarmCreate.AlarmNotificationReceiver', 'BrowserProvider', 'DialtactsActivity', 'MediaPlaybackService', 'SmsReceiver', 'course.examples.AudioVideo.AudioManager.AudioVideoAudioManagerActivity', 'course.examples.AudioVideo.AudioRecording.AudioRecordingActivity', 'course.examples.AudioVideo.Camera.AudioVideoCameraActivity', 'course.examples.AudioVideo.Ringtone.AudioVideoRingtoneManagerActivity', 'course.examples.AudioVideo.VideoPlay.AudioVideoVideoPlayActivity', 'course.examples.Bluetooth.SetupAndTransferData.AcceptThread', 'course.examples.Bluetooth.SetupAndTransferData.ConnectThread', 'course.examples.Bluetooth.SetupAndTransferData.ConnectionThread', 'course.examples.Bluetooth.SetupAndTransferData.DataTransferActivity', 'course.examples.Bluetooth.SetupAndTransferData.ShowDevices', 'course.examples.BroadcastReceiver.CompoundBroadcast.CompoundBroadcast', 'course.examples.BroadcastReceiver.CompoundBroadcast.Receiver1', 'course.examples.BroadcastReceiver.CompoundBroadcast.Receiver2', 'course.examples.BroadcastReceiver.CompoundBroadcast.Receiver3', 'course.examples.BroadcastReceiver.CompoundOrderedBroadcast.CompoundOrderedBroadcast', 'course.examples.BroadcastReceiver.CompoundOrderedBroadcast.Receiver1', 'course.examples.BroadcastReceiver.CompoundOrderedBroadcast.Receiver2', 'course.examples.BroadcastReceiver.CompoundOrderedBroadcast.Receiver3', 'course.examples.BroadcastReceiver.CompoundOrderedBroadcast.CompoundOrderedBroadcastWithResultReceiver', 'course.examples.BroadcastReceiver.CompoundOrderedBroadcast.Receiver1', 'course.examples.BroadcastReceiver.CompoundOrderedBroadcast.Receiver2', 'course.examples.BroadcastReceiver.CompoundOrderedBroadcast.Receiver3', 'course.examples.BroadcastReceiver.SingleBroadcastDynamicRegistration.Receiver', 'course.examples.BroadcastReceiver.SingleBroadcastDynamicRegistration.SingleBroadcast', 'course.examples.BroadcastReceiver.singleBroadcastStaticRegistration.Receiver', 'course.examples.BroadcastReceiver.singleBroadcastStaticRegistration.SimpleBroadcast', 'course.examples.BroadcastReceiver.StickyIntent.StickyIntentBroadcastReceiverActivity', 'course.examples.checkIntents.CheckActivityIntents', 'course.examples.checkBroadcastIntents.CheckBroadcastIntents', 'course.examples.ContentProviders.StringContentProvider.DataContract', 'course.examples.ContentProviders.StringContentProvider.DataRecord', 'course.examples.ContentProviders.StringContentProvider.StringsContentProvider', 'course.examples.ContentProviders.StringContentProvider.DataContract', 'course.examples.ContentProviders.StringContentProviderUser.CustomContactProviderDemo', 'course.examples.ContentProviders.ContactsList.ContactsListExample', 'course.examples.ContentProviders.ContactsList.ContactInfo', 'course.examples.ContentProviders.ContactsList.ContactInfoListAdapter', 'course.examples.ContentProviders.ContactsList.ContactsListExample', 'course.examples.ContentProviders.ContactsListInsertContacts.DisplayActivity', 'course.examples.ContentProviders.ContactsListInsertContacts.InsertActivity', 'course.examples.ContentProviders.ContactsListWithAdapter.ContactInfo', 'course.examples.ContentProviders.ContactsListWithAdapter.ContactInfoListAdapter', 'course.examples.ContentProviders.ContactsListWithAdapter.ContactsListExample', 'course.examples.DataManagement.FileExternal.ExternalFileWriteReadActivity', 'course.examples.DataManagement.FileInternal.InternalFileWriteReadActivity', 'course.examples.DataManagement.PreferenceActivity.PreferencesActivityExample', 'course.examples.DataManagement.PreferenceActivity.ViewAndUpdatePreferencesActivity', 'course.examples.DataManagement.DataBaseExample.DatabaseExampleActivity', 'course.examples.DataManagement.DataBaseExample.DatabaseOpenHelper', 'course.examples.DataManagement.SharedPreferences.SharedPreferenceReadWriteActivity', 'course.examples.Fragments.DynamicLayout.QuoteViewerActivity', 'course.examples.Fragments.DynamicLayout.QuotesFragment', 'course.examples.Fragments.DynamicLayout.TitlesFragment', 'course.examples.UI.FragmentActionBar.QuoteFragment', 'course.examples.UI.FragmentActionBar.QuoteViewerActivity', 'course.examples.UI.FragmentActionBar.TitlesFragment', 'course.examples.Fragments.ProgrammaticLayout.QuoteViewerActivity', 'course.examples.Fragments.ProgrammaticLayout.QuotesFragment', 'course.examples.Fragments.ProgrammaticLayout.TitlesFragment', 'course.examples.quoteviewer.QuoteListActivity', 'course.examples.quoteviewer.TitlesListActivity', 'course.examples.Fragments.StaticConfigLayout.QuoteViewerActivity', 'course.examples.Fragments.StaticConfigLayout.QuotesFragment', 'course.examples.Fragments.StaticConfigLayout.TitlesFragment', 'course.examples.Fragments.StaticLayout.QuoteViewerActivity', 'course.examples.Fragments.StaticLayout.QuotesFragment', 'course.examples.Fragments.StaticLayout.TitlesFragment', 'course.examples.Graphics.BubbleProgram.BubbleActivity', 'course.examples.Graphics.BubbleProgramXML.BubbleActivity', 'course.examples.Graphics.CanvasBubble.BubbleActivity', 'course.examples.Graphics.CanvasBubble.Coords', 'course.examples.Graphics.CanvasBubbleSurfaceView.BubbleActivity', 'course.examples.Graphics.FrameAnimation.GraphicsFrameAnimationActivity', 'course.examples.Graphics.Paint.GraphicsPaintActivity', 'course.examples.Graphics.ShapeDraw.ShapeDrawActivity', 'course.examples.Graphics.ShapeDrawXML.ShapeDrawActivity', 'course.examples.Graphics.TransitionDrawable.TransitionDrawableActivity', 'course.examples.Graphics.TweenAnimation.GraphicsTweenAnimationActivity', 'course.examples.graphics.objectpropertyanimator.ValueAnimatorActivity', 'course.examples.Graphics.ViewPropertyAnimator.GraphicsViewPropertyAnimatorActivity', 'course.examples.HelloWorld.HelloWorld.HelloAndroid', 'course.examples.HelloWorld.HelloWorld.test.HelloAndroidTest', 'course.examples.helloWorldWithLogin.HelloAndroid', 'course.examples.helloWorldWithLogin.LoginScreen', 'course.examples.UI.MenuExample.HelloAndroidWithMenuActivity', 'course.examples.HelloWorldTabWidget.AlbumsActivity', 'course.examples.HelloWorldTabWidget.ArtistsActivity', 'course.examples.HelloWorldTabWidget.HelloTabWidget', 'course.examples.HelloWorldTabWidget.SongsActivity', 'course.examples.Location.GetLocation.LocationGetLocationActivity', 'course.examples.Location.GetLocation.LocationGetLocationActivity', 'course.examples.Services.LocalLoggingService.LoggingService', 'course.examples.Services.LocalLoggingService.LoggingServiceClient', 'course.examples.Services.LoggingServiceWithMessenger.LoggingService', 'course.examples.Services.LoggingServiceWithMessengerClient.LoggingServiceClient', 'course.examples.Maps.EarthQuakeMap.EarthQuakeRec', 'course.examples.Maps.EarthQuakeMap.JSONResponseHandler', 'course.examples.Maps.EarthQuakeMap.MapsEarthquakeMapActivity', 'course.examples.MapLocation.MapLocation', 'course.examples.MapLocationFromContacts.MapLocationFromContactsActivity', 'course.examples.Services.MusicService.MusicService', 'course.examples.Services.MusicService.MusicServiceClient', 'course.examples.Networking.AndroidHttpClient.NetworkingAndroidHttpClientActivity', 'course.examples.Networking.AndroidHttpClientJSON.MainActivity', 'course.examples.Networking.AndroidHttpClientJSON.NetworkingAndroidHttpClientJSONActivity', 'course.examples.Networking.AndroidHttpClientXML.MainActivity', 'course.examples.Networking.AndroidHttpClientXML.NetworkingAndroidHttpClientXMLActivity', 'course.examples.Networking.AndroidHttpClientXML.XMLResponseHandler', 'course.examples.Networking.Sockets.NetworkingSocketsActivity', 'course.examples.Networking.URL.NetworkingURLActivity', 'course.examples.Notification.StatusBar.NotificationStatusBarActivity', 'course.examples.Notification.StatusBar.NotificationSubActivity', 'course.examples.Notification.StatusBarWithCustomView.NotificationStatusBarWithCustomViewActivity', 'course.examples.Notification.StatusBarWithCustomView.NotificationSubActivity', 'course.examples.Notification.Toast.NotificationToastActivity', 'course.examples.Notification.ToastWithCustomView.NotificationToastActivity', 'course.examples.permissionexample.boom.BoomActivity', 'course.examples.permissionexample.boomUser.BoomUserActivity', 'course.examples.compass.CompassActivity', 'course.examples.Sensors.ShowValues.SensorFilteredValuesActivity', 'course.examples.Sensors.ShowValues.SensorRawAccelerometerActivity', 'course.examples.Services.KeyClient.KeyServiceUser', 'course.examples.Services.KeyCommon.KeyGenerator', 'course.examples.Services.KeyCommon.KeyGenerator', 'course.examples.Services.KeyService.KeyGeneratorImpl', 'course.examples.theanswer.TheAnswer', 'course.examples.Threading.ThreadingAsyncTask.AsyncTaskActivity', 'course.examples.Threading.ThreadingHandlerMessages.HandlerMessagesActivity', 'course.examples.Threading.ThreadingHandlerRunnable.HandlerRunnableActivity', 'course.examples.Threading.NoThreading.NoThreadingExample', 'course.examples.Threading.ThreadingRunOnUiThread.SimpleThreadingExample', 'course.examples.Threading.ThreadingSimple.SimpleThreadingExample', 'course.examples.Threading.ThreadingViewPost.SimpleThreadingViewPostActivity', 'course.examples.touch.ViewTransitions.ViewFlipperTestActivity', 'course.examples.touch.Gestures.GesturesActivity', 'course.examples.Touch.LocateTouch.IndicateTouchLocationActivity', 'course.examples.UI.AlertDialog.AlertDialogActivity', 'course.examples.UI.AutoComplete.AutoCompleteActivity', 'course.examples.UI.Button.ButtonActivity', 'course.examples.UI.CheckBox.CheckBoxActivity', 'course.examples.UI.datepicker.DatePickerActivity', 'course.examples.UI.Gallery.GalleryActivity', 'course.examples.UI.MapView.GoogleMapActivity', 'course.examples.UI.GridLayout.GridLayoutActivity', 'course.examples.UI.GridLayout.ImageAdapter', 'course.examples.UI.GridLayout.ImageViewActivity', 'course.examples.UI.LinearLayout.LinearLayoutActivity', 'course.examples.UI.ListLayout.ListViewActivity', 'course.examples.UI.RadioGroup.RadioGroupActivity', 'course.examples.UI.RatingsBar.RatingsBarActivity', 'course.examples.UI.RelativeLayout.RelativeLayoutActivity', 'course.examples.UI.sampler.SamplerActivity', 'course.examples.UI.Spinner.SpinnerActivity', 'course.examples.UI.TabLayout.GridFragment', 'course.examples.UI.TabLayout.ImageAdapter', 'course.examples.UI.TabLayout.ImageViewActivity', 'course.examples.UI.TabLayout.TabLayoutActivity', 'course.examples.UI.TableLayout.TableLayoutActivity', 'course.examples.UI.timepicker.TimePickerActivity', 'course.examples.UI.ToggleButton.ToggleButtonActivity', 'course.examples.UI.WebView.WebViewActivity', 'android.UnusedStub']]
pygit2.Repository('/home/smajumd3/Data_Miner/github/API_V3/commit_guru/ingester/CASRepos/git/coursera-android/.git/')
9
0 ('80de9cf1288f6ea27c5d98cb8f9f6b26b69bcb76', 'f5ec53d30d3607b0af069980408e2748f10a563d')
und create -languages Java add /home/smajumd3/Data_Miner/github/API_V3/commit_guru/ingester/CASRepos/git/coursera-android analyze /home/smajumd3/Data_Miner/github/API_V3/.temp/udb/coursera-android_buggy.udb
und create -languages Java add /home/smajumd3/Data_Miner/github/API_V3/commit_guru/ingester/CASRepos/git/coursera-android analyze /home/smajumd3/Data_Miner/github/API_V3/.temp/udb/coursera-android_clean.udb
1 ('f9460dd5ffa48daa1d01b7f97c2ce20d9adeb33b', '627c156a41105d3a68888d1eddbc6ddfdd2ca59b')
und create -languages Java add /home/smajumd3/Data_Miner/github/API_V3/commit_guru/ingester/CASRepos/git/coursera-android analyze /home/smajumd3/Data_Miner/github/API_V3/.temp/udb/coursera-android_buggy.udb
und create -languages Java add /home/smajumd3/Data_Miner/github/API_V3/commit_guru/ingester/CASRepos/git/coursera-android analyze /home/smajumd3/Data_Miner/github/API_V3/.temp/udb/coursera-android_clean.udb
2 ('362787693eae42ed0b510b8c13d797638bf48662', 'a2834c38adaeedd5064ae9c75923b38b22034ddb')
und create -languages Java add /home/smajumd3/Data_Miner/github/API_V3/commit_guru/ingester/CASRepos/git/coursera-android analyze /home/smajumd3/Data_Miner/github/API_V3/.temp/udb/coursera-android_buggy.udb
und create -languages Java add /home/smajumd3/Data_Miner/github/API_V3/commit_guru/ingester/CASRepos/git/coursera-android analyze /home/smajumd3/Data_Miner/github/API_V3/.temp/udb/coursera-android_clean.udb
3 ('2d7698d45323d655c3b4f3318fc0a7adab68b80e', '8adebbd2373cbc5f3cce7de66479f9fe7175674c')
und create -languages Java add /home/smajumd3/Data_Miner/github/API_V3/commit_guru/ingester/CASRepos/git/coursera-android analyze /home/smajumd3/Data_Miner/github/API_V3/.temp/udb/coursera-android_buggy.udb
und create -languages Java add /home/smajumd3/Data_Miner/github/API_V3/commit_guru/ingester/CASRepos/git/coursera-android analyze /home/smajumd3/Data_Miner/github/API_V3/.temp/udb/coursera-android_clean.udb
4 ('734724d79cb31406bff2046b201e9250d3419dfb', 'd0e672cbbcbb9910733e7177c5a8ffaca69be148')
und create -languages Java add /home/smajumd3/Data_Miner/github/API_V3/commit_guru/ingester/CASRepos/git/coursera-android analyze /home/smajumd3/Data_Miner/github/API_V3/.temp/udb/coursera-android_buggy.udb
und create -languages Java add /home/smajumd3/Data_Miner/github/API_V3/commit_guru/ingester/CASRepos/git/coursera-android analyze /home/smajumd3/Data_Miner/github/API_V3/.temp/udb/coursera-android_clean.udb
5 ('f63fa9235ea6cf8d5084635d6d3d617b283f6da9', 'f4c83e11fb07300498a2bc2ac1c932c7c4db7abb')
und create -languages Java add /home/smajumd3/Data_Miner/github/API_V3/commit_guru/ingester/CASRepos/git/coursera-android analyze /home/smajumd3/Data_Miner/github/API_V3/.temp/udb/coursera-android_buggy.udb
und create -languages Java add /home/smajumd3/Data_Miner/github/API_V3/commit_guru/ingester/CASRepos/git/coursera-android analyze /home/smajumd3/Data_Miner/github/API_V3/.temp/udb/coursera-android_clean.udb
6 ('ba37b4ed594eff674dad1c51a1306aa49e98646e', 'f63fa9235ea6cf8d5084635d6d3d617b283f6da9')
und create -languages Java add /home/smajumd3/Data_Miner/github/API_V3/commit_guru/ingester/CASRepos/git/coursera-android analyze /home/smajumd3/Data_Miner/github/API_V3/.temp/udb/coursera-android_buggy.udb
und create -languages Java add /home/smajumd3/Data_Miner/github/API_V3/commit_guru/ingester/CASRepos/git/coursera-android analyze /home/smajumd3/Data_Miner/github/API_V3/.temp/udb/coursera-android_clean.udb
7 ('43819d5955fcc82ae49381beab998e69a3eff8c3', 'd994a651e7cd7e625b77621753f771e0c6a51de7')
und create -languages Java add /home/smajumd3/Data_Miner/github/API_V3/commit_guru/ingester/CASRepos/git/coursera-android analyze /home/smajumd3/Data_Miner/github/API_V3/.temp/udb/coursera-android_buggy.udb
und create -languages Java add /home/smajumd3/Data_Miner/github/API_V3/commit_guru/ingester/CASRepos/git/coursera-android analyze /home/smajumd3/Data_Miner/github/API_V3/.temp/udb/coursera-android_clean.udb
8 ('9a55c8988e378c46fd53eb274d2315a8dd6e793e', 'cc7fe42ec5268506925f814b22ef3c8371f67d0e')
und create -languages Java add /home/smajumd3/Data_Miner/github/API_V3/commit_guru/ingester/CASRepos/git/coursera-android analyze /home/smajumd3/Data_Miner/github/API_V3/.temp/udb/coursera-android_buggy.udb
und create -languages Java add /home/smajumd3/Data_Miner/github/API_V3/commit_guru/ingester/CASRepos/git/coursera-android analyze /home/smajumd3/Data_Miner/github/API_V3/.temp/udb/coursera-android_clean.udb
