its working
I am here
root: /home/smajumd3/Data_Miner/github/API_V3
9
0 coursera-android ('80de9cf1288f6ea27c5d98cb8f9f6b26b69bcb76', 'f5ec53d30d3607b0af069980408e2748f10a563d')
1 coursera-android ('f9460dd5ffa48daa1d01b7f97c2ce20d9adeb33b', '627c156a41105d3a68888d1eddbc6ddfdd2ca59b')
2 coursera-android ('362787693eae42ed0b510b8c13d797638bf48662', 'a2834c38adaeedd5064ae9c75923b38b22034ddb')
3 coursera-android ('2d7698d45323d655c3b4f3318fc0a7adab68b80e', '8adebbd2373cbc5f3cce7de66479f9fe7175674c')
4 coursera-android ('734724d79cb31406bff2046b201e9250d3419dfb', 'd0e672cbbcbb9910733e7177c5a8ffaca69be148')
5 coursera-android ('f63fa9235ea6cf8d5084635d6d3d617b283f6da9', 'f4c83e11fb07300498a2bc2ac1c932c7c4db7abb')
6 coursera-android ('ba37b4ed594eff674dad1c51a1306aa49e98646e', 'f63fa9235ea6cf8d5084635d6d3d617b283f6da9')
7 coursera-android ('43819d5955fcc82ae49381beab998e69a3eff8c3', 'd994a651e7cd7e625b77621753f771e0c6a51de7')
8 coursera-android ('9a55c8988e378c46fd53eb274d2315a8dd6e793e', 'cc7fe42ec5268506925f814b22ef3c8371f67d0e')
I am here
root: /home/smajumd3/Data_Miner/github/API_V3
80
0 Android-ObservableScrollView ('af5efdad02535193d4e3e752f0ffd70495455a47', '35a7ecaf60aeb1dae62e6c14ae1a0f3fcc75708a')
1 Android-ObservableScrollView ('bc3320c709e58c9013effd937357085ed95b6c55', 'af5efdad02535193d4e3e752f0ffd70495455a47')
2 Android-ObservableScrollView ('672cf5886b05110f84647f4fe75c21a46ebfc49c', '867d90b3d6ec95f7b348fb6a6dc186b25add3792')
3 Android-ObservableScrollView ('fa9009fe1b754c1f1963a6ba8b4414b0b968d887', '672cf5886b05110f84647f4fe75c21a46ebfc49c')
4 Android-ObservableScrollView ('1b847101fa5d0acf880fb640094662b725aca838', 'fa9009fe1b754c1f1963a6ba8b4414b0b968d887')
5 Android-ObservableScrollView ('a07f265d8c1027d050658e1addcb8d9ca41cc7db', 'e8d54df7f454e92b1c6ce7048bca351b7b57d66a')
6 Android-ObservableScrollView ('8766612beb06d32fa2c1169768557f2d234d770c', '9f69acf73e3945c6030eb839e9bf425449d552f1')
7 Android-ObservableScrollView ('c3be55068f7ce5b08b9d0c10c953e1767d8c874f', '9bce4bd196cac330de7bcc7a9591df6317cb7043')
8 Android-ObservableScrollView ('ad2356dca5d770d89d81061347d282f01266e5dd', 'f9e527dd8271f4970251f5690ed3bcfd9ae830df')
9 Android-ObservableScrollView ('3e1390b573399d44e0b59444f41c9c57a7a1bc6c', '68545edeff4a4bfc3ea2bc6b147b26bf311fb76f')
10 Android-ObservableScrollView ('236a587ec10bc7c6f66e35aa76a54953eba590f6', '59ac5565051cac87789cdeb7b76e7cd280abcc99')
11 Android-ObservableScrollView ('7e2d18176628bbf28ee54005de3f5ae35e1ba9c7', '7c59b05efa36056fc32b2815a52b51642421517e')
12 Android-ObservableScrollView ('17e6e64a2236a96cab8b0a698a31c8bbfb8def8e', '6e9d1341e599c9e6447bd98b6d38eeec5146b30f')
13 Android-ObservableScrollView ('fb40b902d1b010557f53ad7f8269724653066edf', 'ca729f609104a840862589756a56668815839d0a')
14 Android-ObservableScrollView ('7c6c16a737fcfe176e36b1e33153e512bba5f48e', 'fb40b902d1b010557f53ad7f8269724653066edf')
15 Android-ObservableScrollView ('c5a143bf0779592fbf74ca7daad87dbc56bd66d5', 'a5bd2eb040f32b2aa39166145562bbc174419f78')
16 Android-ObservableScrollView ('7e3ac63eab9dc86f5a70b1db8d0ca96ab88b7055', 'c5a143bf0779592fbf74ca7daad87dbc56bd66d5')
17 Android-ObservableScrollView ('29b983d4f4e8e43b5bedc6317e2328ff4ce8cd72', 'ba40acd201b080b8355f730fe5a9b9baf639104e')
18 Android-ObservableScrollView ('0f2fffccccd7238e8522aada3a725ee1ba6ff451', '29b983d4f4e8e43b5bedc6317e2328ff4ce8cd72')
19 Android-ObservableScrollView ('6b3c1b2aebe8998296791d2cca704f09de1ed09e', '0f2fffccccd7238e8522aada3a725ee1ba6ff451')
20 Android-ObservableScrollView ('d6077a543143401fbb509f7cb04a337eea3d276f', '6b3c1b2aebe8998296791d2cca704f09de1ed09e')
21 Android-ObservableScrollView ('49a88b67d0a6731915798802f58ee0e660ce49ba', 'd6077a543143401fbb509f7cb04a337eea3d276f')
22 Android-ObservableScrollView ('45739cd7fce218c1c22de068117f942b06a36a21', 'a99a0de2acf66423470d49c4ff7273862bf05a03')
23 Android-ObservableScrollView ('577cdb3dc1f9195d2bb101b110953eee561c40e5', '63a21c261723fb76ea66962fe61d2e11c50ba12d')
24 Android-ObservableScrollView ('6e8197b1f995e91c807d3fde67d84f1f6ddf5ae3', '577cdb3dc1f9195d2bb101b110953eee561c40e5')
25 Android-ObservableScrollView ('a0966f0f9217dd80ee2e3eed1fb5e7d0256f4aad', '30ed6a325ef4191c1cb5cce77886afed8b7259cd')
26 Android-ObservableScrollView ('33f01d5d3cb742931f57d14fdf3fe328b0cb85fc', '2e2c5c3fcb8d4cad899983ea9edc09c8979556f6')
27 Android-ObservableScrollView ('af147ad9f282605d6bac257ed457806bc6c30037', '0e4cd99a14e4848ff08564fb8e1821207a5c17f0')
28 Android-ObservableScrollView ('33617ed3cb864a77e310bae31b3ad6470d97a65b', 'af147ad9f282605d6bac257ed457806bc6c30037')
29 Android-ObservableScrollView ('a7a88e109d8352712a1d1fa4fe15870fe2c38e67', '499579c07536ac3a2f114026d863437756b9444a')
30 Android-ObservableScrollView ('9996cbfa17b862282fce339df9de7a1b94eb5eb6', 'a7a88e109d8352712a1d1fa4fe15870fe2c38e67')
31 Android-ObservableScrollView ('8f7d7603406842de93e84f9d72a35316977de470', '0c49f520843a90675d9e7329f73fbaa576f6982a')
32 Android-ObservableScrollView ('3546d95a67e12581c2ceafcd129f523ea87a4652', '8f7d7603406842de93e84f9d72a35316977de470')
33 Android-ObservableScrollView ('792999768052044d768c301518387b2358c567de', '3546d95a67e12581c2ceafcd129f523ea87a4652')
34 Android-ObservableScrollView ('669b35d95d03abd904abfaf4d19fff386ddce0e7', '792999768052044d768c301518387b2358c567de')
35 Android-ObservableScrollView ('528f1a76955c233f5abb0003394249924131d055', '669b35d95d03abd904abfaf4d19fff386ddce0e7')
36 Android-ObservableScrollView ('a16ba6e7d470a31069c2057cb1e8e10e2aa6b03c', '9a7f89736b1d5363a7aa1a77ed566574bce2e995')
37 Android-ObservableScrollView ('8bc6196ab930905ec70b5e1768002e5e0a125846', 'a830e31b8013ac9a568ef2044d48fa964bfd8b6e')
38 Android-ObservableScrollView ('6d3c0e1d7d82d066185f07a2f007a313821673ac', 'fb03339a75e757d6f9268b8e935165c947dc16fc')
39 Android-ObservableScrollView ('5a660958c25b7b9eb958505596b9aa43aa412659', '6d3c0e1d7d82d066185f07a2f007a313821673ac')
40 Android-ObservableScrollView ('eb4f884263a3d27cbecc997b1b7c604eec2dfa82', '7ff6d9210d79c68c7af526fff46938eb2d0986fc')
41 Android-ObservableScrollView ('8c12feec0f0e2dc932a5c1bea109daae950fe49a', 'ac666e95683fca1a901ef7419c09a90958e9cea6')
42 Android-ObservableScrollView ('46422edcaf3341fded09b3070675a9a25230ccf4', '0b849528e90f6dedcf5dc153ee8b3d8b514fccad')
43 Android-ObservableScrollView ('40ec4f1da53ced232f445a3ab44eb3b274adbe75', '46422edcaf3341fded09b3070675a9a25230ccf4')
44 Android-ObservableScrollView ('3e7cdd172570bdd127afd2d43befa6e8af215cc2', 'da6ee00c8af59b207d2750c7cbac3ccdba709866')
45 Android-ObservableScrollView ('28b59b34ac9e7051c3a4bbd56008fe441d9444e0', 'ae1f59200cb24713e3ef78e94b540a74a345d23e')
46 Android-ObservableScrollView ('a349a5f2232191864f3e16705c87cdb54da3373e', '28b59b34ac9e7051c3a4bbd56008fe441d9444e0')
47 Android-ObservableScrollView ('6f7e3a86f0bde6038710d413ca0ec8b0bb55a61d', '115ca0edbec2107c4189c0d1decb0787bab3c3f2')
48 Android-ObservableScrollView ('10e84f62bb23824396dd2c3d085c44b41f06467a', '6f7e3a86f0bde6038710d413ca0ec8b0bb55a61d')
49 Android-ObservableScrollView ('9a8c44f88983b004d942ec1c26ea1db99abc1767', '10e84f62bb23824396dd2c3d085c44b41f06467a')
50 Android-ObservableScrollView ('4eca3e11ad0610aa19dc515f80a12e50b8791f29', 'f950226b21f06d48705f6d4e1f9d317a31ffa562')
51 Android-ObservableScrollView ('eed4a81b82e341eda8ae3a48875e652cda386d4e', '4eca3e11ad0610aa19dc515f80a12e50b8791f29')
52 Android-ObservableScrollView ('39c1807a76762e12b30a111abd0a618f839feb5a', 'c0d7de289eb178c55dd9166889440ec29da2e93c')
53 Android-ObservableScrollView ('fdba95a43afc4f4737f10a06f86e60751ecd2b25', 'cc883e080140083842c917c23b6e392fe0265dd2')
54 Android-ObservableScrollView ('379c6ceba3aacc323832d5695d6a02aca1ca3665', 'a44b83570ae486ae8762a50db6e5941c333167c3')
55 Android-ObservableScrollView ('fe83197cffb0d421020287b40e3f6e221c914edb', '04c8ebb18ebebd369f97590f6d98e02a82495886')
56 Android-ObservableScrollView ('cb3d9713d4622f3c5ce41cb15883cc71532fb5ac', 'fe83197cffb0d421020287b40e3f6e221c914edb')
57 Android-ObservableScrollView ('3633f1408f223509bc1f16d08d55a7819209247a', 'cef0f1c53b7c466358fbb276c354e571da638cec')
58 Android-ObservableScrollView ('8139aa04f335f2855357d608c7653f67e25644b1', '3c65189f6d852e57b727cfec59da882f15c7cc6f')
59 Android-ObservableScrollView ('a552cb111a695ea69d63a152d2b0d51f6ac818ae', 'afcad795a229d2ca1a68fbd4a13a996a80a54286')
60 Android-ObservableScrollView ('9fc4412be081b299c42a9fd267e58fa13a39b220', 'afcad795a229d2ca1a68fbd4a13a996a80a54286')
61 Android-ObservableScrollView ('e21f35600a6eeb19e99dcd0b86bf379321b957c4', '3e91dd48b46e58c9fbd1e82900903cc55cc84a7e')
62 Android-ObservableScrollView ('814c079d8c845fcfecca0c70a6ddfe6f577612d4', '2a598547dd5770b931da33854f4e9d3c7599f82f')
63 Android-ObservableScrollView ('8013519189c6034fa91c9d3de0a66687c1d62a67', '199373fd469cc2fdb91844cb8f55d854ab73f595')
64 Android-ObservableScrollView ('75377c5476589405fafde65437070fa7eed0f669', '8013519189c6034fa91c9d3de0a66687c1d62a67')
65 Android-ObservableScrollView ('fd5f59fae789c876872be0a97ced3bd23d06c286', '75377c5476589405fafde65437070fa7eed0f669')
66 Android-ObservableScrollView ('0853ab8d8595ea999ab2f496c811974ce45352da', '854b684019642fb02cafa6284fa5c924a80149af')
67 Android-ObservableScrollView ('31cab6563f097b957f0dc34a36dc604741494c2c', '0853ab8d8595ea999ab2f496c811974ce45352da')
68 Android-ObservableScrollView ('554e33d278df6ec406e081bd31fff1a7fc6eb123', '31cab6563f097b957f0dc34a36dc604741494c2c')
69 Android-ObservableScrollView ('b56552270ead6ccf815abbff55e94784cd172515', 'e308b602aa753d0ef91db524761bebafa6345ba1')
70 Android-ObservableScrollView ('1d9f68e375a25abcc4f80eb7bb601b1dc325d7c7', 'c76542956e514414b265c1dec5cfbbefc46e8870')
71 Android-ObservableScrollView ('ad159b5c988f4829116024d05a1eae9afbc65717', '1d9f68e375a25abcc4f80eb7bb601b1dc325d7c7')
72 Android-ObservableScrollView ('3effb9c7962a411d7fb2c8323a37e5c92c68ffeb', 'ad159b5c988f4829116024d05a1eae9afbc65717')
73 Android-ObservableScrollView ('cfb3ae7dd438d20b13d3cb65300503e1f0a913aa', 'db593e383c2ba90d75c009ca54cf6417c7fecedf')
74 Android-ObservableScrollView ('bcfee364d38d6daea37d4be15ecb365bc259a30f', 'cfb3ae7dd438d20b13d3cb65300503e1f0a913aa')
75 Android-ObservableScrollView ('177d642432bba3a1a5255b6e31aae001369f7881', '2004a41870012be3d92df5469ae041de048db8ec')
76 Android-ObservableScrollView ('d6c8a3ead51e65c7b719f4485040964e41b58f9f', 'b24a12eeeee1adaa54eb7002bb00ce4e87c1103d')
77 Android-ObservableScrollView ('1bf12c6c14b973905481b2f7d4dc419abff79d05', '29d35e646eafef1ec9f1bd475b81b217b415aab2')
78 Android-ObservableScrollView ('33f600467ac632e8f521d21e9cc2d04d6b93a136', 'a85c1b1b611377998668b3cfb6282a00a2ccc895')
79 Android-ObservableScrollView ('d19cb44726a15cd03e4d9fdba551fc9c78634b25', 'c235e2d8a4a4d0e02dc9931d8077d012a87ad60b')
I am here
root: /home/smajumd3/Data_Miner/github/API_V3
144
0 dagger ('04892c03bad8cc45a3c509880c33e7f1d41f5a47', '70eee483d7b2cde633f2ff93fbe9b73c5612ce2b')
1 dagger ('7a2cbad99a0e929a03f3eb3d179810bbad6d0d72', '42be55b71f7898a7ecdc55d237bce3f16f7579a6')
2 dagger ('249a8666c8ca2647c7099ba525b1b7694053bcdd', '7a2cbad99a0e929a03f3eb3d179810bbad6d0d72')
3 dagger ('576136ba600e81192960350f58503dfed9d824f4', 'b24e44abb9131dba0fe75558ae87a5abc70c3043')
4 dagger ('2ecf2ed141990194e89d88f7d159aca86a39c5aa', '7bfacddcd803cc29eae75b2989288b21a76d5242')
5 dagger ('4b36a047186a364212f3c3226f4c3146e310dfd2', '2ecf2ed141990194e89d88f7d159aca86a39c5aa')
6 dagger ('5482a558d307625316cbf3a145af45ee8b67925a', '4b36a047186a364212f3c3226f4c3146e310dfd2')
7 dagger ('733a7f6431616202b248adc6cf9d619bd4750162', '5482a558d307625316cbf3a145af45ee8b67925a')
8 dagger ('2a5de416ac26b37cde2d07c66873931495db6da8', '733a7f6431616202b248adc6cf9d619bd4750162')
9 dagger ('5ad73c0dbd5cee6da9b93688ae815be126d18f89', '2a5de416ac26b37cde2d07c66873931495db6da8')
10 dagger ('17c357a1b6ed585e3edbcbae5c3987c5eb75d362', '5ad73c0dbd5cee6da9b93688ae815be126d18f89')
11 dagger ('6fd3de3797baa8b44789fd50a43b8daa5bc7fcd7', '17c357a1b6ed585e3edbcbae5c3987c5eb75d362')
12 dagger ('0e512fe4be40324456c34ac455f276f6ea8daf3f', '6fd3de3797baa8b44789fd50a43b8daa5bc7fcd7')
13 dagger ('e2110fb89de5b271066aa31b5dfe734779e086d2', '0e512fe4be40324456c34ac455f276f6ea8daf3f')
14 dagger ('4890139ad39ae959dc5b0bb9e638fc66ef702513', 'e2110fb89de5b271066aa31b5dfe734779e086d2')
15 dagger ('3186090a6e8e85a6aff7d701b25b668aa41488ba', '4890139ad39ae959dc5b0bb9e638fc66ef702513')
16 dagger ('dcc81900267db66a42a1fe1013978b0e0ec074f8', '3186090a6e8e85a6aff7d701b25b668aa41488ba')
17 dagger ('34e2a25c3a6eed0b261c8be4b00610c6df782bc3', '8f56657333f8d13540cb678aef74471a30740204')
18 dagger ('16e6c5b4a53cf03322b8efe70be5a61f6d741acb', 'd81ef972b7a2b186d2d8782a8d696bd33752d982')
19 dagger ('63a7e1ce3f7d202d907b4227ab51e98549d91d76', 'd8b9bf762f4e926e6899c412095e9e02bab0dd98')
20 dagger ('d2d80a5efc56a551d6bccb22ed56d1b31d2c7945', '30fdc638eceac6d250268e0187a29bc24cab6f05')
21 dagger ('52a260e81054eec5bfd47f419537cbadc2045612', 'eb0f774e647d75f371d3f2efd48be3a53bccc164')
22 dagger ('3f013f16c6663fa023c1c64a4a291e7083712fe7', 'fc1db1171662bfd0c18099531e655bf0ba00103d')
23 dagger ('31ad32fd607773ac3c0d0f7fdde26591a459506e', '58e9880d3037fcbefd7923988ee0820a705de971')
24 dagger ('bffc92136a197f0fae9feeb8db5992da6574ecfc', 'e9c8e9a1b6f0b7f24f7ac7f638e9eab74607b4db')
25 dagger ('c3b97b664828a8b63e44c7e7bc93d866eed449df', 'db20def1eba984409afec7d47cdb0e2831eac1a7')
26 dagger ('70955010ab252e74c7009f55d5e228d03394f380', 'f147c74c440c33f0c8853c182ad23949ebb5c62d')
27 dagger ('b5d5fc196c9f6147fa34b0cc7f5d10ae796230e1', 'c1c7d6ba3d1d8b95096ef705a91713a817b2fff7')
28 dagger ('d2858b56109222b1e60556b7fc2d3332196abe05', 'a081fb09fa8a8d88adc94fa62e680a0f1dada831')
29 dagger ('bcc571d751514f5e1fe7489691c6403f2e3577f8', 'cd37edbc0f930888e17c6874b3d1dbcef0b0a7d3')
30 dagger ('4136fd157588b3ea64f054e82d10e4c09419deb4', '87ccc75bd6cb209ae8ce3832c9fc06e5b80a85c2')
31 dagger ('7b0c34fe4def38191eef738ab391b7a5810bc18a', 'd1af23df9b3529071e1e0efe43d1313de94b3245')
32 dagger ('be6bc21649f663cbe63afc2b4b8bef7a2a8f0999', '37eeac685d8d9b22962512844b7ece94f68ce568')
33 dagger ('a2cd8dd5cb3e0c8e2656f57038ff75f305d4632c', '2d40493ec17326aae92f32bf1f9cd710bc3873c7')
34 dagger ('97db4a6e9302d8bc3a97de628a7d8f6e5135c76c', 'f6c861cf967cede41af695762eb5846b2578edb0')
35 dagger ('8dfe1952c71ce0497b4615219b7470b536442c2b', '61734b72fdb7cf215d9574facae30a78b85b31d2')
36 dagger ('69c9daf5931d27902dd2282d0e606a83bc993ead', '9964aed06e565a852fe21cfea0435f4b89e5c55d')
37 dagger ('a11e1cca39c8b51dc5a744863ea2e2424b7a7c27', 'acb4098975f016939836d013f19a988ed673010d')
38 dagger ('27ce14810048cf1d9f7e15ad8641aab0a3545457', '2517ee7b95a8dcfe3a252dfa11c47fce8f8146b3')
39 dagger ('0656b1a9d346099d3138da9d50b20c4efa1486e8', '49040ad02fba32823c6ae62c5feedc56f9ce186b')
40 dagger ('ddd945cf3809665f7d1236822e6f6e437b58a9e2', '2d207ae53bbb9f9856f1465071e20c223eccfbe2')
41 dagger ('50f31349858390307bb9046da4e8883169ea82ed', '131ef2d84e6e3334f8888e2045ca2142751e8368')
42 dagger ('ec170194cd8dda6c918ff5f563ce474b4c40fc74', 'bb40ad9d0300452ba1202d872cb7136fa7d8911d')
43 dagger ('8591e258922f15d2364eef41bf259d1f0830221a', 'e9a7f7a17ebcd21578837496e98508aa83629224')
44 dagger ('c6805cd53b6a41de31b36314b9e9053a36691a2a', '2ec1318d0e57259ae121e2cb50c52cd0a3a9f83e')
45 dagger ('5c041eaed32751af3b81959a498c8abb58042d77', '6e0a63431589b297a7c17ff081cfe1e8eae49f27')
46 dagger ('4e33f8473241352b5fe791da847e0c87f1452e93', '5d8a25605e81a3ea512434a3ca9cd72c32635e5e')
47 dagger ('fafc8984e5975718e48fac0e5028b32e67399035', 'e7d79d02e94ea45af638ee056506f06922f622a1')
48 dagger ('e27a178bfa1db99ca18852d9dba9361c8aaaa3ee', '4e33f8473241352b5fe791da847e0c87f1452e93')
49 dagger ('0a3b7f04e14fe6c09e41c44db7c7ddeeedd1c7af', 'd191d44c2426051bbe00bd313883ee4acc92c7cd')
50 dagger ('efdf172843089f71c350a9b7037cfe8fbd0de09e', 'd191d44c2426051bbe00bd313883ee4acc92c7cd')
51 dagger ('6a4e1a1c57de52765c105389f70fd59e8a602081', 'ea8ac762e9b4fe1c8f0eb75022aea539ef47c219')
52 dagger ('f0de3941d22fa017c377f05822f225005d9dd7fc', '9c7e1af4661eb7620cffa9fbc0e93a1d4212f8d1')
53 dagger ('0c423be49209bdcf750faae2b9f5956a1d58ffd4', '0fde256916eb3df88155cd0ae2168c7f05956f90')
54 dagger ('5ded880f5b500a71f32c16122b937d6c7a3b420f', '570ff1e21384cfc67db7ed1a10220819e5107ce0')
55 dagger ('daa0f2f729e877031979050506c06c438b732377', 'efdad40efb51e18b07764ee4428470b1e5947ca8')
56 dagger ('acd98c5bda9c1df6eec3d3faf5797210bf347d06', '1141ed83dc75f6965f6030c6af8d027030909220')
57 dagger ('3fee3fe8a7d183d4edda2de29177ffd42ccd2db6', '570ff1e21384cfc67db7ed1a10220819e5107ce0')
58 dagger ('f80e9296fc47093bdb46d6ed03140437c48da8ea', '9ff99d5675feed03310258568ccb5033b1d45093')
59 dagger ('7bfda9c60f948b250d4dc4094a6cbb0b42369a85', '4b49b6461cd658a638656e454609b74c2acdd262')
60 dagger ('8f0d15c7e72ba4956a0961a22200db117eb490c7', '6f0d7828c2d2e3e9a2c22ce996f26d0784b02966')
61 dagger ('1055f45196b44b4d5c99381ee2ee28c67648a1b2', '9fb5411a88e78d3c766b77fc0daccd1192b87014')
62 dagger ('4b4e2d8b003b3002726428c14b1d170c475a4bc9', '1055f45196b44b4d5c99381ee2ee28c67648a1b2')
63 dagger ('d064af4646c4d4ce94b26c26eb06fe0f0d8be1e6', '7925f5c18ea755bc4847a9cc3651c7a27fe79dc9')
64 dagger ('b439b2ff59950c21ed99148b67d44798d2e9ab39', '27b146f913284aa36d60f6b0d5fb8cd2b82edae7')
65 dagger ('ace9e19779c1c87a2db97e660d8775bbdffc05fb', 'c1926464ffad73d3bdde7e6ac6039d9c45fe9a85')
66 dagger ('aa41df197fc555203a7ad5a978f20f386ec31ed9', '24366ad9563baf8fcbd1b3cda76dc90d1f9b02c6')
67 dagger ('52478ae9b1cfcff6ba45e499632515b276f742bb', 'b736b24f67c990c411fb7b06c49cccc549661b44')
68 dagger ('ab015b2098ff52236999df64791eeb99c58bd1fb', 'b736b24f67c990c411fb7b06c49cccc549661b44')
69 dagger ('e5c079cb5df9ef0fa9b93f4df80f9002c351db61', '52478ae9b1cfcff6ba45e499632515b276f742bb')
70 dagger ('f814cde122b989f32d096e7d2abbc26f907a2799', '1faddd74d74b06df51da3d2280cdb57e187774ac')
71 dagger ('c2aaa3979539b98c106d81cbe77eebef1b16fb75', 'f814cde122b989f32d096e7d2abbc26f907a2799')
72 dagger ('a9b9eb0432ac4da4d009251df9f33d94eadf356f', 'c2aaa3979539b98c106d81cbe77eebef1b16fb75')
73 dagger ('e27690bca8ca8bb12864a759590bc0952a83744f', 'dc269aed86c65dfc180431733edc4452399646fb')
74 dagger ('aa2ae012ac14c62cf79a768cbd5bbb89867dd302', '4a6ebe31a123da7cf75290dbed5dd5fa9444e8f3')
75 dagger ('7f953bca6b27910727739076481efd244f240075', '3f834104a10d21f890c0a86342ee6f549ece7e12')
76 dagger ('08397cf9cb9678f3ee626e0bcf3e36d69b2527f5', 'b6d2953b9144eff857130ed5638b5d988a9bd4e2')
77 dagger ('40fcf75133f68fd25dfda355b0276cb2a6065fbc', '0c4f3ef7bbc7b0ade2e10900325291a8e5bf681d')
78 dagger ('dfbf993bc0df37fb06361ffc304b07505c05d9d4', '40fcf75133f68fd25dfda355b0276cb2a6065fbc')
79 dagger ('0711a4485de018dca08508d8cc19562628ebaddf', '8b3a720aa58531789d6e57c41f7930629f955929')
80 dagger ('5ac493eee74bf08fc72fa19408dcfd4de3d5ed67', 'e84b11f3fd339f69b38d68b721083bcc36d1cb8d')
81 dagger ('e49665951d63dd92bf6c77219e41c61b69550531', 'e84b11f3fd339f69b38d68b721083bcc36d1cb8d')
82 dagger ('760f5a89d45dcca3f34293b584589259842d665e', 'ea784ea0ad0e3de1c2ba12a4afbe90c2e95b958c')
83 dagger ('22a383530460bd3deb9df61bfa20c99d8c58a6b3', '55b9e30fa5bdc7e987402b1e32379fb78f8ea835')
84 dagger ('4e14c0673efbbbb561bba83bd57557fb61146b96', '60b1898658be4571f834ba54cdd2e4992932b906')
85 dagger ('93a7d66f5f698a0a46810b14758e39aa84ec5be8', 'a061bbd1d0c7ca0edf162f39f503189897d2b652')
86 dagger ('7106dbb1daf72f30c8fbcb668828c84d513c8a37', '93a7d66f5f698a0a46810b14758e39aa84ec5be8')
87 dagger ('060d31db04253282497417395d5d548ec2113a0d', 'a061bbd1d0c7ca0edf162f39f503189897d2b652')
88 dagger ('635146071232d82df2d6d7af7d939d8e5f89a674', 'a95ad22e0fe487fb8d9f4b1993b04c8332d54e41')
89 dagger ('840744a97d5ca3e8bdc1f69eecd5463e665218fb', '635146071232d82df2d6d7af7d939d8e5f89a674')
90 dagger ('8cd31c7b0e89f2b89ebcbfeda2adccb9ba211e24', 'a95ad22e0fe487fb8d9f4b1993b04c8332d54e41')
91 dagger ('9a9d53e638974979c0e109a32e3af5095c1e79a4', '4812cca9b94793be55677683bc613cfcd92accfc')
92 dagger ('5427bc40dbd21b5cbadb1e57c39f60320b9aa931', '9a9d53e638974979c0e109a32e3af5095c1e79a4')
93 dagger ('c19d3828c122373b1bee62a7feb140e22f5f8e4c', '7d887b509ad56b0bfc0623f9e9c3016cc9487c85')
94 dagger ('0d76bebd3fadd9944c912a909fe42d5362e74caf', '8ca183a4d19040de9950d4dcdcdaa3fa4a9d10f8')
95 dagger ('84d7a38febedae7af7509ef609c8f535ef3f4775', '0d76bebd3fadd9944c912a909fe42d5362e74caf')
96 dagger ('23d70f22c1607433077ac60af55c34fb2a507650', '8ca183a4d19040de9950d4dcdcdaa3fa4a9d10f8')
97 dagger ('1dcbd3df6ca9ad591fac56fedfc1327084380fac', '23d70f22c1607433077ac60af55c34fb2a507650')
98 dagger ('dddb939aa5165888c18e12e09976ef5dd2a4d354', '1dcbd3df6ca9ad591fac56fedfc1327084380fac')
99 dagger ('32e2564064211748724b0ed4951df37db5372d76', '8ca183a4d19040de9950d4dcdcdaa3fa4a9d10f8')
100 dagger ('2014bce8e79f7bdba4fcaa4f581e6189543ded00', '8ca183a4d19040de9950d4dcdcdaa3fa4a9d10f8')
101 dagger ('c5949f345b5abf965c85ff1db08be8874273d813', 'dddb939aa5165888c18e12e09976ef5dd2a4d354')
102 dagger ('b6197880f4637a4e7678617aba5c3e40b747ed09', 'cdb58e65a0eb33883247106942e067424014bb73')
103 dagger ('c153d5c776ec96f39e7d61c0a637382e47a349ab', 'ce4ae1a17832e311d17abf5c4247f53037702281')
104 dagger ('6ae3bbbf9c1a919d8f03b6ef8bc7f17fc483742f', 'bbec16a6b9731ff2c3d6375556ea986a0c9914d6')
105 dagger ('cee648fb591371d108e4c01acd0d6f37d44db813', '190c97be7e618d80c826fcd9a78027fb02410dc1')
106 dagger ('5418dc3731eeda8bc2ca4eeba576ae9d0a7a199d', 'db94c28e888b7aa548d4cf40a2714386c8739d78')
107 dagger ('a99c67fad1ac8540d954c5d7d5c94570c64e063e', '5a506f15f43ceda3d4c99a84e9c7291058065db0')
108 dagger ('d45582b83d3cd6400a0f7b3a1e98f79ea856404a', '5a506f15f43ceda3d4c99a84e9c7291058065db0')
109 dagger ('f478f405baffb8d55bacf2b3eadfd10d7c3792ce', '3e08b069b4627ce50ea45597bc0618695a8a8a6c')
110 dagger ('0713811c56ba1e1f41775a8569dc7e864cfef68a', 'bb7abd90ebb9b552b7aa9d6d148e8352eb10d69d')
111 dagger ('45fff791d2b667ff8c84722bf924b692cb662e17', 'bb7abd90ebb9b552b7aa9d6d148e8352eb10d69d')
112 dagger ('d4155a1d044dbc995c914bb20e99f50405add73d', '2cacf6394751e8dbc0aea444ed76352a69363494')
113 dagger ('768c73161c2a622c774742f95f7585f4964fcdf9', '08fd7086dbd529c3a8ba05acccdc6d4d2e010c0c')
114 dagger ('980e72a75f13e80f9332237834ede6eb353078a4', '2477211912c3e7d754218c879ea92dce6058e0ba')
115 dagger ('1e04216536c22ed526283b3a6b01f26476f7f644', 'a8c471f1fb2364264ad647812b815c99c0e24b6a')
116 dagger ('f3b5d7612a661bd774fbfe397ba3f9904f3523f9', 'a8c471f1fb2364264ad647812b815c99c0e24b6a')
117 dagger ('ec9c6be9b26391a09a8135b65e553b6d6d2f541e', 'ddaf6ac2a9877bc524a9fb3788004da463d3fb9e')
118 dagger ('525cb97df2458da90a4ff99c917b098c7c8b1db9', 'ec9c6be9b26391a09a8135b65e553b6d6d2f541e')
119 dagger ('f457d87cb62d5cc5d66ac818f45dc1c2bf17a336', '525cb97df2458da90a4ff99c917b098c7c8b1db9')
120 dagger ('2fa92e61fc5b6eac0129eb36e514fbab11990731', 'f457d87cb62d5cc5d66ac818f45dc1c2bf17a336')
121 dagger ('2a9203f8bfcc8e7425f9fb94ce04b2dd2c4c0577', '6682d768a61f19741f012c93b1e687f8e6031ad5')
122 dagger ('799a404f59532a31a9194dcd61cad8e2b6129b6a', 'c3d7c1b6369c450f5914fc2157fd9b6e54290462')
123 dagger ('0403d77e2fdd24e16db859e34312c554e5cbbf21', '66cae0f7242594d559674b2adc13ee2bf268883d')
124 dagger ('2a77e87694465fe20aa41d3634478413a7a827eb', 'ed48d58543274cd1914a17c28864782a51f02b9d')
125 dagger ('6ad67283108e3b4ee732c6fd4e33730b26aac6c3', 'ed48d58543274cd1914a17c28864782a51f02b9d')
126 dagger ('40107b0d3da2533e3f592deced9ea4dbe998068e', '199fc13138ba64d60a0f4b676c6fc236e76088ce')
127 dagger ('2695218df7488f6d9ad5bd2d506926600424c042', '135dcc4b4dbc2bdeaac34cf14c6dd3f52df0c785')
128 dagger ('7b40f781e05764c8d9770b8a48996a03bc5ef160', '305fa13802cc64d16a701f4c5ad7d347f38f96a2')
129 dagger ('728a41cb20df8ebb513a4d0549be6620ea5389a1', 'd843cb92cf9fd312517da673fbc6ead2ac34774a')
130 dagger ('4f8681686bd506c9dcc579b048cffe50a212fd8e', '5155910f93c151cfefa86076e07bdb5c728e8146')
131 dagger ('b4623512e0be2dfedd4556abf894a0a8d8696531', '4f8681686bd506c9dcc579b048cffe50a212fd8e')
132 dagger ('b533d152372e37a5fcc041d372f77570ef6f6e82', 'bd4c13ec6102dfeb64a4885d39023191a95635f9')
133 dagger ('b59d8647be4b6c26ff7f7581592a44860cb2df65', '5ff03401c5cc5bc5321bdc2da68def698db215a1')
134 dagger ('c28ad5b04c9b28bd7da11ef32413a1acfa060d68', '80daa62dbfe6e8bd8c71e0d38c549671bcb981ca')
135 dagger ('150c7b32473ee312c1d047ddced5229d45cdaccf', '5c3bf8fdce0c5426558b4174cde8e5327d1aac84')
136 dagger ('4f8cd0eb762894b6424a6216a52418dbeeed686d', 'bdcf1338ae4557823d140d14f53eca8917080aea')
137 dagger ('f39a1944c59bd4e7adbd9b7fb5de9115acfdb821', '133602c4650537e3909dbffc12ff3815926f1f4a')
138 dagger ('617da5df98ee144cf89a7a16693f541e2e52c1a2', '3da460986bd5230f9bbbc44bec4e679617a47745')
139 dagger ('a20573758afaba98766075c9363c19de32943424', '1e1dac82ea8e59cae5b24ecd978fb3bcf8be077a')
140 dagger ('a7584aa5e0f28ede37006682e75f7bae72c92ace', '9a89fcfcc1fbe8394300950d48f67484d6e41808')
141 dagger ('89c834a99eda3be19dba9061bea4a62a1b710623', '9d6b75246f80bfd43608a625c5ce8254cf458c11')
142 dagger ('6bede9ff5005b8475fa37b453788da6209e3a9e1', '481c848bbc9f44000280b000024e5afde8ec94b7')
143 dagger ('8f4a753b8e1bf12454060f59807302576f9a16d9', 'c4b6b873419df2fd9c379b4c8df949c5da2a3c50')
I am here
root: /home/smajumd3/Data_Miner/github/API_V3
183
0 picasso ('07ee0f5ee53383eaa06b619879b247f628a77133', 'e84a80518cf178f61e189a47f57e1eb0986c8816')
1 picasso ('12a29ab70ab96c955ad341d90b25ed9fbd794f9c', '3914b2d233891f1a447766caff9da073e0215759')
2 picasso ('a07bd18608800555f7ba6a4dea038be63188b831', '456680dd6b2c684e1754c78958e66643c723a82f')
3 picasso ('12652d2fd80c54df43c90e57ccd16998779c3d95', 'a07bd18608800555f7ba6a4dea038be63188b831')
4 picasso ('aef01ed7565a88392e4bb32d8deb986aab6d0177', '12652d2fd80c54df43c90e57ccd16998779c3d95')
5 picasso ('8695e86e3f3aad9d2b3b0ccceaab9b143a67e55f', 'aef01ed7565a88392e4bb32d8deb986aab6d0177')
6 picasso ('e7aac97343063c85956224b9de9165eb070b1984', '659b99557db5c82b62c82f436d838339caa69bc4')
7 picasso ('922abfd6517f8f3b3ca4ec5a3bd55967b85ea2c9', 'e7aac97343063c85956224b9de9165eb070b1984')
8 picasso ('ba1077db5a59bc4cfb235aa9873207c5e5ecacb6', '922abfd6517f8f3b3ca4ec5a3bd55967b85ea2c9')
9 picasso ('bec70963ffa9f679f54323f73db3e6b76ce5865a', 'ba1077db5a59bc4cfb235aa9873207c5e5ecacb6')
10 picasso ('480451b7bcd6c7b55d873979f854bea19941aef2', 'bec70963ffa9f679f54323f73db3e6b76ce5865a')
11 picasso ('b813f25c0840f87891508f296e610898db926277', '480451b7bcd6c7b55d873979f854bea19941aef2')
12 picasso ('bbdc4da0a647dc2ba0ef5764befa01471a1f873a', '6594aaf98c8701882f40b42f3254b736833a8c68')
13 picasso ('5eecd8e0c90f18151ec79e083c0249b0f9fbf05f', '0ab9d659d92f7a23902364ac3d37aafe47dda189')
14 picasso ('d5256592b85cbdd3e0734d222bb0660bd78d41eb', '1522e1ec8d4c71c2a7e1037c48f91b26fd16e3d1')
15 picasso ('ca0626d2399ef0c3b88231d0b2766388b59de682', '12d704597f488ed50c5c9952d7e66879b281ce4d')
16 picasso ('973617dd6a8509ef6014cbcb2d19663a906fbf14', 'ca0626d2399ef0c3b88231d0b2766388b59de682')
17 picasso ('a1cd1000705dcef575e20fe989fd49ae724b18f4', 'efb58d73e5933c7093b61ceb1765a7411817ce3d')
18 picasso ('b6dee93ab3aaf5ace6db73364828bbe2b8dae295', 'e2f9aaee9744140e20402b7e1ac4ee9ffba9094c')
19 picasso ('afb4a005adb43b11ec71cd8e7ab9780864d7b156', '4ae04722e5284198d8ddb397631b4f1b633ebe8f')
20 picasso ('f5e8bec6f81e264c62459c4cd39af051146b7a4c', '1686cccdd04eeb06ba49e0e93b634d0a2672fb25')
21 picasso ('bbcb2f67d4c3ff7c7338618b355dbf78cf9be62e', 'cc2e59aa5b9513b675c9093bfa63529e0e7ffadb')
22 picasso ('a967d73bbadaa6767a2e2bb71e5b6d0473633115', '838275948f038aa8d059a1d6f476877f03bacc8d')
23 picasso ('3d7bafc8a7a186dd97bc7a71de25407106712d72', '0c64f2fc929c5b716ef2d5bf230c1dacfd09a23c')
24 picasso ('973180012cf129da37f3d2a922ceddc7c5cee7e3', 'b130a65ffca7d5907e33df2b52b61b0f3aab7525')
25 picasso ('f2b97bf9afaba2afd39127596d6acaf47f489c8d', '4f6005e3a49e5f0d8f02e44346dc26e8a73589df')
26 picasso ('e63a2a105190084d5a9f18dca97c8d86adc341f3', '73dbc29b8afc8e33f58973c36e143321dcfc8469')
27 picasso ('8c273e423b1939d44e3eca03b6dbf59d2637672c', '3ca924c40450a6ce9921756377adc1b2d73ff1d1')
28 picasso ('aec3a8a5b9defb11e6522990eca6befb3a6916b1', '7a27d90f2990a682c120680eceed66e1f84b7016')
29 picasso ('53daaf29f0c605fb8f87cfd0ef63006a4fb03400', 'af4fbff712b77ec20cf87f6598a2c20844ae6098')
30 picasso ('9184bd18ba72ade4cdc974d99f8251f6936418f6', '75162c7a1cab4906afc60b77a2ae89f09eca34d9')
31 picasso ('bdd7d773a9c2941df69a1ef8d4d8c5a908d80dd2', 'af4fbff712b77ec20cf87f6598a2c20844ae6098')
32 picasso ('a0eb7cea19bcdeceb40ef4034d10935255b4d6e3', '2a8eee795e6609ca6cb1884f0cd91c88d25808c6')
33 picasso ('ae28796cf493c9cd39ad5627d24c83a5fcb82b39', '49a5acbf48fa32988314aec22aceb03888bcf0ad')
34 picasso ('d194a948eaf28d26d63667c6a7d953932ecc02e6', '49a5acbf48fa32988314aec22aceb03888bcf0ad')
35 picasso ('bc5e4972c8aff1503c1edf9b42538baebab6ff8d', '52de8cb535a284649f652fb4ec78b06ebf503a60')
36 picasso ('2ae8b2c75b890389a43822d5535f748fe1b43c50', 'a3a976528fd46f92fb22613ae225715f8811663a')
37 picasso ('db24b70282da6b97db69ea5d045df900a6f88c61', '0cfabbe3231eef5422a42551fad1ec91f65daff7')
38 picasso ('fe6865b5a7469261e59161cc99d126e6c9bfd61f', 'db24b70282da6b97db69ea5d045df900a6f88c61')
39 picasso ('d0029160e626371d3d4a835b01bd8e751de6feb0', '78451b387d3c28904f63a11a98b0eed1d5fca144')
40 picasso ('4b8db7139b0c87dc1590d71da6c7dce6a53ede75', 'e144ee976b1c595e487a7503f5a39b6c4b38271f')
41 picasso ('44f7066bfb0853d2a19e41aece38d1e5cf1e7aa2', '9d7ffc5447fe94fce9659eb9faf70006c603fd40')
42 picasso ('3936be6d4169dad7b6e46187fd7bbd5a52ab6359', '44f7066bfb0853d2a19e41aece38d1e5cf1e7aa2')
43 picasso ('ba5c9db4805f97a75011eae8b86dbec3dd7eba47', '8ce190aa5738ee77c3ab3a7d16bb73868825e261')
44 picasso ('722b4f9b8be45113eb5228624cff14996adfd6c9', '392d2dbdc6a1e54bdd3b55372c6a1fda78af25df')
45 picasso ('6b7489939633c483159378e9ba66912daddb8ef1', '8abaf059237d9574fbfd3be15685a519698a1711')
46 picasso ('6e0d7008d86a8e826c91cde23ba2e11d95a2656e', '54716bf7b7a5d63d39bb96d3b116e70414070a55')
47 picasso ('e55b51fe222c932bd138acd07b4a964c2aabcc4e', '5c7e2c6942a7c80d4bc1ab9cd1af8aa6e6f9a0bd')
48 picasso ('58609038b1e8079ef94655e795d574be69d9602b', '7dcf843800aeabdf9f3c2063989cb66962c97968')
49 picasso ('196e014b7d3605d43b537db494b0ce2981a9e6ec', 'fe9aff0df36c3269cf4bc1c78153a27847e6784d')
50 picasso ('1c3b851d42de243071f82ddd1b46533456954f1e', '69e9e47b6b32cbd2fc8dec86856761fac3de2cfc')
51 picasso ('5dcd2a39087d1a9312991c0aec3a68f77de0db67', '1c3b851d42de243071f82ddd1b46533456954f1e')
52 picasso ('8f8d4abdcb97a45dbfa70e6145ebf52a890a4d61', '5dcd2a39087d1a9312991c0aec3a68f77de0db67')
53 picasso ('c62af39639907765d696c0401a15d4b95be0ed6b', '54937d85e2556e5cda7394e6cf9c3d73b0294b6e')
54 picasso ('e863dafa314b172aa51cf3c880f7cfcdd2d2be8b', '22a2de5269220e6533212d11f97e5ccef3467339')
55 picasso ('62658b03b31b9efa24aadcbf1e802d4b234e90cb', 'd1cbbaa11acc6735ee51020116ae89acef0a514b')
56 picasso ('1bee229e7f13d8ee8495973c7aecdda6839f8ab1', 'a99e74db81ad41ab2e430a60cc274f4c4b975f64')
57 picasso ('b7faebbda8152ece5b49dc646d868b2dab52ce27', '00ff4f625c9a7b3bc1aea463323570b2b744ce57')
58 picasso ('e2843d0217b2d57a021d78c9a6bdc73cf71572b9', 'bdfc757262dee2018a436e5f881553d89532b112')
59 picasso ('f728ba7f7838bafdeb5999d6baf9436a06e6e4f2', '8d09de7e5b359d754c3dbbc44f2e32c65a0f6170')
60 picasso ('73c8165be5d89a137d7f116f44a5239c363dc3cf', 'c82a3ae009bddd4f2ffb2fea941f4cd06b1ff77d')
61 picasso ('f93b011ba8d08aee2a81124db419e38a81cd7415', '8035cf94476a74819bb7cc140aa8aa5844294a68')
62 picasso ('40da607c2ed7ee0ca9c80cc8521c35c2bfbcf39b', 'db6d8aa38a303da6fddda68d9ac45284483a9289')
63 picasso ('359e5695df7f1f95816c0e69e4a0c6d5b7577d9a', '867a28b3f0686ed359879bf0c971d3103fb94c43')
64 picasso ('28c59d5ac2426eb6b724f6095278ddba6cf5203d', '359e5695df7f1f95816c0e69e4a0c6d5b7577d9a')
65 picasso ('f28d2ca96cd32337b997644421f9c12dbfad2d4a', '867a28b3f0686ed359879bf0c971d3103fb94c43')
66 picasso ('65cf422a7b0d3e5434ffe9c068408fecc4d9e05c', '4e1f6b479c32f5cfe994bb22a4b01b20562c3e61')
67 picasso ('461067731fea8b5e835d14bd4f18585fc6c76a67', '970ad071a2ef41ade7b011f6f9ff8c1c7eb83b4d')
68 picasso ('32da8dfdb79ad79b88a01f012719d08403a15af6', 'ac2fbeb9dfa8d503aaeb068b0c086b9f3c668cd8')
69 picasso ('5278a531e74afb2b973d03aa9ea5f3151abb79dc', '058a388cee331f57de3f9ac50e73a879126b5041')
70 picasso ('1c5f1056833b625d60ab6e9bc7ea275150bdadfe', '5278a531e74afb2b973d03aa9ea5f3151abb79dc')
71 picasso ('2aee75e3c0b2d25f391f7783fa7618bd4c713741', '8b9b449ea0d9990a3dc2eaa5e2e86a1bc0a22756')
72 picasso ('06d723c4793ffc7bb6a4da5f99aeb6a9f74026d8', '2aee75e3c0b2d25f391f7783fa7618bd4c713741')
73 picasso ('1351963bd109ebfdc612410ca0bbb6248a592094', '7dfdaec8463dfdbc517adaeecc7f4774c48ed2af')
74 picasso ('89048a48d28c829d1eab8c6e03edfe67a4f05c4d', '548cbdc18e4ad03bfd6094dfea7406f5b83a2fd1')
75 picasso ('c8c76bf66756b747f88d6d14841345cfc2aa3404', 'ff65dd2cb3ca7b274bd178229e72f13d2a107f33')
76 picasso ('3bcd41b8357a0d7cb6b168f79460626ed78c0553', 'fc0393001048a0d06fc57374bb4c34b54b236336')
77 picasso ('4bdd24960df02da314c2b055aa9e0ff3d1ca94a1', '55813676822a22988aaaaaf44904eed751c7594e')
78 picasso ('e4058e58bb17cabe47d6c8df9203457502ed912c', 'cbf7d65b6597838d96e601d0ef816a8dfa511a0d')
79 picasso ('57e69741af1a2f53747a0bccc74623f0f1c25227', '451e87887d39035493950c0e1a3cd7339048ce09')
80 picasso ('410b9d24b7c4bf9d675e961caefa605d81e5cdbc', '451e87887d39035493950c0e1a3cd7339048ce09')
81 picasso ('7324bd1ee64c7843f49012afb29de1fff80aaf08', 'b60f265c09ff799c77e59699345a3d3bb569a8eb')
82 picasso ('0d5c5ebb5c87d66f843c848fe4d2c46364550dab', '7324bd1ee64c7843f49012afb29de1fff80aaf08')
83 picasso ('c53c827dcf2b3489a6248362e6d1812bcd28d21d', '68f638c93e587030f7c70398403f107ec640c9a4')
84 picasso ('0c27670517eac894da8b2157d15f95b665f8da4e', '3955affb2f6a74f3af9390856021d42fa83e5507')
85 picasso ('6abf7a2be2fe713969e2e5d5dd6027b7d8aa94ea', 'e0cf64b47c7774779a0a8927467e5c069874aed0')
86 picasso ('4020bd8db4723a71945e6be9e168a2907de04a65', 'e17a7f9f36e3b6e7c1492ded2278769d77da2a68')
87 picasso ('b8f1249824b8c976cb87a9b947ec8f6f44ad4770', 'fb7933ed5ddc4a39eb4be86d209f11212a5f379a')
88 picasso ('8460f1604d4455974c7d61d4f372f959e6f9f598', 'a0c2f4239c8e89c3769353c1e50c53327d7bd67a')
89 picasso ('075b0e8e722bc49f74112b8b21175ef52dfc337c', '7eb3f5d9079ca9bb280e0d3d2be0b777e93e4466')
90 picasso ('0d559c332cb8634db0106ccb58b8475aecb147e0', '075b0e8e722bc49f74112b8b21175ef52dfc337c')
91 picasso ('8f410478b7491ce570ab8192b01d785c93b08af9', 'edc148bb29d96a1cd514c2eb2c6bc6394cb62116')
92 picasso ('bd110a83b8a2c5ecd57eced4dd192af75f740ab0', '0ce4ffd9528dd783a2645436926e1f439dc0536a')
93 picasso ('bd8be085c5864760603d6f68a7eccb7b89877d16', '612bd70f236469c7a0d5e0c35b7dd31205b50fc5')
94 picasso ('989b82ea097c8fa7b7c80c398e47c4ee7bc7239c', '612bd70f236469c7a0d5e0c35b7dd31205b50fc5')
95 picasso ('c71857c5aac1b65844e8c8e4ad6a865cc01865a1', '32a763d230e82a3d669097eef0dc0e73fec98889')
96 picasso ('efcb1de00db1e7f348b1e4e5772ef1291091c8bc', '22094976227e3929be2c55db4c5bb3aca45b5e57')
97 picasso ('faa88b45068d17d40f84f4ab523533beaa9e1699', '9872c05a4b4aecd1d58ef13213ffc157bb86e888')
98 picasso ('56e4cb4099932f020b350cb6930f676fa51aa783', '25d4b6d15534da760f14e846ef6730824321474b')
99 picasso ('08f762b5cef1c5a7b70eea46161aec613ccb1dd5', 'af7d5e831d65046a119d7913e987e8c305a6bf82')
100 picasso ('e80733f8dadf5bcf8656e35cce6a5bf61bd56333', 'd65dcce26ccd8e35ba9de5f7dd717ce38dba9194')
101 picasso ('b3547f973d006773827328de2a9971409e989f88', '6b239e04480dec40c6ebb30d4f91c5b7a9dd13f0')
102 picasso ('403277a3f7d5884ff555e25071ac89ad33c7fbdd', '5f938ac9f759d65b9e99e9a5c38d5f2c0dfe5d94')
103 picasso ('873a0ec770f2f95490a18c1dfb60e60f5507072e', '5f938ac9f759d65b9e99e9a5c38d5f2c0dfe5d94')
104 picasso ('629d76a8d1c36c047ebcbc97df2280259f90bac0', '29e34612c2babbcb50b61c7ce8a228fe470b0327')
105 picasso ('79a2cd68f1e7f5070de048e1c0a65f15a3eda09e', '03a205e92649428f5c86c1f88d283085f47354f6')
106 picasso ('2c61ba1fe6cb63c88a31e81e9737057929457760', '946b3e43e110d1117a850daccca428ab66515e9a')
107 picasso ('792b98a3eede74d70ff6f7f309382e6283b85f65', '3328c673ddba4f9ee2d124fe337eef3ef6539f0f')
108 picasso ('3f7f195ec7e997c8e85b45ae993e49ac85d34030', '8b9b5e3589195893124b9725f027e9bd7da06340')
109 picasso ('d9df267fd6ba90bbb96326dc818c573f4b6b8b5e', '5afb484f28ddef5b17fcd87fd3b12f1a25b605e7')
110 picasso ('1f7b12616831c23fe76dd702de9264be9339a210', '95833406099f55b35b80924e948975facf35ca21')
111 picasso ('f60be74001ea947e12cf33427d3bb0f96579afc9', '32c08503276ef450ae2ddb2a9fb870618fdf8016')
112 picasso ('fef669893f28c1a212acd5714bae7fc8b8e8b09e', '1b90852798bbc0bccbe7e27aafd84ee75b6d23f4')
113 picasso ('a60b18989b67eb26d5de9054d7a466b647c1d902', '77a81848552aaf301047df5d547a42ff5bfa86f4')
114 picasso ('5cecac6f7d86fe313f39a2ae5fb0f8609863fd10', 'a60b18989b67eb26d5de9054d7a466b647c1d902')
115 picasso ('f893e980cc6e3ab9f57ef8b3457f2a3d7b30f052', 'df5bdf8d045f8b042b9b2709aa57b5fdee31f752')
116 picasso ('46c4e72860ce98e9622c859710bf5a1485880694', '7cfc9f22f3b76ecba2ba207334199882ebbf282e')
117 picasso ('a5c46a5023707e2137a0659f5adc313bc103b4be', '7cfc9f22f3b76ecba2ba207334199882ebbf282e')
118 picasso ('d54916d55e11a7c3addd48fdb4d20c5c16fd58af', '68a1f761471da9a6decfb344475e9db1476d67da')
119 picasso ('3ff3046f4257380a44209b181670e0f762b70c6e', '078115e8e262edfe91ea62e4fa127df9eacec34d')
120 picasso ('f3c6f210247d5e2b26fda37706d477480e0e71ab', 'c2bfcbbdffc9fa53711db3d5174d86afe6782bcc')
121 picasso ('edc7f0a6bfa8a8659fc4a7474921dacb7eee5e17', 'f3c6f210247d5e2b26fda37706d477480e0e71ab')
122 picasso ('0d66deafd7d4fdd4b1be1d9ca046a3de71d99a04', 'c2bfcbbdffc9fa53711db3d5174d86afe6782bcc')
123 picasso ('18c84271169729eb71207244245a3260480c72c7', '8d6d9adce62c09e075bd2aa24f7d098f67528aef')
124 picasso ('8e3773d328d0ebe65dea3eeee10a81eb22fa1526', 'd4cca9fc5a239a780a39464e13254b2e2882aa91')
125 picasso ('d88531e67a1fcbfbbf33c2973d4a2dff2018bbef', '3c2afd830a9b6cf1e78a92d21dbb092c3aedbe75')
126 picasso ('dc4bf21780ee55618b00f0c16af6daff2048a0cf', 'e0c3d44f53919742a0a608277be26b47742bb2a2')
127 picasso ('312cce269b8eea6997dd19391f6e93aa4bf3de2b', '74a19c98d37d8d0f3123789ebbd8569f578d4f00')
128 picasso ('00f38e30007c28aa9d84a7e4e9b07d58ba322408', '2320b07e54e93fc0ef393046035b1890435a11ed')
129 picasso ('939b4932418f592967177822f67bd53f3ec33d1d', '0527bd8669f99377ca2ed1972ef57fb5db587755')
130 picasso ('f536b2506c91226a9ad9a89f57645499ec01fb82', 'ebaf9e55a3b2317cc33c4c088820d9b86b01b511')
131 picasso ('4bbb3fb305c4d695e674605c35b920a8e6ae704f', 'ebaf9e55a3b2317cc33c4c088820d9b86b01b511')
132 picasso ('272d167bd1d420186f8d4ee0ae3de2ef81c3829e', '16b6c22cca46e0d43a52cdd93c92525f3ee7d2a4')
133 picasso ('e6bfb8359b62d854f6dc5b58efe8ebe456caba76', 'fd1f804d3a505b5eba196da84e66595b3618a61c')
134 picasso ('4c6cf231e69f665cd70c4676517e8ba2f261b111', '28b27a937fe60dbbf6ff1e1a7b6571c96d08027e')
135 picasso ('dd3954c66ac01c3854468d393da0752ebdf5b82b', '5bdb180361d151f147c4781aaf02909cb69f2203')
136 picasso ('38ecd59fc3da3117a4ad15d7d93d848f9fb1ffcb', 'c21d17fdd8e9faeb16d0f5fa0d1df46cb7d8bba9')
137 picasso ('7871f1f372b77bc65e1026b98964ae22fad6dc86', '88aa3675f44e2b7320b403359d8801556955e0dd')
138 picasso ('4af667fcba8901d09bcc537255b83193504fcf7b', '88aa3675f44e2b7320b403359d8801556955e0dd')
139 picasso ('dbe9d9ef2256aa49fb27953dfea41a275d285ed6', '8de337b92098464cdd5e527b136d4900b0ccdb94')
140 picasso ('aa1f5827b117385d0ad661b397c8d2c2b2e61831', 'ea1bf8dde8c604ad5e9d0a91fe81323dca902709')
141 picasso ('a53b15fcb1975e7802c6a83a3f368263f0df4350', '0e8e0c2462797a0a6b90bae76a9b3fe39af68f9b')
142 picasso ('77d96aa4f1467e75b076f1e2910d72588687771e', '54f774067d7b563a8836ae13b5238350f36c75a2')
143 picasso ('4f62fe6a69f5a9f1417c7caa790f800d45bfd307', '2ce8847cfe05553d7f44baafa9a90db73caf4cc7')
144 picasso ('0574a1ed7cd8bdc0cadb510004d42758cb6c288d', 'f3bcb95f663feb47df45736829c8e028275789f3')
145 picasso ('c2666774601fb57efff13ce25ec7f22ee410a8a3', 'ebdfe5d994eb1afc41263346ca90eba51a9dfce6')
146 picasso ('0f2240f79ad8991c1da3a1743292862feaa4b193', '9703c748c096a1709dfbb250d4f1be6a0b71db12')
147 picasso ('1984409ee99330e44983fe2947414a097f1e76f3', '9703c748c096a1709dfbb250d4f1be6a0b71db12')
148 picasso ('f9cc710894e8d039828260dfe7906e191bd6348c', '9ba33fd1cf400bee7a7a0fcaa7e138bba1fb8652')
149 picasso ('eb2e9730fb7dbe25b4ab9d4ba5d2050c70c27024', '459559751b8c29862bbb580f616ff693e8ba055f')
150 picasso ('74763c8ef505062149a9969a3f5c2d11a6db900b', '5430219909695a449011f631cac4e4e86f30be44')
151 picasso ('be942eec1f50323ff8e87d7ceac9f1f0dc2c5fc6', '42b19ad6599f2999eaa7128e487e3610ce75bfe5')
152 picasso ('4fd76a03e389d9f792393a0889398252a5b3b112', '276731c9bde9992f11853abdda489ab4de82817e')
153 picasso ('d0ee8a4f52d1b113a54749a1cd8003620066c5e7', 'a8c4593959959eab18e45ac859e539045efc54c3')
154 picasso ('9a8efd84d8adfe16124cb14141a9ffdbaac42179', '7d95ae0ba43053f57be7cf0c684ee5f457349077')
155 picasso ('cb5c70e9f90e3f4e8ec5755faeaa27bf49478a93', 'b8c5d9ec674c28950f73d1241047e197eabd4040')
156 picasso ('a1eac9a1804d990f19f832cb0620279bbd3279b5', 'b8c5d9ec674c28950f73d1241047e197eabd4040')
157 picasso ('dc1caa14bd963626f63a07adb2f001230dcd95c5', '422243cb608eaaaa7a50edcddf78991d6da2889b')
158 picasso ('12667fc3c026883bf32430a5b4b8b2d6d23657f1', '77143efd085dda3e7b4a4ab714d7637ad7582dd6')
159 picasso ('5755afd36bf11977d81b773c7133a03139e0c57f', '76dd6ebf724bc9b8fd0de64bfb5057ee9eaf0e35')