2020-02-20 11:32:31 INFO: Adding repo BashSupport to work queue for ingesting
2020-02-20 11:32:31 INFO: Adding repo derive4j to work queue for ingesting
2020-02-20 11:32:31 INFO: A worker is starting scan repository: BashSupport
2020-02-20 11:32:31 INFO: Adding repo consulo to work queue for ingesting
2020-02-20 11:32:31 INFO: Adding repo manifold to work queue for ingesting
2020-02-20 11:32:31 INFO: A worker is starting scan repository: derive4j
2020-02-20 11:32:31 INFO: A worker is starting scan repository: consulo
2020-02-20 11:32:31 INFO: A worker is starting scan repository: manifold
fatal: ambiguous argument 'FETCH_HEAD': unknown revision or path not in the working tree.
Use '--' to separate paths from revisions, like this:
'git <command> [<revision>...] -- [<file>...]'
HEAD is now at c6ff6fe Merge pull request #94 from pkoenig10/generated
2020-02-20 11:32:32 INFO: Pulling latest changes from repo: derive4j
HEAD is now at 0d166de bump version
HEAD is now at 1fd7a82 Release 1.7.14.145
2020-02-20 11:32:32 INFO: Pulling latest changes from repo: manifold
2020-02-20 11:32:32 INFO: Pulling latest changes from repo: BashSupport
2020-02-20 11:32:32 INFO: Done fetching.
2020-02-20 11:32:32 INFO: Getting/parsing git commits: derive4j
2020-02-20 11:32:33 INFO: Done getting/parsing git commits.
2020-02-20 11:32:33 INFO: Saving commits to the csv...
2020-02-20 11:32:33 INFO: Done saving commits to the csv.
2020-02-20 11:32:33 INFO: A worker finished ingesting repo derive4j
2020-02-20 11:32:33 INFO: Adding repo derive4j to work queue for analyzing.
2020-02-20 11:32:33 INFO: Worker analyzing repository  derive4j
2020-02-20 11:32:33 INFO: Linking 87 new corrective commits for repo derive4j
2020-02-20 11:32:33 INFO: Done fetching.
2020-02-20 11:32:33 INFO: Getting/parsing git commits: BashSupport
2020-02-20 11:32:33 INFO: Done fetching.
2020-02-20 11:32:33 INFO: Getting/parsing git commits: manifold
2020-02-20 11:32:33 INFO: Linkage for commit 7e38628997cd9a0ca2f17efdb4ea77ea9cf1edc8
/home/smajumd3/Data_Miner/github/API_V3/commit_guru/analyzer/git_commit_linker.py:53: SettingWithCopyWarning: 
A value is trying to be set on a copy of a slice from a DataFrame

See the caveats in the documentation: http://pandas.pydata.org/pandas-docs/stable/indexing.html#indexing-view-versus-copy
  corrective_commit['linked'] = True # mark that we have linked this corrective commit.
/home/smajumd3/anaconda3/lib/python3.7/site-packages/pandas/core/series.py:1015: SettingWithCopyWarning: 
A value is trying to be set on a copy of a slice from a DataFrame

See the caveats in the documentation: http://pandas.pydata.org/pandas-docs/stable/indexing.html#indexing-view-versus-copy
  self.loc[key] = value
2020-02-20 11:32:33 INFO: Linkage for commit 4a156d2e308c4a3d5986bd9aa82f8e668e44477e
2020-02-20 11:32:35 INFO: Linkage for commit 9ac81c8ba914c60c7d86b74961600148cc691b51
2020-02-20 11:32:35 INFO: Linkage for commit 84a04ba096265d3973c7e3ac3184a69bd6456fa8
2020-02-20 11:32:35 INFO: Pulling latest changes from repo: consulo
fatal: ambiguous argument 'FETCH_HEAD': unknown revision or path not in the working tree.
Use '--' to separate paths from revisions, like this:
'git <command> [<revision>...] -- [<file>...]'
2020-02-20 11:32:36 INFO: Done fetching.
2020-02-20 11:32:36 INFO: Getting/parsing git commits: consulo
2020-02-20 11:32:37 INFO: Done getting/parsing git commits.
2020-02-20 11:32:37 INFO: Saving commits to the csv...
2020-02-20 11:32:37 INFO: Done saving commits to the csv.
2020-02-20 11:32:37 INFO: A worker finished ingesting repo BashSupport
2020-02-20 11:32:37 INFO: Adding repo BashSupport to work queue for analyzing.
2020-02-20 11:32:37 INFO: Worker analyzing repository  BashSupport
2020-02-20 11:32:37 INFO: Linking 320 new corrective commits for repo BashSupport
2020-02-20 11:32:37 INFO: Linkage for commit 05c7d71830293f1f7b9458f2db39e8d155417a09
2020-02-20 11:32:38 INFO: Linkage for commit 405ad4c670df92b567c02eb479615e9e725e56b1
2020-02-20 11:32:39 INFO: Linkage for commit 83de40ca1b4f43598abfdff4b9596361b3ddcec2
2020-02-20 11:32:39 INFO: Linkage for commit 436ff1290f7a1f204fc43c6ed71f2ab9061391f5
2020-02-20 11:32:40 INFO: Linkage for commit 877e686618253c8d5e4b8d32fdec76214a56f64b
2020-02-20 11:32:40 INFO: Linkage for commit 9562973a569dd7a3c053e10b5b5ece79d0dac19d
2020-02-20 11:32:40 INFO: Linkage for commit f8d563b48f8111882cdec9276c6156c54d2dbf68
2020-02-20 11:32:41 INFO: Linkage for commit f5f48767e07dc20a763610b27ac65d18db007c96
2020-02-20 11:32:41 INFO: Linkage for commit c252e89b82ba094c98aabb77bdccd74555cdfa34
2020-02-20 11:32:42 INFO: Linkage for commit 3ff371d0462639c2c6d48900a0171df0862ac751
2020-02-20 11:32:43 INFO: Done getting/parsing git commits.
2020-02-20 11:32:43 INFO: Saving commits to the csv...
2020-02-20 11:32:43 INFO: Done saving commits to the csv.
2020-02-20 11:32:43 INFO: A worker finished ingesting repo manifold
2020-02-20 11:32:44 INFO: Linkage for commit 8c7456bba7142b054774638113d68c329028fb19
2020-02-20 11:32:45 INFO: Linkage for commit 482a95f2079263b84a3c6fb611a38061d19edb59
2020-02-20 11:32:45 INFO: Linkage for commit dc2c811e0163e391d13c212c88ddca13143516fc
2020-02-20 11:32:45 INFO: Linkage for commit ddf26d068cd9a64190e9b8201bcc63e2727155f9
2020-02-20 11:32:46 INFO: Linkage for commit 5ff2c6a54099fb725ff57dc0da99f5cffa4c6e9b
2020-02-20 11:32:47 INFO: Linkage for commit 705dfbde9fb39fce03486d958bf272381ddc1ee5
2020-02-20 11:32:48 INFO: Linkage for commit eace4558aac78eeb1fd7f6e67ef229d525d2649e
2020-02-20 11:32:48 INFO: Linkage for commit 8aa31e6606ecb543c648fefac786abdf23cd9120
2020-02-20 11:32:49 INFO: Linkage for commit 71f4658fd6efb8a449c8897b30ecade238b318dc
2020-02-20 11:32:50 INFO: Linkage for commit 8661b602d227c64b0c4ceec219cf6f5e371d9559
2020-02-20 11:32:51 INFO: Linkage for commit 33b044d7f1ed47bbe85883a6326f8b84bc159628
2020-02-20 11:32:52 INFO: Linkage for commit c6f17b58baf25dc0b1fd9b7990946a89b4b063b0
2020-02-20 11:33:24 INFO: Linkage for commit 6edfe2f7ad3ecc6935f620dede3757a6c56d19f3
2020-02-20 11:33:25 INFO: Linkage for commit 82da89fd9ea75a222c468107cf5b7aecdda2ad17
2020-02-20 11:33:25 INFO: Linkage for commit ca9fa51e03b2b968ade307bcd57b4c5627596b83
2020-02-20 11:33:34 INFO: Linkage for commit 490b197445a1ec9cf37b0f9f3ed2895c5a29caec
2020-02-20 11:33:34 INFO: Linkage for commit 1782eff162e9c1049f5d5ed57c6ec34be0280eef
2020-02-20 11:33:48 INFO: Linkage for commit d3a8d77d0596a71eca092e7cfa8d6a78327d5cc4
2020-02-20 11:33:48 INFO: Linkage for commit 61bb0ed09e256b0ff49a4244c257cd840caaf127
2020-02-20 11:33:55 INFO: Linkage for commit 1143e6c6b92f3bdc1eb6c42cf6e62cc6ffb47f76
2020-02-20 11:34:07 INFO: Linkage for commit ba10b390e9c7b9c80e1741d1afad4d69a9a52176
2020-02-20 11:34:08 INFO: Linkage for commit f141d5c050d2990b6f28c7708b3c96a2507ea5fc
2020-02-20 11:34:10 INFO: Linkage for commit 36afc1ceed16e56f035dfb506dd267d04294f5d4
2020-02-20 11:34:10 INFO: Linkage for commit 50e03f39b2dcc88040b1f35d9cb620099d90ecd0
2020-02-20 11:34:11 INFO: Linkage for commit c7b489f256635632647775c064f3355e6e585b3f
2020-02-20 11:34:12 INFO: Linkage for commit 2eb44fa9cf071cfdea8c621847094ede02e94280
2020-02-20 11:34:15 INFO: Linkage for commit 6cdae8ded7b980437ad91a11344ae23d5fecbeeb
2020-02-20 11:34:16 INFO: Linkage for commit 1831d206a986ebd1d5f4881b88a60446ea5bb69f
2020-02-20 11:34:18 INFO: Linkage for commit 9216ef306fbacdfdbb7aa05141324c8292a6a7a7
2020-02-20 11:34:39 INFO: Linkage for commit b012c0dd1c86e70dcc1590391089d04dd98c97dd
2020-02-20 11:34:42 INFO: Linkage for commit b8837a49a377e4f680ff362ba6186a9cf1991df1
2020-02-20 11:34:42 INFO: Linkage for commit a9defd1a549cac197b7c0afa19659fbec4ff35fc
2020-02-20 11:34:44 INFO: Linkage for commit 7a00e364a811150333c20b419a553d414ff08c38
2020-02-20 11:34:47 INFO: Linkage for commit e8b62c64c46f42115ad328f29027ee54470beaf5
2020-02-20 11:35:29 INFO: Linkage for commit c6d65488245a0cf6af787f80c032ec1cba568686
2020-02-20 11:35:34 INFO: Linkage for commit 40669a8a235691da00397fd4668145fe880c4fc2
2020-02-20 11:36:01 INFO: Linkage for commit d1a1182db3d0ab60025f333dbc38c05bd98cbea0
2020-02-20 11:36:09 INFO: Linkage for commit 651a873f39a707aefdc3748a6dc79c10e6291b4f
2020-02-20 11:36:11 INFO: Linkage for commit 01f66c6c82f6e981390d1f4ebbfefef08814ddfe
2020-02-20 11:36:12 INFO: Linkage for commit 1de7fafa352151d23ee0078b3d27170da1b37ad3
2020-02-20 11:36:13 INFO: Linkage for commit c8149099eb2dc14db94150d57f79212d90928148
2020-02-20 11:37:14 INFO: Linkage for commit d35836942a244c99a7e51a07e5c4e97474f90444
2020-02-20 11:37:34 INFO: Linkage for commit 273d6a8337e071e014dba0d0c2043adf46c8249d
2020-02-20 11:37:35 INFO: Linkage for commit ae4bf746c1e7a4a0217062b89d93af6b7f8b6e97
2020-02-20 11:37:48 INFO: Linkage for commit 2428d82652138f588718a4cce95e6b3d2ed52e17
2020-02-20 11:37:50 INFO: Linkage for commit 7742b5ad48578e2d662174aa57f1c5ce0c8f0506
2020-02-20 11:37:51 INFO: Linkage for commit a4e0f2f9e47555946a95253d963952365ff05cb2
2020-02-20 11:37:51 INFO: Linkage for commit bd0b85cd681971bb5e6e8f5f893514ef8cc9bb62
2020-02-20 11:37:52 INFO: Linkage for commit 6aaa0e36afe1268055b715cac1ccddbd8a678372
2020-02-20 11:37:53 INFO: Linkage for commit bbf5c165880c8508d6d92fe091be63b675ca6002
2020-02-20 11:37:55 INFO: Linkage for commit f1ca6c59a2d731f0c0540dde5c932a309d79d340
2020-02-20 11:37:56 INFO: Linkage for commit d64168d0b07083e2dde18e68fd0899a91c1501d4
2020-02-20 11:37:57 INFO: Linkage for commit 435a0347491b5812c048e6e4568cabcf5d27ed23
2020-02-20 11:37:59 INFO: Linkage for commit a621263be2f6640531d3ac7cb79979afcdaddfa2
2020-02-20 11:38:00 INFO: Linkage for commit 5b8477b7242c390e50d9162a660a7643c67315e1
2020-02-20 11:38:01 INFO: Linkage for commit 7da5d5ceaa7ae797b92610c07d08f3ff9cd9b69f
2020-02-20 11:38:02 INFO: Linkage for commit d2a900383a63f297b0fae4609b6b407af9a5c5f9
2020-02-20 11:38:07 INFO: Linkage for commit 9f187d5d2f758af6b6d6239f93671e0037c33225
2020-02-20 11:38:08 INFO: Linkage for commit c2af78939d50c70a8da28a83e6c0adfaa152e851
2020-02-20 11:38:09 INFO: Linkage for commit 11ca757f18f094005ea865fa112362bdb7189cfb
2020-02-20 11:38:21 INFO: Linkage for commit f47296792fb36bee78c145e75937c214319382d0
2020-02-20 11:38:21 INFO: Linkage for commit 25f936605faf573bff93012c99b8008cb14c820d
2020-02-20 11:38:23 INFO: Linkage for commit 3ebd6583160f544b0a8e3c8ff2517355528c0255
2020-02-20 11:41:37 INFO: Linkage for commit 3b1bb14c4a51ba665448c5410a55d650abc8fc47
2020-02-20 11:41:39 INFO: Linkage for commit 1b749ef73e684c00311c6df0f6b1a7b29b881985
2020-02-20 11:41:46 INFO: Linkage for commit e6199db0994ff3077a5d7b327eba60cdca94e056
2020-02-20 11:42:06 INFO: Linkage for commit 77d4cb0021617736e5caa3e995d78c5ccf6d6da8
2020-02-20 11:42:11 INFO: Linkage for commit 32f25d5dde74ec375957303f54b1919352a0c231
2020-02-20 11:42:12 INFO: Linkage for commit 0f3a6cd2935b1f6db7531a3e1c604de26e80f2db
2020-02-20 11:42:23 INFO: Linkage for commit 812c0a6bda2fecada74a9ed2d4c77b431ba5689f
2020-02-20 11:42:54 INFO: Linkage for commit a764a3f89c6eec3d3e9973e90d1882d31719ca56
2020-02-20 11:43:07 INFO: Linkage for commit 699911bd64a9b951b3effa8cbb755aebf35e5093
2020-02-20 11:43:11 INFO: Linkage for commit 5ab6d68fac3147b0962773d7d6aa3ac2b3a21ab2
2020-02-20 11:43:12 INFO: Linkage for commit 4e3b8d531748babf600dd88d3b216f2276d8a67c
2020-02-20 11:43:17 INFO: Linkage for commit 7ecac88b6dd7397a2af6c8a63d5322706a44b497
2020-02-20 11:43:19 INFO: Linkage for commit 422823f8e36e565fd96a6fd867976e85600c0f8c
2020-02-20 11:44:02 INFO: Done getting/parsing git commits.
2020-02-20 11:44:10 INFO: Linkage for commit 3ea71c835858a28d429ea26244dc94b372927318
2020-02-20 11:44:11 INFO: Saving commits to the csv...
2020-02-20 11:44:12 INFO: Linkage for commit 48f504a59720addabe652db295334bc91aa1bbd7
2020-02-20 11:44:30 INFO: Done saving commits to the csv.
2020-02-20 11:44:30 INFO: A worker finished ingesting repo consulo
2020-02-20 11:44:30 INFO: Adding repo consulo to work queue for analyzing.
2020-02-20 11:44:30 INFO: Worker analyzing repository  consulo
2020-02-20 11:44:52 INFO: Linking 15613 new corrective commits for repo consulo
2020-02-20 11:44:52 INFO: Linkage for commit e80e35bcb8011e2d6b775ccef91eedd7f32d8956
2020-02-20 11:44:53 INFO: Linkage for commit 26637e4623c605ad9bd49ee2bfe6a16765184694
2020-02-20 11:44:54 INFO: Linkage for commit 3d1f98a3c250af05c4778fcb4219487181e75099
2020-02-20 11:44:55 INFO: Linkage for commit 208904b167d0512930dccbe211e0d6f99fcb922a
2020-02-20 11:44:56 INFO: Linkage for commit 1a84ac4834af23d938b32dbb10fad8f8badef3de
2020-02-20 11:44:57 INFO: Linkage for commit a8668015f04fdaa581d3964534d0b75eaaa51061
2020-02-20 11:44:59 INFO: Linkage for commit eaf70ce2f279f76d5fe4308baf0552d4ee660b8f
2020-02-20 11:45:01 INFO: Linkage for commit 14b2f187399861372fa2ffe81a3c2c7aee027206
2020-02-20 11:45:02 INFO: Linkage for commit 7dccf60fe8f4b78338aa286c7a85820f15eca535
2020-02-20 11:45:04 INFO: Linkage for commit aad46e532b8fa582b219d42051541478e3bf9a53
2020-02-20 11:45:04 INFO: Linkage for commit f59163a6f2d974b6e99f8748ceb501e7418eee6f
2020-02-20 11:45:05 INFO: Linkage for commit 7e73de5ad56d943ee671a0b569b68f4110186b04
2020-02-20 11:45:06 INFO: Linkage for commit 93f24e478a2a8f468fb3738aa8544716a48b46bf
2020-02-20 11:45:07 INFO: Linkage for commit c7844d95d273ada959d00210a6dec667585ccc58
2020-02-20 11:45:08 INFO: Linkage for commit 25858ba9593803f22924b7db7de2a68e94064c7e
2020-02-20 11:45:12 INFO: Linkage for commit 8c3d7bb7fb7454d462b1b8550a2c92c30874e817
2020-02-20 11:45:13 INFO: Linkage for commit 85a663d1d8d06cf5c83c11fdc08a47fe0308fc98
2020-02-20 11:45:13 INFO: Linkage for commit 1a0e0414c1a0514c4d534b4bca8ef2b166cf95bc
2020-02-20 11:45:14 INFO: Linkage for commit e1bef926cf110f6aea8c1cc872769f8353bf1b01
2020-02-20 11:45:15 INFO: Linkage for commit c460f3c5147a4395024421d369cee004606bf64d
2020-02-20 11:45:16 INFO: Linkage for commit 29567bf21f6168f89118620bb27f555fd7c3175b
2020-02-20 11:45:19 INFO: Linkage for commit 23f76565565ea87a211aecaee654accc46fb3812
2020-02-20 11:45:20 INFO: Linkage for commit c960e2c5d7f048a2889777d44d40aecf931eadc7
2020-02-20 11:45:25 INFO: Linkage for commit e4f15175c76e6a9999690f4eb5ec34928a2d9370
2020-02-20 11:45:38 INFO: Linkage for commit 639398754289b0b9324606040e92a6f7bfe392e7
2020-02-20 11:45:39 INFO: Linkage for commit 618abf69beebe8ca5f0db1e24631b6f764e428b4
2020-02-20 11:45:57 INFO: Linkage for commit 9b9fc21e720f7c7a203f76b433125e795464fb9e
2020-02-20 11:45:58 INFO: Linkage for commit 013ae5dd5162d39ef62b5c6701a90846b251cf5a
2020-02-20 11:45:58 INFO: Linkage for commit 4ad021151dc3e4a8e518cfcdc9a66aae6f27055b
2020-02-20 11:45:59 INFO: Linkage for commit d447cb36ef9ce5ba18d62292a4a7d77329ca89e0
2020-02-20 11:46:06 INFO: Linkage for commit 82cb5be55c1112ea812db4c1117831ba147d5081
2020-02-20 11:46:07 INFO: Linkage for commit df2896c6c73ee380f4ff78daa5d8fa37b5be974d
2020-02-20 11:46:08 INFO: Linkage for commit 111f80af769cec0fafe0e3e10487fcf27dd8ed82
2020-02-20 11:46:09 INFO: Linkage for commit ff2e8a9f2d6b26eab3aa4242fd6e87f2edf9955c
2020-02-20 11:46:09 INFO: Linkage for commit 598713268ce808dabcaaf18d1e49dc2eee5978d9
2020-02-20 11:46:10 INFO: Linkage for commit 50ff376646facecec3dc835a367e6403ba2fa520
2020-02-20 11:46:11 INFO: Linkage for commit 5fd4d6848dc8cff960f958ef9674c7aac31a3794
2020-02-20 11:46:11 INFO: Linkage for commit 9a3b58d21ef4febb20f5344ba548a3e1ea9e2287
2020-02-20 11:46:17 INFO: Linkage for commit 5aa4ad590142046f936157074450705437634b5f
2020-02-20 11:46:17 INFO: Linkage for commit c7233dd393dd7afda01bf11ff3d6591ed94a1b01
2020-02-20 11:46:26 INFO: Linkage for commit aed425478a76195c9f594f475c9521f69e60bc9f
2020-02-20 11:46:27 INFO: Linkage for commit 60d80cf5fb2102b282dfdb8d67ccd57fb1b1972d
2020-02-20 11:46:28 INFO: Linkage for commit 0252da5384c80742b06c6e9620c4f06c0efe0334
2020-02-20 11:46:29 INFO: Linkage for commit 55df75967b10b1c6bfa6a0b466a2b175955ca56b
2020-02-20 11:46:29 INFO: Linkage for commit ef091549c73f4290f07bddf3094e4927181c425c
2020-02-20 11:46:30 INFO: Linkage for commit 4ad008134c60fa2963ca00297c365c8f8827a183
2020-02-20 11:46:31 INFO: Linkage for commit db83273c186e1ff9a5325c7f1f0ac9e360ccabbf
2020-02-20 11:46:32 INFO: Linkage for commit 8167d29a6b520febf6943f4b8189a03f81ff0b06
2020-02-20 11:46:32 INFO: Linkage for commit 0b1debad9b543bfea928e19fa395aae429e017c8
2020-02-20 11:46:33 INFO: Linkage for commit e8125ddb902aab8141b7a42421209f89e2a2c38d
2020-02-20 11:46:35 INFO: Linkage for commit a6ab8daf82fb61588c6666f50b2c5675767e5631
2020-02-20 11:46:41 INFO: Linkage for commit 8787814ff6de692bac17bc9f21fd9850f017061f
2020-02-20 11:46:42 INFO: Linkage for commit 425b62b63393d82e9bd83b1640aa3346b3db1b49
2020-02-20 11:46:43 INFO: Linkage for commit 3950838b00aa1b5b2e1528f357bf958fb036577b
2020-02-20 11:46:43 INFO: Linkage for commit 4b41c3e85b2e904394f69ceb8d2e2405c18d404e
2020-02-20 11:46:44 INFO: Linkage for commit 72a2f7c5366423362937f16b64ed4366531bf5b3
2020-02-20 11:46:45 INFO: Linkage for commit f755c4ce01fad5891b5c0512d184dff012c9fbf6
2020-02-20 11:46:45 INFO: Linkage for commit c935f2dc417331f8991d3ab453a04d6a4114d5ba
2020-02-20 11:46:46 INFO: Linkage for commit a31cf34f79376a16cc3ad1b337927d04ed78ae70
2020-02-20 11:46:48 INFO: Linkage for commit 7e8b35666de4ac707ec4c888b34601bc21e1def6
2020-02-20 11:46:49 INFO: Linkage for commit 5ecb1bb66093a873f3667a53c8cb03e90741b0bb
2020-02-20 11:47:13 INFO: Linkage for commit 2e7bd0ccd01ab677be18b932a123b7d45a7b8c40
2020-02-20 11:47:13 INFO: Linkage for commit a6268a3e7ed38e0bcece84a20a4e29460c32c9d4
2020-02-20 11:47:15 INFO: Linkage for commit ba21e767f07f22fbd6d1cd01e252b61ed8833e1f
2020-02-20 11:47:15 INFO: Linkage for commit 7b15ad743180a5eafb26d14f53200dfda1d7ba56
2020-02-20 11:47:16 INFO: Linkage for commit 095c912ffb99d5c9d72c063c284f2480d6192623
2020-02-20 11:47:17 INFO: Linkage for commit bef836e5a899ec43b382db2d5ed0cd3f49fb7ebf
2020-02-20 11:47:18 INFO: Linkage for commit 8532684d063d56f6768ce843caaf69dd0217d822
2020-02-20 11:47:18 INFO: Linkage for commit af704b8f223339fc8ddf922b50b95d7a15ea455d
2020-02-20 11:47:21 INFO: Linkage for commit ec8061af33c3650e89e2969e0d5e8f16ded6a4e7
2020-02-20 11:47:24 INFO: Linkage for commit 4c7a2752961ef2e1cdce30ef501ee66880efbe35
2020-02-20 11:47:24 INFO: Linkage for commit 046a07de558b545de59e79268d9a802416bcc1ba
2020-02-20 11:47:25 INFO: Linkage for commit 8d9d0a625527fea97a034d05cf7f2a994720bc6b
2020-02-20 11:47:26 INFO: Linkage for commit 1558af9e915db03684d5f1b4b2733101bb68fedd
2020-02-20 11:47:27 INFO: Linkage for commit 27b22aaf70998e57a6b3e1d92743cb99564ccb45
2020-02-20 11:47:28 INFO: Linkage for commit c54d4d46e0231ea73148df24749fe6318f0ba82c
2020-02-20 11:47:30 INFO: Linkage for commit 23d5551e916258324b5e77db585fac09b338a54f
2020-02-20 11:47:33 INFO: Linkage for commit edd7a695897d2fa0f2884050facef1547fc81212
2020-02-20 11:47:34 INFO: Linkage for commit ddb3c9dcb481a718dc973541b05e92598c451af6
2020-02-20 11:47:42 INFO: Linkage for commit 9da80232abb7e62a872cb789d2273b2403ee8395
2020-02-20 11:47:43 INFO: Linkage for commit d867da813f42e562df39ca9fce44c935a12ebe22
2020-02-20 11:47:44 INFO: Linkage for commit a7cbaa1c33aa3fe3bca5df7922a782ef13a50c10
2020-02-20 11:47:45 INFO: Linkage for commit 5eb12e0482f82b2618b30ccf5eaa5ef5945b2690
2020-02-20 11:47:46 INFO: Linkage for commit 53b9b46edda363f9ce36b7ad92ee8396cb18e1b0
2020-02-20 11:48:07 INFO: Linkage for commit 844e21ba63bc364773002f0f91092a5c3a168378
2020-02-20 11:48:10 INFO: Linkage for commit 4a7702ad3c7f1e703101774cf9d9631155d5b718
2020-02-20 11:48:11 INFO: Linkage for commit 26978ff1dc3869ce9ef9190e51ce94c587ff4432
2020-02-20 11:48:14 INFO: Linkage for commit c54dba3086510f36821c360cf1a37c738895a836
2020-02-20 11:48:15 INFO: Linkage for commit 2851f9b1647a1fbd39c4dd1770afdf585f39f464
2020-02-20 11:48:16 INFO: Linkage for commit 666e3d7a37aa902e500c1277577d07910566185d
2020-02-20 11:48:16 INFO: Linkage for commit 07c8dd93f60c3fbe99c114b1328f89fb3dbc7ea5
2020-02-20 11:48:17 INFO: Linkage for commit a504fd27c917022e698ea99ef56628c0e3b67601
2020-02-20 11:48:19 INFO: Linkage for commit 140187dbfb586bceca59385c50eba134768e8ddf
2020-02-20 11:48:19 INFO: Linkage for commit 15b9bbdaaed4cfc2f81bd7bf63401f715c8ab921
2020-02-20 11:48:31 INFO: Linkage for commit 59e6cce6d354cfad2d6c122982e6560a3acf55a3
2020-02-20 11:48:32 INFO: Linkage for commit a1e82f042bd6b110cd55b9efa2b77be7ca415da0
2020-02-20 11:48:34 INFO: Linkage for commit 06c02a1a8620ae390eaab294f33397354ee08069
2020-02-20 11:48:37 INFO: Linkage for commit c5e251cd254b918f9cb3f090e024d159d240ef70
2020-02-20 11:48:37 INFO: Linkage for commit bb9479d9cae819f18b8060ec9732e9c42ef990f0
2020-02-20 11:48:38 INFO: Linkage for commit bd2ecba095f4e1cca24fc57fc38db8febcf3eed6
2020-02-20 11:48:38 INFO: Linkage for commit 00cd8d51c0c4ecbf59fd55bb7b67bcbb5522ef46
2020-02-20 11:48:39 INFO: Linkage for commit 4993e381d0c3b32b03f02b16ce64ca9309137e4d
2020-02-20 11:48:40 INFO: Linkage for commit f59c26d5c2a45668e3a643b883d0f31cda735bf5
2020-02-20 11:48:40 INFO: Linkage for commit cadd12fe44f37ce5c40652a800820eca8b09cfb7
2020-02-20 11:48:42 INFO: Linkage for commit 6305833b65ecbfec410571241945e61dbdde35c5
2020-02-20 11:48:44 INFO: Linkage for commit 09c8414616c7ff1069f36e061774c00aab35258a
2020-02-20 11:48:45 INFO: Linkage for commit 18ee8dabb9084ebc0df7ff35b034182fff602a55
2020-02-20 11:48:46 INFO: Linkage for commit 0e9d29b22a25e907901cdd47d3fa02d3d652919d
2020-02-20 11:48:46 INFO: Linkage for commit ad5114b086e32e0aff3918830e37904af1d34139
2020-02-20 11:48:48 INFO: Linkage for commit 3f16697ddb12299ad4e3ace395961490c94bb461
2020-02-20 11:48:49 INFO: Linkage for commit f195aeb83fc6eb2ec57187092cf4dc8fc94acc5c
2020-02-20 11:48:49 INFO: Linkage for commit 46379fac60e180c402a706002c05ab707e321e91
2020-02-20 11:48:50 INFO: Linkage for commit 2c0965609d09ef68f655b6fcd3ee3ed38996ff54
2020-02-20 11:48:51 INFO: Linkage for commit 874cca22729ef7b8ce0b92fcfde44cf9e3504abf
2020-02-20 11:48:51 INFO: Linkage for commit a9660b52013164c4e6f8f8003136c28f705b812c
2020-02-20 11:48:52 INFO: Linkage for commit 211e57ae5662581665868bd46e0953a6ea09d69e
2020-02-20 11:48:53 INFO: Linkage for commit 64c0b56747df1d48743633dcd4ca4bae21433cd8
2020-02-20 11:48:54 INFO: Linkage for commit e3233be5584f93da66724abdf8c93f8ef9b1ab55
2020-02-20 11:48:55 INFO: Linkage for commit c951764a9fd25d9aaa75395f556f30efe84dc355
2020-02-20 11:48:56 INFO: Linkage for commit efc4a82feec0f5b1872699c694d42010b3f79478
2020-02-20 11:48:57 INFO: Linkage for commit 603b62a616efd503ab19a5cf6d7edce77fd68c89
2020-02-20 11:48:58 INFO: Linkage for commit 02714dbd422a1a180344175d850671ea8ffbc8df
2020-02-20 11:48:59 INFO: Linkage for commit 975d693d1b6f35650136d4e94e38f6eb25dd321c
2020-02-20 11:48:59 INFO: Linkage for commit fcc7e8190abd36f796eed5166d3d3e8b0ab0eaf0
2020-02-20 11:48:59 INFO: Linkage for commit 98961e436f14f0db345bac174d4e5e67d4f3d2f7
2020-02-20 11:49:00 INFO: Linkage for commit d7cf9d0b7f65926c459445f9812e3240fa6d6e89
2020-02-20 11:49:00 INFO: Linkage for commit b0df7f589560c3f3c210cbe77b3d51c608ee6211
2020-02-20 11:49:02 INFO: Linkage for commit 10870bd4cfb3d18d9237d966af800918100a2f12
2020-02-20 11:49:02 INFO: Linkage for commit e6d931726fff227588557166a129438f56808ed3
2020-02-20 11:49:03 INFO: Linkage for commit 92f6b51e59213873a5d434e90784e078c979b7ba
2020-02-20 11:49:06 INFO: Linkage for commit bfe82dc83a75d544fa3ff4054e33414a2a195961
2020-02-20 11:49:25 INFO: Linkage for commit ffeb3b80e7288d60b8559c76dd8b152768df693f
2020-02-20 11:49:25 INFO: Linkage for commit f2dece55bc5a70f2ad6aa4b24d76efe0a6f50f98
2020-02-20 11:49:25 INFO: Linkage for commit 414ed55fffd27c37124696934d81bc1d25a01e19
2020-02-20 11:49:26 INFO: Linkage for commit 96f1db6459e9f5d0102d9d8738d9d4369d8bf000
2020-02-20 11:49:26 INFO: Linkage for commit 0f9229354bd6e832ab727fa6c0f88794eeebd95e
2020-02-20 11:49:36 INFO: Linkage for commit e43e203fa4187f65d96668c311a7a5671841cbb7
2020-02-20 11:49:36 INFO: Linkage for commit 7afa8fc953eca49baf24f5a5e18c880e5d9e6f27
2020-02-20 11:49:37 INFO: Linkage for commit 02f53b931ef0bb0a536c50a76d30f6e18a80fd6e
2020-02-20 11:49:38 INFO: Linkage for commit fbdb3e11ebf6ef6ee399aaad1956a5717a0ae399
2020-02-20 11:49:40 INFO: Linkage for commit e7c8046a677e947ad27088d4985fb5b8fd3cbe72
2020-02-20 11:49:41 INFO: Linkage for commit 252582f26155e414cac236ac11a5338a13ee942a
2020-02-20 11:49:41 INFO: Linkage for commit a5a6f6c0c8831b5c43ce0e65bc55353c6d60c810
2020-02-20 11:49:47 INFO: Linkage for commit e43352235eb4f093a553ef919f39495a8f056304
2020-02-20 11:49:47 INFO: Linkage for commit d173bf175fcb819a1ab948ab0c38c672f873b203
2020-02-20 11:50:01 INFO: Linkage for commit 48ea5e55435b5d87e4246c590af9703d6450a22b
2020-02-20 11:50:02 INFO: Linkage for commit 7c9f84d6c0f579d18d88a3d9f60fe798474f36ee
2020-02-20 11:50:05 INFO: Linkage for commit a54da7fb60abb8ecf9fb91afb64065bf2b430d4e
2020-02-20 11:50:06 INFO: Linkage for commit 93f666251599051d4a005a568ad995491ab72918
2020-02-20 11:50:06 INFO: Linkage for commit f329eef845e429d218a82352c3b862f4c5dee5ae
2020-02-20 11:50:07 INFO: Linkage for commit 89aacf22b10dc11b7ba70e678e7da39ff0132bdb
2020-02-20 11:50:07 INFO: Linkage for commit cc1eff8a3d0c312149c659837a49052e79fdfe44
2020-02-20 11:50:07 INFO: Linkage for commit a4729739f56ae4b387d1352d5123657289e66f82
2020-02-20 11:50:08 INFO: Linkage for commit c16b83c9177a2e550fd0f42bebf35704a1f1c985
2020-02-20 11:50:09 INFO: Linkage for commit 240f9583966f650ae3090f1e0adcbeb098ab29f9
2020-02-20 11:50:09 INFO: Linkage for commit e12f9f57f62bd8e691faa23a052ba0258d5a99b2
2020-02-20 11:50:10 INFO: Linking done for repoderive4j
2020-02-20 11:51:07 INFO: Linkage for commit 203177022857941e50aeefa845c0d6c40368e4a2
2020-02-20 11:51:29 INFO: Linkage for commit a57f2798a65eff13924590f27cb29faf214b8b39
2020-02-20 11:51:32 INFO: Linkage for commit 24d907014a6b6a2d42896a8d7dc3e10354ec21d2
2020-02-20 11:51:32 INFO: Linkage for commit 2b3679b13ed5cd30967af2ba6087dcda06cc52e2
2020-02-20 11:51:33 INFO: Linkage for commit 0708c9b7358c9ba31ada47605cb13a4106a21b08
2020-02-20 11:51:33 INFO: Linkage for commit c9eb3e9f5521de14d6b026cb97ebc0407678bdeb
2020-02-20 11:51:38 INFO: Linkage for commit e11211e00d0ed9f6fe5a29c54dfb0cefd94df471
2020-02-20 11:51:39 INFO: Linkage for commit 110cd993e745f84e7421e021ed93a4e3ba2c3804
2020-02-20 11:51:40 INFO: Linkage for commit 006fe14739bb60e0b6ff31fb491927cef4a756ee
2020-02-20 11:51:41 INFO: Linkage for commit 844fe248c16bd137ec2d5f670197e9259913a9a6
2020-02-20 11:51:41 INFO: Linkage for commit 0ca3b03dd4a933316137aff22c0375eda7f7aae1
2020-02-20 11:51:44 INFO: Linkage for commit dbc855ee15cddc221239555a41da0729c04f4725
2020-02-20 11:51:44 INFO: Linkage for commit 7e2dda4969e6534333ec14a408caa77512eb3d64
2020-02-20 11:51:45 INFO: Linkage for commit 283e06378abbafda2e54e0a20bca57c2b0fed3cf
2020-02-20 11:51:46 INFO: Linkage for commit 2b4d5259e8ffc18a47114d0b5ff78306c828343b
2020-02-20 11:51:50 INFO: Linkage for commit c51798707c7afd28738796402fc057b679444d38
2020-02-20 11:51:50 INFO: Linkage for commit c351f9d3f5c12a771262b9559b137d41997e121c
2020-02-20 11:51:51 INFO: Linkage for commit f2aeb54cfa8ba60e9cee349fd1414e2c4fe62216
2020-02-20 11:51:51 INFO: Linkage for commit 73bed043e33fbbb9f487e55136766fca2980d573
2020-02-20 11:51:53 INFO: Linkage for commit 85211e1ffe4544eedc7b24e246438273ed2baff9
2020-02-20 11:51:54 INFO: Linkage for commit a7a204a2dcc4fd39e2b87867ede8d231579e6440
2020-02-20 11:51:54 INFO: Linkage for commit 10c8a8cdf3f219ba62286b6497b435ac1e283512
2020-02-20 11:52:01 INFO: Linkage for commit ca115ac7567518b3a01fcf6a591d7cce4ac84f2f
2020-02-20 11:52:02 INFO: Linkage for commit f23e268ec3c50c6292ee986871630b8e997a0d32
2020-02-20 11:52:05 INFO: Linkage for commit 5add012faae60cdd7efaa6ebf3a8337cac52a38b
2020-02-20 11:52:06 INFO: Linkage for commit 8ff9e59fb457243be019bd2f05a3c920822e75de
2020-02-20 11:52:06 INFO: Linkage for commit 48368e6169604f49edd14f38e67fe08d9e685a63
2020-02-20 11:52:08 INFO: Linkage for commit 25dbd2aaca26fc6c616db737a6c98c59ea4e8c7d
2020-02-20 11:52:08 INFO: Linkage for commit bd09c6b49bd305b394487199dc7333b9462602b4
2020-02-20 11:52:10 INFO: Linkage for commit 3ae8cc3c8edfb26eb929ba4346b3c6b0d98902fe
2020-02-20 11:52:11 INFO: Linkage for commit 15c97a371de0ca66ce0285acf1e9b80b5b0808c7
2020-02-20 11:52:11 INFO: Linkage for commit 415593c446e11053d9c787e9d7d66fa37b115c88
2020-02-20 11:52:12 INFO: Linkage for commit 56c1de70001227bc26ccf7a4401f78c5037bb941
2020-02-20 11:52:12 INFO: Linkage for commit e0dcd53fbf83879e6091cf45305cb7ec63729457
2020-02-20 11:52:12 INFO: Linkage for commit 115f47f184406904b06a5f67d0e083c8d10d5e5a
2020-02-20 11:52:13 INFO: Linkage for commit d2dd1619d25bac7d655511a7f64092983206906d
2020-02-20 11:52:13 INFO: Linkage for commit 51ca062ce52724154fbc00974868aa21a646a580
2020-02-20 11:52:14 INFO: Linkage for commit c6f9aa768425aee1cc65079606d1e0f57f7db2e4
2020-02-20 11:52:15 INFO: Linkage for commit b5dff8a184a53480111898bee2d42fa5f0a85f2a
2020-02-20 11:52:15 INFO: Linkage for commit ee5c4aaab68d068521bd0cc62a54cb903fea338f
2020-02-20 11:52:17 INFO: Linkage for commit f48fb705b592daa8947cb776420fc0774633b875
2020-02-20 11:52:21 INFO: Linkage for commit 054d07e696d2209bb8f900d7f7c41205687d0957
2020-02-20 11:52:30 INFO: Linkage for commit e001fc87a7109befab2032e7d420bdb83e1a7d9e
2020-02-20 11:52:31 INFO: Linkage for commit 133dd3d47f5c3cad25377ed0b33de6d0a8d5016a
2020-02-20 11:52:31 INFO: Linkage for commit 3d681344f63bd2649bf784785995d6340c551211
2020-02-20 11:52:32 INFO: Linkage for commit fa10228d0fa3432f61ca6cf676c26209b6b6b139
2020-02-20 11:52:34 INFO: Linkage for commit 43357dc64d37661a0d866fdbcbc2ed29d8885598
2020-02-20 11:52:35 INFO: Linkage for commit 752a9d5799134e7c2756e1c44223bfb17a2a089f
2020-02-20 11:52:35 INFO: Linkage for commit 64d4c6e8873997ce03a7a360f3beef156027910f
2020-02-20 11:52:36 INFO: Linkage for commit 8b3038f3a4cb01fae06aa5af5e0b06e676607445
2020-02-20 11:52:37 INFO: Linkage for commit d67e8412bd2a0eaed6069e9aa648610afaac1539
2020-02-20 11:52:37 INFO: Linkage for commit e6e9a70c8298334336a9f95067c57b8ae12c7100
2020-02-20 11:52:38 INFO: Linkage for commit e541877efbdd84455d5b108b3ddc80ad2a30a9bf
2020-02-20 11:52:39 INFO: Linkage for commit 0caed6fc80377faca2839e7e88e9cf288e3705d6
2020-02-20 11:52:40 INFO: Linkage for commit 5de9e9a7d90ee2298dc3daa81e17e2479c6b363c
2020-02-20 11:52:40 INFO: Linkage for commit 3e08db8554edf89be7e54e0dc489ea2b43dc0c5b
2020-02-20 11:52:41 INFO: Linkage for commit bceb45613d935ff0999217f5bb37ef8ab70cd5e7
2020-02-20 11:52:46 INFO: Linkage for commit 544996707b83d15d8aa97fc6c81ad04e34bd1446
2020-02-20 11:53:13 INFO: Linkage for commit aa62f9abaa6b25834046211f416b67ab4be119d7
2020-02-20 11:53:13 INFO: Linkage for commit e935b1d9850de803fd179b588fb9a2adc32894f8
2020-02-20 11:53:14 INFO: Linkage for commit e96fbf223b9f6ef87c392e004a808daa17a87845
2020-02-20 11:53:16 INFO: Linkage for commit 248fdb9837f5b7d688b1bda76a2a07d678d26a54
2020-02-20 11:53:18 INFO: Linkage for commit 1cc49c6d39b88bba17ceb29387493a42fd39811c
2020-02-20 11:53:19 INFO: Linkage for commit bce31a17d3828d4c6c6f7b7a4ececce55b7db3da
2020-02-20 11:53:21 INFO: Linkage for commit 92ea06c79012579e0907fab3e30c8bab13fbe7db
2020-02-20 11:53:27 INFO: Linkage for commit 7cc49f57fd75f032b80560ecde54c4a99bda9ac7
2020-02-20 11:53:52 INFO: Linkage for commit 90a6d40b4f1381bb4b62a34a691276b8d32cb18b
2020-02-20 11:53:56 INFO: Linkage for commit 9165c3a05344903cf04d478aa5a3cb5db829ac6b
2020-02-20 11:53:58 INFO: Linkage for commit 08647836295211e95e8799286c7c9469f85d965f
2020-02-20 11:54:05 INFO: Linkage for commit 39d288f19dac6be5ca44a663b0143f45a14971cd
2020-02-20 11:54:17 INFO: Linkage for commit 8f4704bdb45762a25e8cf43292c953d8dc4978fd
2020-02-20 11:54:18 INFO: Linkage for commit eb4f4ba89c7880a07b33813bebd15ff855f2de21
2020-02-20 11:54:18 INFO: Linkage for commit f24960c9bcb23d13191144b689a4a450b40cf7eb
2020-02-20 11:54:19 INFO: Linkage for commit 73074ff45c7784005cbcdad4b9e74df6e255ec08
2020-02-20 11:54:20 INFO: Linkage for commit e5894ad58970c1bc26aa7f96323ddbf7401a4fb4
2020-02-20 11:54:21 INFO: Linkage for commit 3954a94b352a0eb1e8098653a50e17afc5a8f805
2020-02-20 11:54:21 INFO: Linkage for commit e490e065030b364b636aebb67258315e92bf441b
2020-02-20 11:54:22 INFO: Linkage for commit c6f35171d5a3ebb4e0f14572190b43ac73e545b4
2020-02-20 11:54:23 INFO: Linkage for commit 9b119fbcdfdd671eb8a8d14571b0d60f4204b050
2020-02-20 11:54:23 INFO: Linkage for commit 4c770b0bcb0b3d7f1374d840567d2c27d6fb6728
2020-02-20 11:54:23 INFO: Linkage for commit 0025101282885ea3db1e69ac2cd3c4e0ef5d7f23
2020-02-20 11:54:27 INFO: Linkage for commit d401c0d239fcbbe186194c94e92632955bf4943f
2020-02-20 11:54:27 INFO: Linkage for commit 7d80171d44ac4ccb4ad6097837cdd93ed07c5340
2020-02-20 11:54:31 INFO: Linkage for commit 2576d7fbf1b96085e5229d954202c98e0f13fa18
2020-02-20 11:54:33 INFO: Linkage for commit ae4518b903bddb6d4a6017708d6e20c684843f5a
2020-02-20 11:54:34 INFO: Linkage for commit 70fb7011ec9e61eed24f9448d8b995ef1077e3d0
2020-02-20 11:54:35 INFO: Linkage for commit 09c4f39b062474d014421e68db60c7cd781b0a86
2020-02-20 11:54:43 INFO: Linkage for commit 54dc3dac5f475bb7fd62a982d7c0ef8ec0a7ddc6
2020-02-20 11:54:48 INFO: Linkage for commit b718029c09368c1c62dec19b5380acaa441f508c
2020-02-20 11:54:49 INFO: Linkage for commit c11346e7e376d3f9e2a199e48d17f1123cb92a27
2020-02-20 11:54:49 INFO: Linkage for commit 688ef6c437f2dc4e7ca2a44545995fd9562817f1
2020-02-20 11:54:50 INFO: Linkage for commit a9df9d4d7695c8a7b1bf46f749672493e181b584
2020-02-20 11:54:51 INFO: Linkage for commit 215c0dac6d7ac15158942c0a74baaf761e587916
2020-02-20 11:54:52 INFO: Linkage for commit 8fad3da36c9e1752ad2fbdc9aa1e11ee6723176d
2020-02-20 11:54:53 INFO: Linkage for commit d9c8fa60cde6ee5ac35a4e0d79f42b331b94020a
2020-02-20 11:54:53 INFO: Linkage for commit 02a8d38951be68feca591e597de45276d416c1a6
2020-02-20 11:54:54 INFO: Linkage for commit 1666478b304c38aba805d4148ff4e05e1f0f067d
2020-02-20 11:54:54 INFO: Linkage for commit a4d94edb4d65edf7a2003cf0958ebd7fae594a37
2020-02-20 11:54:55 INFO: Linkage for commit 0f25129cc3fb5fb5a6599159dcfc70d204182766
2020-02-20 11:54:55 INFO: Linkage for commit 7f715573329063fd10fc43db63819bea93b762c2
2020-02-20 11:54:56 INFO: Linkage for commit 4e7b7d168b1aef193dfdab6579dca7ec0de729e3
2020-02-20 11:55:13 INFO: Linkage for commit 3b81213e46264988f924741aade6505e885cff2f
2020-02-20 11:55:16 INFO: Linkage for commit d112ee70c8f54f7c6a9d44c14a923cf0182fc5d6
2020-02-20 11:55:17 INFO: Linkage for commit 089e4de7a743ecd5ffccc56f2f248ec27ce8d317
2020-02-20 11:55:18 INFO: Linkage for commit 2b538441ae02633bc3fb134c0a3a3651e6c0b647
2020-02-20 11:55:19 INFO: Linkage for commit cb29f40b0ea3d5123737949a05052d3366a1070d
2020-02-20 11:55:27 INFO: Linkage for commit 41c71007e384a03f885b6971e3d7c39bfaed55e2
2020-02-20 11:55:29 INFO: Linkage for commit 5637667098e6188bd7c46f74449505752f49e0a1
2020-02-20 11:55:29 INFO: Linkage for commit 9803dce0884c7edad1ee06efac9cad6e1b8733b4
2020-02-20 11:55:31 INFO: Linkage for commit 4da7e5acb0a3ead0a55e4b8c04e7a15bcfd9106f
2020-02-20 11:55:33 INFO: Linkage for commit 3e39ea93366867c709c25f39d2080b8ecb62a637
2020-02-20 11:55:34 INFO: Linkage for commit 2cbcd1c107e5600bb408d8a5e5e160e53705af5e
2020-02-20 11:55:34 INFO: Linkage for commit ed9de3843fe5a1fc76139063e5f900bcad4be594
2020-02-20 11:55:35 INFO: Linkage for commit 311274aa0735c5b8ec1a60739a9813ee776229fd
2020-02-20 11:55:35 INFO: Linkage for commit 2c3bdeb8253fa6e5b16e95d9785bfca3b67467c6
2020-02-20 11:55:36 INFO: Linkage for commit f97f744807b5138e12c54896259e796722c80afb
2020-02-20 11:55:37 INFO: Linkage for commit 6c5f21eb45c81714588009fb4fa8c2b270fbf689
2020-02-20 11:55:38 INFO: Linkage for commit b06362754083840587ab276d4aa42bfeda20684f
2020-02-20 11:55:39 INFO: Linkage for commit b37681474a4f5cbb5a4c6c6336031b4a6081c7a8
2020-02-20 11:55:44 INFO: Linkage for commit a2ef29438dfd76e784b87c4fe569c7985484f1c1
2020-02-20 11:55:44 INFO: Linkage for commit 6d6431b82f533c519bc5faa852b0fdf11eb86801
2020-02-20 11:55:46 INFO: Linkage for commit 5ee2f48b2bd8a9324a0bd9bc131c2b342c0f05c4
2020-02-20 11:55:46 INFO: Linkage for commit b9adf55e44e80fb7804edbac0121ea0cc6aa3e0c
2020-02-20 11:55:47 INFO: Linkage for commit e6030e3a1ddc632726211704ebf2529ac8c7669d
2020-02-20 11:55:47 INFO: Linkage for commit 058bb1fb32f0ca4dc2e9286c90db61adc89ee19c
2020-02-20 11:55:49 INFO: Linkage for commit 84b20496caf8e6402adec0168964a1bb5832373f
2020-02-20 11:56:00 INFO: Linkage for commit e7933e2a109052914f4e6511088de70b5dda289f
2020-02-20 11:56:03 INFO: Linkage for commit 28de9e24fa6a41f6e8117588d91f39fda3d0a706
2020-02-20 11:56:04 INFO: Linkage for commit 46394cd3505fdde81b3a4dc107061b2ea2dde3af
2020-02-20 11:56:05 INFO: Linkage for commit 5b3d598d3a75fa02c06ea596b90a2c5aab41d554
2020-02-20 11:56:06 INFO: Linkage for commit b080fd0d58ab279226f25e1ebd84392c26dd5f33
2020-02-20 11:56:06 INFO: Linkage for commit a811996177716e4a8216adfd8df34c8d8a1e4b24
2020-02-20 11:56:08 INFO: Linkage for commit 97bd181899cc6306beb147ba5459f38c8952e2e6
2020-02-20 11:56:08 INFO: Linkage for commit 2d85e50af54b3590ecaf81bab63884fca16243f9
2020-02-20 11:56:09 INFO: Linkage for commit 4376c52079f392e785cf45896f4312ba15a85c4d
2020-02-20 11:56:09 INFO: Linkage for commit b97c9e5e3fabd064b57a5435af4a5ca38452ebd4
2020-02-20 11:56:17 INFO: Linkage for commit 38e4001e0c53e5aa23357bbf85864ff648c0ef30
2020-02-20 11:56:27 INFO: Linkage for commit bc70dffc61464a6bafa52c47fdec693ade2f6015
2020-02-20 11:56:28 INFO: Linkage for commit 74b37f5d23cb103b0484f6b37fdd3ad6fd93f529
2020-02-20 11:56:35 INFO: Linkage for commit 910fdccaa08792617ecf09a7f407cb5a2aba9c85
2020-02-20 11:56:36 INFO: Linkage for commit b3dd4a6ed2c6d866ef40f3a514aef6017b9c099d
2020-02-20 11:56:44 INFO: Linkage for commit 02aa1cf00afa26f3265cd961ef6955f950f51d79
2020-02-20 11:56:51 INFO: Linkage for commit 961de3c0afa49b14b3dc1a9fe8a50facc629bf3a
2020-02-20 11:56:54 INFO: Linkage for commit b03e22e001bbbce1473414938437bcebe9d61c04
2020-02-20 11:56:57 INFO: Linkage for commit 1b0576b6afce51ed8a55cb57cfea5332755f8a9d
2020-02-20 11:56:57 INFO: Linkage for commit 83b45992a1677df25c23c1dfc60672a8021ae14b
2020-02-20 11:56:58 INFO: Linkage for commit 830ebcdc889a7d58a1c6e285c5cea0497f4b8d58
2020-02-20 11:56:58 INFO: Linkage for commit 74a4f4dd8aa707ba68f5fe742adf6e3bdf0869fe
2020-02-20 11:56:59 INFO: Linkage for commit ce08a9c2241cbd4d18063cdc76f3f26bb7f89bb8
2020-02-20 11:57:00 INFO: Linkage for commit c312e61666c38567baba6da415ec987d2ed008a1
2020-02-20 11:57:01 INFO: Linkage for commit aaf06719f75dce3251147486e6c669b04c59af31
2020-02-20 11:57:02 INFO: Linkage for commit 6f2849521565d22512cb021d1d947b90df9c4ca0
2020-02-20 11:57:02 INFO: Linkage for commit be770066e973b583999fa8db0b6d8e4e858fbf30
2020-02-20 11:57:02 INFO: Linkage for commit 3cf8d46a0f8209ff9c1dce30b085e6a43db2b336
2020-02-20 11:57:09 INFO: Linkage for commit 1cbc77c301adc5e0adf179c6386a7caef3d218b8
2020-02-20 11:57:10 INFO: Linkage for commit 9ee5f3c3ee0fe6be03463b67e5012b1ec8e6fc48
2020-02-20 11:57:24 INFO: Linkage for commit 54d91d02f574d3e8b89674a0c00c41d11701bbaf
2020-02-20 11:57:29 INFO: Linkage for commit 8b807f9ceef1498ff6b03832a06fa8b342300ea0
2020-02-20 11:57:30 INFO: Linkage for commit fcf1c17594cdd17f1eaedb3246846bdb3d185327
2020-02-20 11:57:36 INFO: Linkage for commit ca106b4bd7ad148dce56989040387c1c5d546235
2020-02-20 11:57:38 INFO: Linkage for commit ff1bbc9fb5b667f026d3c5a7c46dbccd05871ef4
2020-02-20 11:57:47 INFO: Linkage for commit 47f84b7a093d51960abf8ba49131e1cd913022fa
2020-02-20 11:57:48 INFO: Linkage for commit fc79de35958e6e524fff5875e4a548f080e0708f
2020-02-20 11:57:49 INFO: Linkage for commit c0ce52a829c65c78db038d5ca7ad28099dcc4f26
2020-02-20 11:57:50 INFO: Linkage for commit 50b2d1ff93e4181173f77c22e00046a2f47db5b2
2020-02-20 11:58:12 INFO: Linkage for commit e58fabe20b37aa651121cb96b3e34b7f1b3c29f3
2020-02-20 11:58:13 INFO: Linkage for commit 964335cdc12ac440b8cc7f842ff550f546bd6036
2020-02-20 11:58:13 INFO: Linkage for commit ea13096ddc596dcaf1cfeb6fbf89fca8713a56a5
2020-02-20 11:58:14 INFO: Linkage for commit e50e47cec85e7ec3a8acc2a575fe3fcd5d7b27c6
2020-02-20 11:58:15 INFO: Linkage for commit c097b6aec1ae014e5eb4ea58302bdb498ff264b8
2020-02-20 11:58:24 INFO: Linkage for commit 6cf8409a2b1e8ff1f58e576e7ef6965c1ef70489
2020-02-20 11:58:29 INFO: Linkage for commit b5332f451da01bb66ce1e8b36bc71edaebeceefb
2020-02-20 11:58:30 INFO: Linkage for commit 96d7b20b121e6519f1cf625f461f1400b8e2d074
2020-02-20 11:58:30 INFO: Linkage for commit 995dddc1129ac8321db1ebf4213adcb38d4a1fd2
2020-02-20 11:58:31 INFO: Linkage for commit 7e1a74577ce4fa4a55bcfb9023e86e1b3d54ef4a
2020-02-20 11:58:31 INFO: Linkage for commit 46d7eefa51ec6ceb497976d8364b1aac3ec434df
2020-02-20 11:58:32 INFO: Linkage for commit 9b469e9774f6708ebe72f7b0952126df9cc6d9a4
2020-02-20 11:58:32 INFO: Linkage for commit 57ff08b39fa39854bc70a83dac6551bf209c3678
2020-02-20 11:58:33 INFO: Linkage for commit 673b641eb65941d46c5b990d172f88a69acecdcd
2020-02-20 11:58:33 INFO: Linkage for commit 9c80b2eb66e4892945b033f46a2f62c35aad8aa2
2020-02-20 11:58:34 INFO: Linkage for commit b97c3b3129ba23533417ad3b575bf4682dd7e4a9
2020-02-20 11:58:34 INFO: Linkage for commit 48aaaa835e17eec8ec2df836b960811497d8b626
2020-02-20 11:58:35 INFO: Linkage for commit 97afb38304f1329288982f33f1f87cdbe8f8c440
2020-02-20 11:58:35 INFO: Linkage for commit 8dc6929c0a557117a40fcbb03d26bfd3180f920f
2020-02-20 11:58:37 INFO: Linkage for commit d2855633c3a5910336a3e4e667efc650b5f41885
2020-02-20 11:58:38 INFO: Linkage for commit ce6d02c9f8f462eba7413dfffa1266e7839ab3c1
2020-02-20 11:58:38 INFO: Linkage for commit 38657ff1efef6dec5814421b44a6092d9e59fe87
2020-02-20 11:58:38 INFO: Linkage for commit 4670dec359c35dc9cf083dcc44e19ab72cb48d53
2020-02-20 11:58:42 INFO: Linkage for commit f2ef3718bade19853935bca290cf997b629fddce
2020-02-20 11:58:43 INFO: Linkage for commit 52192ec1237744ed8ffb8f599d164e0b550ac465
2020-02-20 11:58:44 INFO: Linkage for commit 6c2b42c628970a4868b8881fbcc74a8b098df773
2020-02-20 11:58:47 INFO: Linkage for commit 3637ec300f947a7780734f4bc0af83797bd09d70
2020-02-20 11:58:51 INFO: Linkage for commit bc3f399989b0e364fe16fe35c78ac5d8148106c1
2020-02-20 11:59:32 INFO: Linkage for commit 0be2c6ad1f1b9fe2442b439b8c1cfdef1cd5c5db
2020-02-20 11:59:32 INFO: Linkage for commit 5fa3cdca4ceb7699c97e4b226fb08637a9ba0c0e
2020-02-20 11:59:33 INFO: Linkage for commit 93732ec8bd56484307d470292ecab1e2ed92b33b
2020-02-20 11:59:33 INFO: Linkage for commit 4053af00b270a56027ed0ffff82c0f5367e435f3
2020-02-20 11:59:34 INFO: Linkage for commit 0f51ae61387d2e2abd94b1244fcc63451d4cd7f3
2020-02-20 11:59:34 INFO: Linkage for commit b0cfbc24a337227e5f05536fa0e36076d66ce427
2020-02-20 11:59:35 INFO: Linkage for commit 14624e426cdd5621e20ff752c02a831b093b44df
2020-02-20 11:59:37 INFO: Linkage for commit 4abeb555aff065609786c032b8658eacf3fe3582
2020-02-20 11:59:38 INFO: Linkage for commit 94460d0fde30dcfb38d5f4f6917820bf5cf08ed7
2020-02-20 11:59:38 INFO: Linkage for commit 66ebdb2f900d1cfe9497b82eb022823ddfeb3ab5
2020-02-20 11:59:40 INFO: Linkage for commit b38e544d96adb956062fc409d504c9346d42aec3
2020-02-20 11:59:41 INFO: Linkage for commit 18984c4f94550feafbd3c6378776cd410e52950b
2020-02-20 11:59:42 INFO: Linkage for commit 2448b4fefa3c96fbe69a73e78534781d5b1c4b15
2020-02-20 11:59:49 INFO: Linkage for commit e2a5fc429ac45e80a43d39b3809025f23db4a00b
2020-02-20 11:59:49 INFO: Linkage for commit 45f6a7d9cabda46ca23ee0a0141edf514a8aed1b
2020-02-20 11:59:50 INFO: Linkage for commit 43146452b9c9e15e765fbac3c55ff82ea2b1b9fa
2020-02-20 11:59:55 INFO: Linkage for commit 7eab961462aed2ac818e0965a16cda93b263016a
2020-02-20 11:59:56 INFO: Linkage for commit 2ab81e4a9f71ab3711b7a10c573b1e5012192e00
2020-02-20 11:59:56 INFO: Linkage for commit ef6350fe971406bdb33960794fa3aac39e8f4b0a
2020-02-20 11:59:57 INFO: Linkage for commit ec5a6e340c18b7f9a9d400dc37484ab342b50641
2020-02-20 11:59:57 INFO: Linkage for commit 6970e8a935d2e8157f78c73a5d9fe5cfb0d10392
2020-02-20 11:59:59 INFO: Linkage for commit 94d542700a097153b7007fc88cce1983f2e907ec
2020-02-20 11:59:59 INFO: Linkage for commit 5db87b5e5eafd551e63dd5e349f4eaad3762a60f
2020-02-20 11:59:59 INFO: Linkage for commit 16c1a6c13f5fce6aa3277e26417a514a313ea2d3
2020-02-20 12:00:00 INFO: Linkage for commit 9994412e64b15cc7909b2836f0ae47ddededaa84
2020-02-20 12:00:00 INFO: Linkage for commit 6be99df4f28da668160ed7e96db44636f9a4e389
2020-02-20 12:00:01 INFO: Linkage for commit df566df323a079a64fed48a3f58e36c473c18cdb
2020-02-20 12:00:01 INFO: Linkage for commit c0788e727d0c70bef6ebef4335bda62b4accd4c6
2020-02-20 12:00:01 INFO: Linkage for commit 75d5c0ecb95c5e07474d5675e4b0bd481ad059a1
2020-02-20 12:00:19 INFO: Linkage for commit 680d2068d78b2294041334150cbc43be3e12caba
2020-02-20 12:00:20 INFO: Linkage for commit e026b93e077038130ce87c748d63c6b819938629
2020-02-20 12:00:20 INFO: Linkage for commit 0453b3a04af49160883ad03c981754db06b94c71
2020-02-20 12:00:31 INFO: Linkage for commit 6e5dea62296a18ac151b11ad4e320e5fd98519b1
2020-02-20 12:00:32 INFO: Linkage for commit 195f4ef69bc7d6ce54b83fbf0ef32e97ab81895b
2020-02-20 12:00:35 INFO: Linkage for commit 396e91b9e95c4d4c8c4ae1df73aca76eefb48344
2020-02-20 12:00:40 INFO: Linkage for commit 67d98c424c3bfc41d3b4b7b0b76978c4561e49ac
2020-02-20 12:00:41 INFO: Linkage for commit f4907fcaed78d05e96c4f47565315728255eab94
2020-02-20 12:00:51 INFO: Linkage for commit 365ccb576b492ae287d28d8385b747a89b3d7dcb
2020-02-20 12:00:51 INFO: Linkage for commit 7ec133a5ae27dbf8133eae779d2b44cff01fc0c0
2020-02-20 12:00:52 INFO: Linkage for commit 3489c986b6af98a89950534d9948ea1a24c266ea
2020-02-20 12:00:55 INFO: Linkage for commit a63526f49b61ea0513bbc54301db43ed306c4182
2020-02-20 12:01:02 INFO: Linkage for commit 9f587a4b04a69c89a0fe849e852f954c5da4a0bb
slurmstepd: error: *** JOB 187017 ON c31 CANCELLED AT 2020-02-20T12:01:04 ***
