2020-01-14 15:27:53 INFO: Adding repo junit to work queue for ingesting
2020-01-14 15:27:53 INFO: A worker is starting scan repository: junit
fatal: ambiguous argument 'FETCH_HEAD': unknown revision or path not in the working tree.
Use '--' to separate paths from revisions, like this:
'git <command> [<revision>...] -- [<file>...]'
2020-01-14 15:27:53 INFO: Pulling latest changes from repo: junit
fatal: ambiguous argument 'FETCH_HEAD': unknown revision or path not in the working tree.
Use '--' to separate paths from revisions, like this:
'git <command> [<revision>...] -- [<file>...]'
2020-01-14 15:27:54 INFO: Done fetching.
2020-01-14 15:27:54 INFO: Getting/parsing git commits: junit
2020-01-14 15:27:56 INFO: Done getting/parsing git commits.
2020-01-14 15:27:56 INFO: Saving commits to the csv...
2020-01-14 15:27:56 INFO: Done saving commits to the csv.
2020-01-14 15:27:56 INFO: A worker finished ingesting repo junit
2020-01-14 15:27:56 INFO: Adding repo junit to work queue for analyzing.
2020-01-14 15:27:56 INFO: Worker analyzing repository  junit
2020-01-14 15:27:56 INFO: Linking 494 new corrective commits for repo junit
2020-01-14 15:27:56 INFO: Linkage for commit bc3741becf26f02b5af98dc0b3b151bbd2a2fc83
/home/smajumd3/Data_Miner/github/API_V3/commit_guru/analyzer/git_commit_linker.py:53: SettingWithCopyWarning: 
A value is trying to be set on a copy of a slice from a DataFrame

See the caveats in the documentation: http://pandas.pydata.org/pandas-docs/stable/indexing.html#indexing-view-versus-copy
  corrective_commit['linked'] = True # mark that we have linked this corrective commit.
/home/smajumd3/anaconda3/lib/python3.7/site-packages/pandas/core/series.py:1015: SettingWithCopyWarning: 
A value is trying to be set on a copy of a slice from a DataFrame

See the caveats in the documentation: http://pandas.pydata.org/pandas-docs/stable/indexing.html#indexing-view-versus-copy
  self.loc[key] = value
2020-01-14 15:27:57 INFO: Linkage for commit a8ec4efa178afdbc7844e94d08ab38b811c7409a
2020-01-14 15:28:00 INFO: Linkage for commit 1e752dcb0a967bcb47fae4b12fb8765e79571e69
2020-01-14 15:28:00 INFO: Linkage for commit bfc94ee739d62127c7477300b26127bd560765a1
2020-01-14 15:28:06 INFO: Linkage for commit 8076b782f8c9ac1df6569bbfa479db2da9e6cbcf
2020-01-14 15:28:07 INFO: Linkage for commit 3216b428b87523b6b9247bd9d84c36c2ded3a3fa
2020-01-14 15:28:07 INFO: Linkage for commit 29416b4ee89314119fb0f2d8011d63ac36531388
2020-01-14 15:28:08 INFO: Linkage for commit 4999b51527fa32f2c17d3488ddc4095b19fa732a
2020-01-14 15:28:08 INFO: Linkage for commit 73df2e474b164740d3dd7ed4fe0f8b0cfebebad0
2020-01-14 15:28:09 INFO: Linkage for commit a1fef439624fe411d0bea8651324e28b134e8b4a
2020-01-14 15:28:09 INFO: Linkage for commit a856c49ff91f644557e68c2291e8600c38c35a78
2020-01-14 15:28:10 INFO: Linkage for commit 5e8bc3c92fa438bd05bba37b510a1b233c71a0bb
2020-01-14 15:28:10 INFO: Linkage for commit 0000f6851ce1dcad1894006aa68a918e9c4e72c1
2020-01-14 15:28:11 INFO: Linkage for commit e12333b195915fa7dd5ed32fec8b7e9adcbc95ed
2020-01-14 15:28:11 INFO: Linkage for commit 8de968f5d538f780d6e9de438f3f299778529fc3
2020-01-14 15:28:11 INFO: Linkage for commit 5b07ad195f88c32c732038d49851adaa557d0487
2020-01-14 15:28:12 INFO: Linkage for commit 4770bc0dfaa769aad5799e36e2faa125401307b0
2020-01-14 15:28:12 INFO: Linkage for commit 6d5e6b5d5e0a2a2560ed5d99f057f766de6b542f
2020-01-14 15:28:13 INFO: Linkage for commit efe178a2ae8557e0ee88e61a8815e50938c5cdbc
2020-01-14 15:28:13 INFO: Linkage for commit 94c8b3980368f13c3e2338f84dba0acd38381102
2020-01-14 15:28:14 INFO: Linkage for commit 8c46dd2f3212fa331528fc92019d4f22abe2ffc1
2020-01-14 15:28:14 INFO: Linkage for commit c15ba99f8f498b20a10df6a92f04d22182c2c964
2020-01-14 15:28:15 INFO: Linkage for commit 2a57cc62edbc06b83c68d81dea87bbe43c46e20f
2020-01-14 15:28:16 INFO: Linkage for commit 858fe281c8412ea60f24b6862b0bd5f75058624a
2020-01-14 15:28:17 INFO: Linkage for commit 7ab8d5e4fc2a796e0e4f4fd337fa5d15d07b0993
2020-01-14 15:28:17 INFO: Linkage for commit a76e7c3915e821ed92e143f52e9a040123c986d3
2020-01-14 15:28:18 INFO: Linkage for commit 15a124877d38d668808ae250821aa3d4327f7758
2020-01-14 15:28:18 INFO: Linkage for commit 0f8075aba2fc1bba1b0c145e28bb99b5da31928f
2020-01-14 15:28:19 INFO: Linkage for commit 4e8768dd8ffe28efea98454338f79ee40d8d3ebe
2020-01-14 15:28:19 INFO: Linkage for commit a19a2d6c0c454c83d368a561252bf7f4b202f8ea
2020-01-14 15:28:21 INFO: Linkage for commit 815f7e7966f2d09382273fe34cf40452c94eb47b
2020-01-14 15:28:22 INFO: Linkage for commit 8c1784e4b026417ed381ac5f0a7e2dda9084d7b0
2020-01-14 15:28:23 INFO: Linkage for commit 5d0898b619950ecadbb2365d055ec20706352049
2020-01-14 15:28:24 INFO: Linkage for commit 819de4cce0eac9adeb2b1797a1716addbde9a99a
2020-01-14 15:28:24 INFO: Linkage for commit d3b3a19c78435ef6b0d1c8832bcdb1a8d5ed6a4e
2020-01-14 15:28:25 INFO: Linkage for commit 6e9188321f116b8c21f7efa46e7ed20957ae128c
2020-01-14 15:28:25 INFO: Linkage for commit 39ed4a7c60e0162a514a163ba4033f4e6872ff7f
2020-01-14 15:28:26 INFO: Linkage for commit 9dd2616c05d9e353e1be1bc96a2287fdd965f2b5
2020-01-14 15:28:27 INFO: Linkage for commit 6c18a8d98aaa5f5751493b8ac00431f6f4fb75e2
2020-01-14 15:28:27 INFO: Linkage for commit 5a274eab9d8434c70adfc57695d3bbfeceddfa91
2020-01-14 15:28:28 INFO: Linkage for commit 0f0c479d1a6b1a8ebaddaf544c9ed1754bdc9954
2020-01-14 15:28:28 INFO: Linkage for commit c3c1b5edd8053bbce99d954d4abc2361ead06fd5
2020-01-14 15:28:29 INFO: Linkage for commit 108dc8c751471e4737233a4fe8eff810a23977d9
2020-01-14 15:28:30 INFO: Linkage for commit 3b5085dec3f1fd578c5109114bd02370bea48fda
2020-01-14 15:28:34 INFO: Linkage for commit 3214326e44841a7bdd9139c343f4f0834d4b3c70
2020-01-14 15:28:35 INFO: Linkage for commit 2cd770c3511bd9ae15320ea4cd81f2ae284cc659
2020-01-14 15:28:35 INFO: Linkage for commit f26e25b88affec8717d8edee8df35fe771d44033
2020-01-14 15:28:36 INFO: Linkage for commit ece77fa477a6d322bb5b37c7e2367f4c4dfbf9f3
2020-01-14 15:28:36 INFO: Linkage for commit ba28bf0f0384ba8b2fc377ef612545f411a56ec4
2020-01-14 15:28:40 INFO: Linkage for commit 22c88b4af17fa8965df4dc75ac500197e33f82cc
2020-01-14 15:28:40 INFO: Linkage for commit ca34af5cdd23e98a2d3899a87427e036c55964da
2020-01-14 15:28:41 INFO: Linkage for commit fb9f199f0ff53dded91ebb483aab7483a6e7e12a
2020-01-14 15:28:41 INFO: Linkage for commit d30d725d2ee4c6da018283a39b44e9096ea8a243
2020-01-14 15:28:42 INFO: Linkage for commit 40fbc5dc1ca9be0229f512d20c330c38a097ff32
2020-01-14 15:28:42 INFO: Linkage for commit e060609ca85c723422684450b46dade931b0948a
2020-01-14 15:28:42 INFO: Linkage for commit ee76b28e432a94c33160b3edc7cb60b6394ac0cc
2020-01-14 15:28:43 INFO: Linkage for commit 2d1e224c4e596521345d0af05b8f0997c18ecd50
2020-01-14 15:28:44 INFO: Linkage for commit 5cfc92d9ee355a316619563c6cb6e2834d130b01
2020-01-14 15:28:44 INFO: Linkage for commit b0c0b79ae5e0dcfc1670cf950d31a14f1c9c630c
2020-01-14 15:28:45 INFO: Linkage for commit c73e37759ed5119900f1ddf3f50dac5bb3ae19be
2020-01-14 15:28:46 INFO: Linkage for commit 0495321897d3aeffb0a5e63660b2b2d842d6e5df
2020-01-14 15:28:46 INFO: Linkage for commit e08329cae4a1198e124c7615e92f44a7319a2cb8
2020-01-14 15:28:47 INFO: Linkage for commit 5139a1be36da4ed64a860de82e7d74f2e5405037
2020-01-14 15:28:47 INFO: Linkage for commit 0cdf29715af64edd05229c400f214417fecdef89
2020-01-14 15:28:50 INFO: Linkage for commit 2286815454cfdf9480f954adb31439b26d25710f
2020-01-14 15:28:50 INFO: Linkage for commit 1097f2c22f97cb4b4818b79b83fa92f14fc3ace5
2020-01-14 15:28:51 INFO: Linkage for commit 10b674dbba2a8ceadb65dfc8e8033072f41fc2aa
2020-01-14 15:28:54 INFO: Linkage for commit de7ac4a1c3c7c9e59befe41d120daaa7827b7b24
2020-01-14 15:28:55 INFO: Linkage for commit 071887a1353d6e34de306e93ef0a9818cf75fdea
2020-01-14 15:28:55 INFO: Linkage for commit a9482d75217d0ae1ad8220515ed22a9245a822fc
2020-01-14 15:28:56 INFO: Linkage for commit edf02bd3727d8706e7854c151abcb7bb314842a7
2020-01-14 15:28:57 INFO: Linkage for commit db89759c22060a89f6750e2e92ce93072eace561
2020-01-14 15:28:57 INFO: Linkage for commit 3b75d00dafe4851195ddcd2f8810a18a55e43514
2020-01-14 15:28:58 INFO: Linkage for commit dabf9f919413ef7f86c95140502792bcaa2b842a
2020-01-14 15:28:59 INFO: Linkage for commit bd7bff7c4ca18e1d0eab5260e585d3914e5fa53d
2020-01-14 15:28:59 INFO: Linkage for commit 22a6c6857eaef07a5d54fecfaea8db7c66f65de7
2020-01-14 15:29:00 INFO: Linkage for commit cf84e7073227c457a3fcd59b515dd6ca25d95c51
2020-01-14 15:29:01 INFO: Linkage for commit 97cc9acfa0c81cc440eb8c75c39d590f345b362b
2020-01-14 15:29:05 INFO: Linkage for commit 72ee45bed6422cbc13e7a9e64b422bb4d140f225
2020-01-14 15:29:06 INFO: Linkage for commit 45899955c670e52681c3a7655e1b110fa5570eb9
2020-01-14 15:29:06 INFO: Linkage for commit 85c570ea92f0ee7d17573966dd7f94f4c3b0b61a
2020-01-14 15:29:07 INFO: Linkage for commit 061018f94cf1f8ad5ff86fd89e5e677e603feed2
2020-01-14 15:29:07 INFO: Linkage for commit 2bb6d5de002052680d443065e1c26f59be212e4b
2020-01-14 15:29:08 INFO: Linkage for commit f0ef837a40922ac08c608661385abf71732975d3
2020-01-14 15:29:13 INFO: Linkage for commit 0e1c92693e70e52ad9af23ee6180500c74fc9c95
2020-01-14 15:29:15 INFO: Linkage for commit 4cb9a65f450efa5f2a42128856c7b56e6d283386
2020-01-14 15:29:16 INFO: Linkage for commit 2807ff63d6b408a927fd3dd684a42a2366677657
2020-01-14 15:29:17 INFO: Linkage for commit 08ee65bccfde21186fb1d1303b36e966c9008c99
2020-01-14 15:29:18 INFO: Linkage for commit 94ebd93396420bcd03ab99a352e38df822d59f67
2020-01-14 15:29:33 INFO: Linkage for commit af8967fa2943deb488c76faaa91ee0a446826ec9
2020-01-14 15:29:34 INFO: Linkage for commit eb095d6d587fac4d1b8693cf4e1bd5146df9902d
2020-01-14 15:29:34 INFO: Linkage for commit 1e2c9d6451e587981d7be7a1a01dd5f3a722ca4d
2020-01-14 15:29:34 INFO: Linkage for commit 81ef67251efba98fd6bb1065e9ab97c102dbcc24
2020-01-14 15:29:35 INFO: Linkage for commit 70fcf98c69eace2e6cc6dc37b54e70fe57c490f1
2020-01-14 15:29:36 INFO: Linkage for commit a7c07de664a4562c3ff171102729f06a5f572d9b
2020-01-14 15:29:37 INFO: Linkage for commit ea47086066445ba537d1573fd7458de8875d6c45
2020-01-14 15:29:38 INFO: Linkage for commit 2a6d6365c593149da094d7512028a2d008ea6cff
2020-01-14 15:29:39 INFO: Linkage for commit 95bd62b2ffd80394d1a17e9078a4d79478423030
2020-01-14 15:29:42 INFO: Linkage for commit 1fb24143dc38d0b00f7e7b13b23e6619cc216f9b
2020-01-14 15:29:43 INFO: Linkage for commit a916d4133c7e394130d7953da427aae9917ab92c
2020-01-14 15:29:45 INFO: Linkage for commit 497ebf11c284bcc2b32eecc4a063589b4f17d250
2020-01-14 15:29:45 INFO: Linkage for commit 74fe2493715dfe5b7d408411ce5d63a17398db48
2020-01-14 15:29:47 INFO: Linkage for commit a90f320bbb189f07ff2fca81a9b5e4e0c8381978
2020-01-14 15:29:47 INFO: Linkage for commit 37a611801fbea6ecc9b6356d9616e761c8b59b91
2020-01-14 15:29:48 INFO: Linkage for commit b521f9fbcc141e0a0925eaf5a0fd7f5285fa527c
2020-01-14 15:29:57 INFO: Linkage for commit b5a8d4e8e57d494ddebf3d3792ff883cee7d83f6
2020-01-14 15:29:58 INFO: Linkage for commit 6b182284c1a0452cf175852f2c808b08167c2f72
2020-01-14 15:29:58 INFO: Linkage for commit 56dcf5286f5bbb90532f39d407e12e4255670fb9
2020-01-14 15:29:59 INFO: Linkage for commit 0b1337a4536d95480ef94b27310cde48a552d634
2020-01-14 15:29:59 INFO: Linkage for commit d8b6eb74e0e3466d66c9ff75e55f087c09a959b1
2020-01-14 15:30:00 INFO: Linkage for commit c96215c5d025336d8ab1d7d2ab57daee20869cea
2020-01-14 15:30:06 INFO: Linkage for commit ca6d91f41d566b21b643b013e843732e1315652f
2020-01-14 15:30:07 INFO: Linkage for commit 0b65be5d4d0aaf5867ed414765c0c48ceeb00e18
2020-01-14 15:30:08 INFO: Linkage for commit c5ece65fe537092b9552f0efcca8a1e144ca4182
2020-01-14 15:30:08 INFO: Linkage for commit df48b66e73c740acb15f065eb7a4bad433930891
2020-01-14 15:30:09 INFO: Linkage for commit 34dd9f4e2bebbcf694dcb855a29edff9243a10d3
2020-01-14 15:30:10 INFO: Linkage for commit 68e5927ecf49bb21c396c423c3669ada15b7fe1b
2020-01-14 15:30:11 INFO: Linkage for commit 70986438ca98df55899e293a72931fc12bb737d9
2020-01-14 15:30:11 INFO: Linkage for commit 60f3a3f3ba53ca3e44f13acb2d200a7c92a84551
2020-01-14 15:30:12 INFO: Linkage for commit c1642724c8525c3cd158df2054dd89283e77149c
2020-01-14 15:30:12 INFO: Linkage for commit 17087303ee4f7f5c801e0d652a7e51a9f5d68297
2020-01-14 15:30:13 INFO: Linkage for commit f9168cb066a53dc63f7346f6bb3d25a46d0ccbed
2020-01-14 15:30:13 INFO: Linkage for commit 71ad947417f7e99014a7ffa1b431bbc2f15bfa36
2020-01-14 15:30:14 INFO: Linkage for commit 3e7f1f74fff77f46d292e6b7828c020d67b148ae
2020-01-14 15:30:14 INFO: Linkage for commit 34e4e5ac519422cfa317713271be716c1897d7d1
2020-01-14 15:30:14 INFO: Linkage for commit c04b0d3a007c96d53a0c64c110f71ac0d0d53771
2020-01-14 15:30:15 INFO: Linkage for commit e18695898f7260f0f6ed99eaf26c0f0bcabeb863
2020-01-14 15:30:15 INFO: Linkage for commit 2b9ba5540f5051239a9fde65f195cefc532efadc
2020-01-14 15:30:16 INFO: Linkage for commit c7874453182cde8e7b38cf3ce356d16d3d1dcde8
2020-01-14 15:30:17 INFO: Linkage for commit 025ccd132c3f3189bcb7f05c2a189ae403e2c1d6
2020-01-14 15:30:18 INFO: Linkage for commit 68e573bb82a183201a9e91d12746cacc061c48bc
2020-01-14 15:30:18 INFO: Linkage for commit 323e55fbc5dbf8d977b23220fa2316cbfceaeb6b
2020-01-14 15:30:19 INFO: Linkage for commit 4b549360e08dac944ee34b7c7bf1a95b41f72f35
2020-01-14 15:30:19 INFO: Linkage for commit 409a8e06c9f2ec5aa0d9db8a3d413f394c290f6d
2020-01-14 15:30:29 INFO: Linkage for commit 573ae79e0a1802e1875203d0f30ba3f41afadbc6
2020-01-14 15:30:30 INFO: Linkage for commit 7a0a6839fe3ae4076cc72a0586e2dbe4b1bc995f
2020-01-14 15:30:30 INFO: Linkage for commit 54917b88aab026dabb4541276ed875117c1e1faa
2020-01-14 15:30:40 INFO: Linkage for commit c8657376d5706cb7cf9e357a152d1263d71fa82d
2020-01-14 15:30:40 INFO: Linkage for commit 82169027cce65df0e48f1b0824f6aad308ea8f13
2020-01-14 15:30:41 INFO: Linkage for commit bf01cb023bf18d9c3ff3439886d62d5bb34d49ac
2020-01-14 15:30:41 INFO: Linkage for commit 75614895426a8c121cdb7ddc193d7eba8eac6630
2020-01-14 15:30:42 INFO: Linkage for commit 2e63af604c9487b9e8acbe002cf9a27230d1d7a0
2020-01-14 15:30:42 INFO: Linkage for commit 81821e83c425202b86c27d6be9c9ebe453e6d507
2020-01-14 15:30:43 INFO: Linkage for commit 7aac4b19d359285041ccb51d575235339a1a8be0
2020-01-14 15:30:43 INFO: Linkage for commit d0c70cac5b28861803d97d59ab93dfcb10d2c4d3
2020-01-14 15:30:44 INFO: Linkage for commit ea80d1aa27f92ce103c43c0bf70a829d6e31111d
2020-01-14 15:30:45 INFO: Linkage for commit 778d123dc739596836916e1035f5c2c16c915665
2020-01-14 15:30:45 INFO: Linkage for commit 1d86784cd452e8d9e30d812255cadb75ef8dae15
2020-01-14 15:30:46 INFO: Linkage for commit 7ffc23078cc11ce7502c375242b66d6a745ac9a1
2020-01-14 15:30:47 INFO: Linkage for commit ab51452ac565d286b7bbd5a13767253c317bb29f
2020-01-14 15:30:47 INFO: Linkage for commit 0b2483896d93e5a26cf433b52c463e9aff9ea022
2020-01-14 15:30:47 INFO: Linkage for commit 3840331fd1918e91b0a36a263d141a40c41566a9
2020-01-14 15:30:48 INFO: Linkage for commit b3831d600d2d893ec6250ee930188cc373d81ee5
2020-01-14 15:30:48 INFO: Linkage for commit b3789b3f879d34bbe968d5aa51d15c8856b9d102
2020-01-14 15:30:49 INFO: Linkage for commit 67868114384f6941b807936101c91502dc4ffd4f
2020-01-14 15:30:50 INFO: Linkage for commit 708ed373c02b467422890d5163fff46d1f32ab01
2020-01-14 15:30:50 INFO: Linkage for commit bed58a573c373d57d64fa369f58b2a8f0dbee3d7
2020-01-14 15:30:52 INFO: Linkage for commit 19b0d51f397571ee8ab7810521718e555b520f4a
2020-01-14 15:30:52 INFO: Linkage for commit 5f25ca318bc2b35ecf8526c08a1e3b3e17d375da
2020-01-14 15:30:53 INFO: Linkage for commit c20ddf922ea1767eb9944cfb436dc9384b884d24
2020-01-14 15:30:53 INFO: Linkage for commit 7f6173aa593b07856c1ca73ffaf87ff10ea15d4c
2020-01-14 15:30:56 INFO: Linkage for commit 766343797294634c86186664c519d65d7d984c96
2020-01-14 15:30:56 INFO: Linkage for commit e857122bff2a9774c4f44df4a7d531b902e406df
2020-01-14 15:30:57 INFO: Linkage for commit d494698a44291098aff33bd77b1ea501fe38be82
2020-01-14 15:30:57 INFO: Linkage for commit 346bad2d3fb82c9a8378758b12979f7c9fe584e3
2020-01-14 15:30:58 INFO: Linkage for commit 93ec0dc76315e2c19dbf9839263d2ad1b1da3c25
2020-01-14 15:30:58 INFO: Linkage for commit 3c7c3b78065f1fc85f655bb60b3dad4ed33854a0
2020-01-14 15:30:59 INFO: Linkage for commit de86eb205637ea755909554b93d6da89353414dd
2020-01-14 15:30:59 INFO: Linkage for commit 8440169a16f2eec18a869dc5804e3686aafb25d8
2020-01-14 15:31:01 INFO: Linkage for commit 62a2a56c293fd154f152da6dad498d1fc222b352
2020-01-14 15:31:01 INFO: Linkage for commit addcf7148509a5e0a2ffeea138e3043a1f6b8523
2020-01-14 15:31:02 INFO: Linkage for commit 669bb577583f2edd8cd65008a7c9ac19ebc350ea
2020-01-14 15:31:03 INFO: Linkage for commit 351af6fa6a08ddf51f03525d8cc4616d45f5caf1
2020-01-14 15:31:03 INFO: Linkage for commit 01b427b3b89ce04d01f0ddbd746d13a175feec5b
2020-01-14 15:31:09 INFO: Linkage for commit dfd0bba58bfdacfd8802ee07c8f83ee794a51aba
2020-01-14 15:31:09 INFO: Linkage for commit 3d2826cb5650b127c5ffb55786b0b595674fda54
2020-01-14 15:31:09 INFO: Linkage for commit 0333e7efdc9ecf81df4212f82c3a59c6ff0fab19
2020-01-14 15:31:10 INFO: Linkage for commit 5a9eb89e15ca86a3db6a4e21f5c9f94f9ab8fb60
2020-01-14 15:31:10 INFO: Linkage for commit 73c15ac3097078d2de1478dfecf4317a616346a3
2020-01-14 15:31:11 INFO: Linkage for commit 0c114780df6a4f096493730dd004bccd44b13e15
2020-01-14 15:31:11 INFO: Linkage for commit d6f71260512973e70417b999f1efa9757659b1e1
2020-01-14 15:31:12 INFO: Linkage for commit d04a0d02ac8418c4fdbf926bdcfcb7b2bafee936
2020-01-14 15:31:13 INFO: Linkage for commit be477604f670cf5e682f8dd4803f16781589b0c0
2020-01-14 15:31:13 INFO: Linkage for commit ff7c54f564eac489de1aef062ff0048c128e1c4f
2020-01-14 15:31:13 INFO: Linkage for commit b4fc7138cbf62c471ab5526d86a89757acffd755
2020-01-14 15:31:14 INFO: Linkage for commit 70fe94d031c7066899fc464cd4171db0884f1356
2020-01-14 15:31:15 INFO: Linkage for commit 8bfbd04bfc61ca364b180a54a851813cff9f58ed
2020-01-14 15:31:15 INFO: Linkage for commit bcf4785a8ae0ad21ffefd80dcfbb360621d98806
2020-01-14 15:31:16 INFO: Linkage for commit 7b5641996d486bbcb33f13a9130821303e1e7d89
2020-01-14 15:31:16 INFO: Linkage for commit 1ad3a59952f3528914d1225d51bbb04adb62c22f
2020-01-14 15:31:17 INFO: Linkage for commit 7e05cdca2e5a3a46d00036cbaf3d3f5e747e288a
2020-01-14 15:31:18 INFO: Linkage for commit ad67ca583c925e8e8cf3d2b495203de79cd75acd
2020-01-14 15:31:18 INFO: Linkage for commit 8a249206c730845fcb4a1efdee055f8509380808
2020-01-14 15:31:19 INFO: Linkage for commit 23daff8610ab7039cfa20128aa61485e4f66d950
2020-01-14 15:31:19 INFO: Linkage for commit 2070c9f6856f81c9ed5e8bcf370f4dc959e273be
2020-01-14 15:31:19 INFO: Linkage for commit ebe66b585ac5d2b34e1cb9ed53eac4d384c0ff9e
2020-01-14 15:31:20 INFO: Linkage for commit ec6415e816b47eca315132bf4c3480424a61e740
2020-01-14 15:31:20 INFO: Linkage for commit 83219d81d0173d5444c0c127374b1684fc1384df
2020-01-14 15:31:20 INFO: Linkage for commit cb69050a45f1688ad8c6e817cc511cfa67401f63
2020-01-14 15:31:21 INFO: Linkage for commit 426f81b822663308176ee3b3a5cc9e912e6c1c87
2020-01-14 15:31:21 INFO: Linkage for commit ada8735cda0fe94c9cfea9b8fb2012488a3a44e6
2020-01-14 15:31:23 INFO: Linkage for commit 39545426e07dcb3bb3d71c930451514ba54c5999
2020-01-14 15:31:23 INFO: Linkage for commit 9de54af85dc755addcfeee4dbbbb79311393f739
2020-01-14 15:31:24 INFO: Linkage for commit 13885b99cf6d2f4bd2efa2211f57c103bbc03263
2020-01-14 15:31:26 INFO: Linkage for commit ce0195c3d81d32bc2fd4d7a0c15aa78aaaa47605
2020-01-14 15:31:26 INFO: Linkage for commit e8349c5c609fea8706ca926b19fe9c9d0b637a8b
2020-01-14 15:31:26 INFO: Linkage for commit 901550a36244503ef2769724899cba213f11945f
2020-01-14 15:31:27 INFO: Linkage for commit 1b809a4a2e914da039841ff3d1c457e8e5122ac3
2020-01-14 15:31:27 INFO: Linkage for commit 1014436692b0829a7287fbab81ef8720309d7945
2020-01-14 15:31:27 INFO: Linkage for commit 128553fc50758932f02fc6e13a3e25ef6a711152
2020-01-14 15:31:38 INFO: Linkage for commit faba199e389e3c977fc5573315790a5cde5f7611
2020-01-14 15:31:41 INFO: Linkage for commit 9a82d0027247d7be667966766b01d4a24e4b834f
2020-01-14 15:31:41 INFO: Linkage for commit f82403fb69db120079c861d4da560e7cae329be9
2020-01-14 15:31:41 INFO: Linkage for commit b4f0afa639b42fa551fdcb26d9c1855ae4d778cf
2020-01-14 15:31:42 INFO: Linkage for commit 2d3090bf96357c0d9387a4e8f87525f776e52799
2020-01-14 15:31:43 INFO: Linkage for commit 5475e12b57f5af0140deffa7f45c75dc47803167
2020-01-14 15:31:45 INFO: Linkage for commit eb307fa6f37ac8ec695b2f556e543969503418f5
2020-01-14 15:31:46 INFO: Linkage for commit 999546694db5005dc091c588433d91f5a7846f1d
2020-01-14 15:31:46 INFO: Linkage for commit 2cd3988479ae1195dcd38be325d2be1ea7d780e5
2020-01-14 15:31:47 INFO: Linkage for commit 052fc095d5b4a8af643d0e4402a504716ad8eb03
2020-01-14 15:31:48 INFO: Linkage for commit a134a8623b68ef06517196af1b8ffa744e4c3935
2020-01-14 15:31:48 INFO: Linkage for commit 60d24dd036af00488f14713b97b47a2a72e5db3b
2020-01-14 15:31:49 INFO: Linkage for commit e0cddcdfa8ec823da136af500cce0910a1dd2264
2020-01-14 15:31:51 INFO: Linkage for commit 0ce06206263ed060bd0ede049c1713286c2487ea
2020-01-14 15:31:52 INFO: Linkage for commit 6a3cec9cb371e18c697db4b0e67ea30f35ce9231
2020-01-14 15:31:52 INFO: Linkage for commit c7f5669a59fd42f887e02664e2709b7522a0302d
2020-01-14 15:31:53 INFO: Linkage for commit c2bdb1a2d89a61edc6c5cf7dd2a07b3f2119eea2
2020-01-14 15:31:53 INFO: Linkage for commit 5baa714c5fe4d16dca9dea8c73c6d8702dfd71f2
2020-01-14 15:31:53 INFO: Linkage for commit c28663267220fcb4660f51b663d3de76a7af23ff
2020-01-14 15:31:54 INFO: Linkage for commit 42ed645d2321f19a078526dde6dc6b5ed9774161
2020-01-14 15:31:54 INFO: Linkage for commit 4aecb7aada6c347c53c74e284cf072b49de0c417
2020-01-14 15:31:55 INFO: Linkage for commit ec6a7528de3c736a717371fe2359511d4e10face
2020-01-14 15:31:55 INFO: Linkage for commit 1df71004338faf30b9287b03b726e1ce4f1246be
2020-01-14 15:31:56 INFO: Linkage for commit c19ffebced2cfda962d868ba76e0dbfb3504cc37
2020-01-14 15:31:56 INFO: Linkage for commit 231241782c199d39943f742d0abe57057b0b785c
2020-01-14 15:31:58 INFO: Linkage for commit 72e10d3ca80ae76af8920091736882a6dc0a5036
2020-01-14 15:31:59 INFO: Linkage for commit c16abda4e0ae1704eff3ec8f893519770b97beba
2020-01-14 15:32:00 INFO: Linkage for commit 07045d97024b77023df481f808ea687e006fb338
2020-01-14 15:32:01 INFO: Linkage for commit 0c38750119accdea92004723c8c177d7cc65b16c
2020-01-14 15:32:01 INFO: Linkage for commit 4311a62451755c3bb0a2c9c8cb737bda9d09d4c7
2020-01-14 15:32:02 INFO: Linkage for commit 30ecbbc0ae0006da8b42468173bd9d95741982aa
2020-01-14 15:32:02 INFO: Linkage for commit 80d4bc3616b1024b627a968b18d03b86516de69b
2020-01-14 15:32:03 INFO: Linkage for commit 0e1aca2c28858ac1ad77ef40f704ec1b610c9d65
2020-01-14 15:32:03 INFO: Linkage for commit caefa620d3a82613461420987fe8a88fc1e6f988
2020-01-14 15:32:04 INFO: Linkage for commit 67e43ab827da24baa6477e33e4e883a36dfcf645
2020-01-14 15:32:05 INFO: Linkage for commit c07b3e7ea1b23d84590c2781b978f15e40c94703
2020-01-14 15:32:05 INFO: Linkage for commit 8c1c0e7ee79860a603b68d8a9335ce0bce966160
2020-01-14 15:32:06 INFO: Linkage for commit 2162def2d4eefae0c5668586b837af4ecd4aed91
2020-01-14 15:32:07 INFO: Linkage for commit 014f2410e81ed3ecc6b82fbac49ab345aab6e90f
2020-01-14 15:32:07 INFO: Linkage for commit 1489b8e7d87f6948f8c5c95487bdd1d8377232c0
2020-01-14 15:32:08 INFO: Linkage for commit fe10c8a264e6585d9d8a92e5d5fa9a6e10aa298f
2020-01-14 15:32:08 INFO: Linkage for commit ab9caa3650a262ef4399cfd7f0d7fdc366d6e327
2020-01-14 15:32:09 INFO: Linkage for commit 303d2e64aa53a6563e57ecb3d1a6e84bdcfb28c3
2020-01-14 15:32:09 INFO: Linkage for commit 59e5333b24d0e433de10d74c69e5de7700c6b744
2020-01-14 15:32:10 INFO: Linkage for commit 48aabe1b16bd288f74ac4ff92e3a38792533be39
2020-01-14 15:32:11 INFO: Linkage for commit b698037332edb5028ba75b8a354714189b8c634c
2020-01-14 15:32:12 INFO: Linkage for commit def7dc5f79e99b11425ab36b51bdaa9ff735bc9b
2020-01-14 15:32:12 INFO: Linkage for commit 3bb48f0a58eb44f36b6e03538a7db05b6c6da335
2020-01-14 15:32:14 INFO: Linkage for commit 1827bfd929d49e0f397b425e8d681c18a3518196
2020-01-14 15:32:14 INFO: Linkage for commit ecaf372366ec1b9a3ffc3b3e9961d769bb8013cc
2020-01-14 15:32:15 INFO: Linkage for commit 5627d209836c904bb308a353e7c69cafc3a428b7
2020-01-14 15:32:16 INFO: Linkage for commit 0d508269ec972c3ac22e265bc0d9d8305f2afb8b
2020-01-14 15:32:17 INFO: Linkage for commit bb91daf8e0939d787ffb5a3eda05c2d626cd9851
2020-01-14 15:32:36 INFO: Linkage for commit b521f0caadb99cab821730ad5d451e826d38e0a9
2020-01-14 15:32:37 INFO: Linkage for commit 467dd0725eb20d018339ae843e895f9cabcfb988
2020-01-14 15:32:37 INFO: Linkage for commit cc87f655c2fe666d0f4e3322f37c570449ded9ff
2020-01-14 15:32:38 INFO: Linkage for commit dfaf332b4df0d98293ac135e5abf9de6a2623b14
2020-01-14 15:32:38 INFO: Linkage for commit b28fe09d1a54955bed2e4db5352c14fae195a418
2020-01-14 15:32:39 INFO: Linkage for commit ec534ffac48977be6b7011e4e531b83a0a767704
2020-01-14 15:32:39 INFO: Linkage for commit 74941e1e1482016ffe705830cefb27cd376fb5ef
2020-01-14 15:32:39 INFO: Linkage for commit b04c86a5896c7576ebe4171bce28c539b7f4783c
2020-01-14 15:32:40 INFO: Linkage for commit 6766336047b3e30c92e47550b47bde2a36fac533
2020-01-14 15:32:40 INFO: Linkage for commit 63eebcfe396b5302cd49a7dd006eecb9b929721a
2020-01-14 15:32:42 INFO: Linkage for commit 0a2601045f101930d0ca7f31c53b416fafbbe7a7
2020-01-14 15:32:43 INFO: Linkage for commit 70e2f2e369829a7443e96c29f922be9e04da93dd
2020-01-14 15:32:44 INFO: Linkage for commit ac195989a03d27429047b311a397ed91cfea91eb
2020-01-14 15:32:45 INFO: Linkage for commit ecb4de6a163e83471896956e1602dd5f4235952f
2020-01-14 15:32:46 INFO: Linkage for commit afbeeb315f4a2b2d4b21bf6f38cef2b83df6b97a
2020-01-14 15:32:46 INFO: Linkage for commit 4e37cdc3ff0c46679b334f9a87f55ae00f90c864
2020-01-14 15:32:57 INFO: Linkage for commit 8ea7e775addfcc44f0bd7145100cca3cb301d8e1
2020-01-14 15:32:58 INFO: Linkage for commit e0c7cfbf93f8c949da6294fbb4200d7e3cfb9c95
2020-01-14 15:32:59 INFO: Linkage for commit dda4d08fc64933a8e4af33b745bd8219682b7bcb
2020-01-14 15:32:59 INFO: Linkage for commit 103f204ada7363675fcd4a1e2e0a41030a15a9ae
2020-01-14 15:33:00 INFO: Linkage for commit 8b0d35b5478c62d2b07a147010ab8bfaee869f3a
2020-01-14 15:33:00 INFO: Linkage for commit f95251a7795b10e045cf4f64a05afd1aa4343612
2020-01-14 15:33:00 INFO: Linkage for commit 6384edfffe7f8a2850d2bcde9a16a8e780734ebe
2020-01-14 15:33:01 INFO: Linkage for commit 8f7fa2a81a50c4509cfe2d89ea139fdfb91faf87
2020-01-14 15:33:01 INFO: Linkage for commit 5698cfb8a603a968f7b53d14b9e691518ab84d88
2020-01-14 15:33:02 INFO: Linkage for commit 6b97cfa77503a00416f401ad47f375f087e8c3cb
2020-01-14 15:33:03 INFO: Linkage for commit e81be4536f5156b105fff4b7328fc3e4e7a24931
2020-01-14 15:33:03 INFO: Linkage for commit b7a55bf71c21c2950342c791a8d9afc43da35a54
2020-01-14 15:33:04 INFO: Linkage for commit fbcebcae05bc4aee3f8dcf24ebfcf69e6b245a0f
2020-01-14 15:33:04 INFO: Linkage for commit 236883d575f709a6311cec6b2fa34aeabc3835c6
2020-01-14 15:33:04 INFO: Linkage for commit 78b4a8975523d0288a6f20f0ae7862b45cb55038
2020-01-14 15:33:05 INFO: Linkage for commit f5c7fe43447b008b4db13e031b7c0c3551ae9ddd
2020-01-14 15:33:07 INFO: Linkage for commit a13afe130ee61e4e1b1a7de52c7323bd699fd2e6
2020-01-14 15:33:08 INFO: Linkage for commit 39d8b9e93ff544880f39a3497fb428c6cba5288b
2020-01-14 15:33:12 INFO: Linkage for commit 2c6c142aa801cef3520ca668e75a670a32b4859a
2020-01-14 15:33:13 INFO: Linkage for commit 05d81436e99447f08bf1537ea60b5f11ebda2107
2020-01-14 15:33:13 INFO: Linkage for commit dd297dd9cb1436ac4464dacae9b43ab69aa47fc1
2020-01-14 15:33:14 INFO: Linkage for commit a254e9c8379cb021d1b85c49b2c0cdbd9b5d4e1d
2020-01-14 15:33:19 INFO: Linkage for commit bf985739143186aa34729a16c50e2db71ab9c741
2020-01-14 15:33:20 INFO: Linkage for commit 5c2070d7cf981e2e103aef6fd0ef64c473331325
2020-01-14 15:33:23 INFO: Linkage for commit 38d91308c302eb4f0b5ed24e064ee56395f9fc01
2020-01-14 15:33:24 INFO: Linkage for commit 74cab2dc9b8c32482d2c86a66a0dd9318930b4bc
2020-01-14 15:33:31 INFO: Linkage for commit c60d087c2064f5903086e95906e6bc636e3fa083
2020-01-14 15:33:32 INFO: Linkage for commit 85b7c26e63f851004ce20d4a00fbf1b46607ab0c
2020-01-14 15:33:34 INFO: Linkage for commit 09ab7decf0c8d3ce8ed8c165465f68e7ebe7af51
2020-01-14 15:33:35 INFO: Linkage for commit b5084eb51ffdb2a3bd9bed7294afc941a733a693
2020-01-14 15:33:35 INFO: Linkage for commit a19cd9db1a4280037f0d2264e45af06eaa9f8023
2020-01-14 15:33:35 INFO: Linkage for commit f4327736c972fedab912ea5508095e312f1f79e1
2020-01-14 15:33:36 INFO: Linkage for commit 4c1758d3b8003d4b3589fe80af16f590c2e6abe8
2020-01-14 15:33:37 INFO: Linkage for commit dc730e3cfd2c567f7f28060920c275db68a1230d
2020-01-14 15:33:37 INFO: Linkage for commit d45ae50b94e9473ad34d51be69ad4e7972fdbe44
2020-01-14 15:33:37 INFO: Linkage for commit f6a3d7405b72966d3714355804e1b3c14b1425cb
2020-01-14 15:33:39 INFO: Linkage for commit 5a439ed68829d8d839ef21268656e1c7041adc8e
2020-01-14 15:33:39 INFO: Linkage for commit 2d8f404b1bd566fd39a06a34ec2f96e79ed7431b
2020-01-14 15:33:39 INFO: Linkage for commit 810536929044271a608e019255e87c756235bb97
2020-01-14 15:33:40 INFO: Linkage for commit 0beb67934c5ca6d3f7e1feb9e102ac0d04186475
2020-01-14 15:33:42 INFO: Linkage for commit 9d9019edd68b50dab6070117d48d8c093352d651
2020-01-14 15:33:42 INFO: Linkage for commit cb818f191ea2b9fe563aa20c581b16f3f23b7c4c
2020-01-14 15:33:43 INFO: Linkage for commit a2a0b1a6403cd049b18ffcab1cebca545aa52fe9
2020-01-14 15:33:43 INFO: Linkage for commit 1768d08d029dc3bf1ab88e26df0a9b40ae61227f
2020-01-14 15:33:44 INFO: Linkage for commit 7eef2314cb78d41def996cdd80c5a56c94a993f3
2020-01-14 15:33:44 INFO: Linkage for commit 9cf5b64d8dbbb064fed3d4ee88eced2b6a7d50fe
2020-01-14 15:33:46 INFO: Linkage for commit 88e2a7611e0c9e93aefca75056ac52c46fb5799b
2020-01-14 15:33:47 INFO: Linkage for commit e02beea07c6d3798e2db532d6c7cebe6cc21f30d
2020-01-14 15:33:53 INFO: Linkage for commit 063004dca462777a969ab1e0002dd3053014381c
2020-01-14 15:33:54 INFO: Linkage for commit 51f22b5c68e8da3f5b46a4c48a1d4a0451ad6fe3
2020-01-14 15:33:54 INFO: Linkage for commit bb13b318cd79a68470e93c79635090c7bb565475
2020-01-14 15:33:59 INFO: Linkage for commit 734b6ba797026c223aa686496581f7124249be9a
2020-01-14 15:34:00 INFO: Linkage for commit cf870c0bebf6ca9631594845cd558e1f4fb78b29
2020-01-14 15:34:03 INFO: Linkage for commit dcc298cf98108fde395495e78ac4f28a9cdc496e
2020-01-14 15:34:03 INFO: Linkage for commit b645d2b5055f8eb96cf8511e15c3eb5edf5e4dc9
2020-01-14 15:34:04 INFO: Linkage for commit 967438d490ac741cd188999946b51d6b5b348acf
2020-01-14 15:34:04 INFO: Linkage for commit 26c25f3dbf524f4efd90e97f41c6df10345e78a9
2020-01-14 15:34:06 INFO: Linkage for commit 4e9f1a65ca8d794db54260b4f2e5b078d949fdda
2020-01-14 15:34:07 INFO: Linkage for commit 9fcdd99b191f4330a0ab6694a72ff2a6701f9a6e
2020-01-14 15:34:07 INFO: Linkage for commit a664c207facb1cddcd5ab130fc14edbae3f33d30
2020-01-14 15:34:07 INFO: Linkage for commit 8f98c584dff59b52958af026cfc27fdf031fca52
2020-01-14 15:34:07 INFO: Linkage for commit afb3eec9ac27b55faae4b7d4f562d9f1ce514293
2020-01-14 15:34:08 INFO: Linkage for commit 84dcb64cf07eba08fd7ef4de3a6aaf21f4944157
2020-01-14 15:34:08 INFO: Linkage for commit 1a5eb10451f2cc6fdc1666739c14507790137841
2020-01-14 15:34:09 INFO: Linkage for commit 0733bbffdadf05a6ebe0c38942904071a4060af4
2020-01-14 15:34:09 INFO: Linkage for commit ecd5f06988192bffed1ea4c94691e5f42347bfd9
2020-01-14 15:34:10 INFO: Linkage for commit 2ceb3f3e30ed89dc80f17d82105ee35f974494dd
2020-01-14 15:34:10 INFO: Linkage for commit 74fa3d0957e59a3f1122ed8eb69b9e65ef924252
2020-01-14 15:34:11 INFO: Linkage for commit fe64a2f9588814e44dff66e47d8ab32634704d5b
2020-01-14 15:34:11 INFO: Linkage for commit e203f4bef50e711b2fe974ad987a53debb304548
2020-01-14 15:34:11 INFO: Linkage for commit cb0c4e9f7c9be8be7c11e4934f6bd71a312102ec
2020-01-14 15:34:12 INFO: Linkage for commit 07447b5f98989e4456be8ee8acd01cfb3d20b8c0
2020-01-14 15:34:13 INFO: Linkage for commit 96cfed79612de559e454a1a91724a061e8615ae4
2020-01-14 15:34:13 INFO: Linkage for commit c52397d4d704a85499a17e9d3a2c1bcb8c5f0906
2020-01-14 15:34:14 INFO: Linkage for commit 1d97da73fdafce8f5cf9d722f23c5cba41b26b70
2020-01-14 15:34:14 INFO: Linkage for commit 88f7a12d472b1157639db5148b29c8a8825802a3
2020-01-14 15:34:16 INFO: Linkage for commit 468139382cba4eb0142f775de5657b6e9373afa5
2020-01-14 15:34:16 INFO: Linkage for commit 56a03468f394f23a95f3a0cd2e80f2671963941d
2020-01-14 15:34:16 INFO: Linkage for commit 686240ea6cc89187c1fa190f077ea6dc73bdb258
2020-01-14 15:34:17 INFO: Linkage for commit 968abcfdd4578a68cb628919acb9a6d88ba44c80
2020-01-14 15:34:19 INFO: Linkage for commit e0367cda6dfb92c8cc87744809e91298ebfcba0a
2020-01-14 15:34:19 INFO: Linkage for commit 26d438356dce6176ef9116348e768c14291131af
2020-01-14 15:34:20 INFO: Linkage for commit cfe6afadc81b72449c8b0cb96d51aa57f7a593b7
2020-01-14 15:34:20 INFO: Linkage for commit fe410297b12268e4d287a34be4856172ce8a6c94
2020-01-14 15:34:21 INFO: Linkage for commit 5d05993602fc1e0ef384f3193790053ea706d0cd
2020-01-14 15:34:21 INFO: Linkage for commit a5d194fcb57b1b320ae808bc5a8d153f98f18a84
2020-01-14 15:34:24 INFO: Linkage for commit df00d5eced3a7737b88de0f6f9e3673f0cf88f88
2020-01-14 15:34:45 INFO: Linkage for commit 0ffc637a33164dd219a6fbbb7210db84779c700a
2020-01-14 15:34:45 INFO: Linkage for commit ec298c9a5593b46aca073567895613768ad19064
2020-01-14 15:34:46 INFO: Linkage for commit ef7b30f2a31e02690c32abb1c412e097726cb8f5
2020-01-14 15:34:46 INFO: Linkage for commit 0d84dce24d6125048f22e2bf9e2e8b208ade53c8
2020-01-14 15:34:47 INFO: Linkage for commit f17e06715488e2814b6f9b3b4e329961ce224f07
2020-01-14 15:34:47 INFO: Linkage for commit aa5ed2e5e65239f3485eda786db2a466f86a092f
2020-01-14 15:34:47 INFO: Linkage for commit d621a8387a7ce820821c9a378013f4ea187ff166
2020-01-14 15:34:48 INFO: Linkage for commit 1ef449139923a22333f262dc8c75fa057903040c
2020-01-14 15:34:48 INFO: Linkage for commit bbbb8571f1a3cdcb9af977867c7a16de3a1f5a76
2020-01-14 15:34:49 INFO: Linkage for commit d96a05f8d33ed781c701c58dd285bf6464112719
2020-01-14 15:34:50 INFO: Linkage for commit 1e55e32ba3dab864b20e9c162c5b421f99a11c6d
2020-01-14 15:34:50 INFO: Linkage for commit 07cf3c7fa446da330776502fb7cdc7329bfa2265
2020-01-14 15:34:52 INFO: Linkage for commit daa46e409f29cd21f9b3a9036fd858c3c21e564f
2020-01-14 15:34:52 INFO: Linkage for commit 883c1bb6da11ff4c8422220fd99d727a495dd51f
2020-01-14 15:34:53 INFO: Linkage for commit 2a88771e9d523bff6f539c3db9e7def483a13f04
2020-01-14 15:34:53 INFO: Linkage for commit 18b23a7ed22080e7412e24060c66cef7fc3b1b93
2020-01-14 15:34:53 INFO: Linkage for commit fc1b3571f5995594b27cd3b82d9721b14e5620b9
2020-01-14 15:34:54 INFO: Linkage for commit c1aae8c894e2afe75ee44965562521cf02c2034a
2020-01-14 15:34:54 INFO: Linkage for commit 16a2b51b9d9425cd7dacad85e2df97985996ca8d
2020-01-14 15:34:54 INFO: Linkage for commit 5e2616aa6280909649185240e0194fd14c5147a8
2020-01-14 15:34:55 INFO: Linkage for commit 60d16e02576f7ab259eec29c2af0dbcce0e0e925
2020-01-14 15:34:55 INFO: Linkage for commit d462bb939b13b0a95a31258eb872a5295d11df76
2020-01-14 15:34:56 INFO: Linkage for commit 64a1c76037475cca448ba16bca90a83581c4ef01
2020-01-14 15:34:56 INFO: Linkage for commit 54b7613484be714a769a8d62f1ac507912e61a01
2020-01-14 15:34:57 INFO: Linkage for commit 0804ef4cd09b0e94783a9882c60914e22fca5108
2020-01-14 15:34:57 INFO: Linkage for commit a90b496a6595856066504baf4f737fb853a6e45d
2020-01-14 15:34:58 INFO: Linkage for commit 38010188e5c5e34da29d063e6c002a173f56a539
2020-01-14 15:34:58 INFO: Linkage for commit 3a5772dab5ce8f3b2879a19009357d425e84400e
2020-01-14 15:34:58 INFO: Linkage for commit b403288c9bf67e4989b7f3af5b8360828dcb8e94
2020-01-14 15:34:59 INFO: Linkage for commit 61994e0c0aa768b43fad1ac6e35b1e43ffc8b142
2020-01-14 15:35:00 INFO: Linkage for commit 97654ff38f976733fa4c6ae9b28e3fe10328183f
2020-01-14 15:35:05 INFO: Linkage for commit 37a8aaba8a817b4bebbeebcd645d304601a0c8f0
2020-01-14 15:35:09 INFO: Linkage for commit 10f8f5ada174ee2b3480485980865b26db4bcdbc
2020-01-14 15:35:09 INFO: Linkage for commit 82118e728701b7b0f81a2dd4a69b2290de056b28
2020-01-14 15:35:12 INFO: Linkage for commit 1ce094e73a673fefb7ef69c8734f19a51293b47d
2020-01-14 15:35:13 INFO: Linkage for commit e5c943ada7ad1b3b79570ff10b11d396927a337d
2020-01-14 15:35:13 INFO: Linkage for commit b8057bc33957a83086019fb5edca386add6d0b6c
2020-01-14 15:35:13 INFO: Linkage for commit 1d63100e6d69f448a3afb4571e9915cb9439fe1d
2020-01-14 15:35:14 INFO: Linkage for commit b978f680cfa3eb9b526cc8bd25c68a3eb6db3c45
2020-01-14 15:35:14 INFO: Linkage for commit efbd2e8070edfc9886e8f76b73e5bbe800ddc18c
2020-01-14 15:35:14 INFO: Linkage for commit 59baeed4cb3d24211960ad01fd3ee9e534b0e1da
2020-01-14 15:35:15 INFO: Linkage for commit b6ee6c138832b4eae4ca4fd58a4d1a67d6ee4431
2020-01-14 15:35:15 INFO: Linkage for commit c88cd1f76ceb98f5841e4c09c8dc6fccb0aa8709
2020-01-14 15:35:15 INFO: Linkage for commit 5ae6473db8a9c61ccf4e53a3c529b03699ef816c
2020-01-14 15:35:16 INFO: Linkage for commit 9bad8ce0a56d056ec3b7166351b7405c8be7e834
2020-01-14 15:35:16 INFO: Linkage for commit 04c3f9955266bbb47542a17c486354b80cfe77e6
2020-01-14 15:35:16 INFO: Linkage for commit 6175fa654c52aa91450414891e65e7150df913e5
2020-01-14 15:35:17 INFO: Linkage for commit 6fe93c1a2717ce06b252d8a45d7ca020d3dc3fb3
2020-01-14 15:35:17 INFO: Linkage for commit 1f75796e4cd2827070f319d718ec4a8d285a9bdb
2020-01-14 15:35:18 INFO: Linkage for commit d5c0bae31c151d5125e67940aabbb552c9ac0aec
2020-01-14 15:35:19 INFO: Linkage for commit 82bea5dc259bb769fcd590020fe42733c95e3cfa
2020-01-14 15:35:19 INFO: Linkage for commit 0431f42c2f2502610719e0b45a28fd0dd51b2cb1
2020-01-14 15:35:20 INFO: Linkage for commit fd691746a7d953c8e4a6855161437124071a49fb
2020-01-14 15:35:20 INFO: Linkage for commit 54d6e949e952100a3aea5d2bfb18ef26d39e28e8
2020-01-14 15:35:20 INFO: Linkage for commit c4c8ebd03380350ef4e02a2744ecb5f04f8a30e1
2020-01-14 15:35:21 INFO: Linkage for commit df016dc056ab15dfa7a6c448ef1905b27eff877f
2020-01-14 15:35:21 INFO: Linkage for commit 23688534cb86dbc76095a2535b807d902cf77bef
2020-01-14 15:35:22 INFO: Linkage for commit b2d7fce66be7904246dc2870a7575340acf3d110
2020-01-14 15:35:23 INFO: Linkage for commit 4884654903762d0de6889720b0be0162d3a18cbd
2020-01-14 15:35:23 INFO: Linkage for commit 4c0c7876d8b1010e949a885702721e30300eb56e
2020-01-14 15:35:24 INFO: Linkage for commit 85d7d3327a10435291f948121e1a8402b131fbd4
2020-01-14 15:35:24 INFO: Linkage for commit e6a20043db694056ac00456f6076091012ecba87
2020-01-14 15:35:24 INFO: Linkage for commit 41d44734f41aba0cf6ba5a11ff5d32ffed155027
2020-01-14 15:35:25 INFO: Linkage for commit 35c8fd373965ab1b06d63e5c3bbc5d9f2c356ec4
2020-01-14 15:35:25 INFO: Linkage for commit 2b6fa701e84625c511b03079296774cc0904ef1a
2020-01-14 15:35:26 INFO: Linkage for commit 61f8c8373f413f2ee89b3a0e38b7d48dbf712d62
2020-01-14 15:35:27 INFO: Linkage for commit 93bcc8d5fe351d50cf46f2c58ed8320e47a2b6ee
2020-01-14 15:35:28 INFO: Linkage for commit 363755060f75d3d5cce21bd05d49110e02bc1ba2
2020-01-14 15:35:28 INFO: Linkage for commit 25495b3e91e346121e3292e8e01a3cc085b644f3
2020-01-14 15:35:29 INFO: Linkage for commit a25189631a9eb551a1ac961ca4d2c2db37a687a0
2020-01-14 15:35:29 INFO: Linkage for commit 140f1cde4a50c21bab7ab012ee14a687699723dc
2020-01-14 15:35:30 INFO: Linkage for commit d50032d673544330fcaa68b5476a5dc99df9633d
2020-01-14 15:35:30 INFO: Linkage for commit 23b0bb0ef9b690660cd3853005f9b635533d3770
2020-01-14 15:35:31 INFO: Linkage for commit 25f96a308d34ee0519fa24c957f82346089dd145
2020-01-14 15:35:31 INFO: Linkage for commit b87d766f8cf2769aa25a1192e71c22f4c324cf8a
2020-01-14 15:35:32 INFO: Linkage for commit 44cd8f80dbac11849a42a5d73fc9b5ddc75cd1b4
2020-01-14 15:35:32 INFO: Linkage for commit 88f63daafb9eec076c09f532c9f0bd823a150be0
2020-01-14 15:35:33 INFO: Linkage for commit edcb82278b060f3e07286dfb98862002ba9efb68
2020-01-14 15:35:33 INFO: Linkage for commit d69cdd80760487df3379f8906ec076a23e1a9f84
2020-01-14 15:35:34 INFO: Linkage for commit c85c6147ada5ad1afdd3be10769670d309730132
2020-01-14 15:35:35 INFO: Linkage for commit b19ff583ce5cb5527dab83a1f336c7526463dac4
2020-01-14 15:35:35 INFO: Linkage for commit a5acc2defe0134d179cf15424202b5403eef74d4
2020-01-14 15:35:36 INFO: Linkage for commit 852762b48959776ba0c6da72bac8b403005d6fb4
2020-01-14 15:35:38 INFO: Linkage for commit f15ee64ef898f26775b90e4baf19251a76e5b1e0
2020-01-14 15:35:39 INFO: Linkage for commit a03e02a22fe147b5d1a68bca981373cd094e1329
2020-01-14 15:35:39 INFO: Linkage for commit ead2fe7ca97e4b0bc013efe0e734e39a45db213c
2020-01-14 15:35:40 INFO: Linkage for commit 861569f225f5a549728deacfcbb4f68a2608c3d1
2020-01-14 15:35:43 INFO: Linkage for commit 39b8a92d24e6c81e4fc614cdf13003ce17bbc166
2020-01-14 15:35:44 INFO: Linkage for commit a58d459d76add6a1621ae7da80c7412134076af2
2020-01-14 15:35:45 INFO: Linkage for commit a29f45a3be64caa53feee6f6cc4d70cc43542362
2020-01-14 15:35:45 INFO: Linkage for commit 113e8b7c6fd3f96ddbd9c759c58a27877f0f854b
2020-01-14 15:35:45 INFO: Linkage for commit 26d61457c3aa8f1de646c400aaaf5524299c8c32
2020-01-14 15:35:46 INFO: Linkage for commit 3ce01b1484c176d553c43f230897d25a0ed01366
2020-01-14 15:35:46 INFO: Linkage for commit a81c5e2eca15af2e08acf777d7a582c44d7f9b6d
2020-01-14 15:35:46 INFO: Linkage for commit 3dc8cce254982eab456409ab5e41084ac5351c2c
2020-01-14 15:35:47 INFO: Linkage for commit 9ee381470d56efa800420e5e22721e402aca01c2
2020-01-14 15:35:47 INFO: Linkage for commit 9d2fe4efd5db64f47f3f8d1e1e8b10634f99e95d
2020-01-14 15:35:48 INFO: Linkage for commit e0b5e243990b6945ce11704259a309c1f8e6dde2
2020-01-14 15:35:48 INFO: Linkage for commit 563d32cd3eea98a0f87aa12c48b309678d94d5a2
2020-01-14 15:35:48 INFO: Linkage for commit 3f736cf514b0421a82383db74188f6c0e3dfef1a
2020-01-14 15:35:49 INFO: Linkage for commit bb48ff9a5440f4062abdbd2296a377b6c4e057f0
2020-01-14 15:35:51 INFO: Linkage for commit 24dfdd762e753c83babca3768d4b508cf5c6a86c
2020-01-14 15:35:52 INFO: Linkage for commit 376c2fc3f269eaba580c75cd1689ca2ba16ad202
2020-01-14 15:35:52 INFO: Linkage for commit 347eb809e653d8fb601b9751f7b7971341e1f5ec
2020-01-14 15:36:02 INFO: Linkage for commit aa02545ce04232dc9806663e5729d12c7de992d5
2020-01-14 15:36:03 INFO: Linkage for commit 7a098547474fb11c91262476a172f994e8051ada
2020-01-14 15:36:03 INFO: Linkage for commit cf13399be099b42d8786b62c134108f854d54578
2020-01-14 15:36:04 INFO: Linkage for commit 00f2f7635fdfa16f7091d84683b5a3b93059cd20
2020-01-14 15:36:04 INFO: Linkage for commit 5aa5f1641387daba3e566c54c83e674abc683d6c
2020-01-14 15:36:04 INFO: Linkage for commit eb75886b2be7edf709441962bf3272e4319823c5
2020-01-14 15:36:05 INFO: Linkage for commit 64eb7302653c1263767eee550e5b53d9af66ba0d
2020-01-14 15:36:06 INFO: Linkage for commit 568424ad3cd9fe1fdd02c4089ceb94dcc53499dd
2020-01-14 15:36:07 INFO: Linkage for commit ec3d88ed31921cdef07eeace3ad1ecdbce2ecbf4
2020-01-14 15:36:08 INFO: Linkage for commit b8300f0d035d4cb176cc360e551a13ad8ba5fe21
2020-01-14 15:36:08 INFO: Linkage for commit 23157b75c36c8754781512552d8b6733f521c05c
2020-01-14 15:36:09 INFO: Linkage for commit 67d424b26f061c57a0a625a8be2b0c68f7a413b4
2020-01-14 15:36:09 INFO: Linkage for commit 01d7ec2c8212ed9395877cbf77eb5139d80b74e1
2020-01-14 15:36:09 INFO: Linkage for commit c3715204786394f461d94953de9a66a4cec684e9
2020-01-14 15:36:10 INFO: Linkage for commit 138d278012f9d647f983f59c3ede954ea111bdd5
2020-01-14 15:36:10 INFO: Linkage for commit 9a28848007830dca4b92c73cc571cbe753a560ba
2020-01-14 15:36:10 INFO: Linkage for commit faa0e334080cd91f05fc1acbc7c39a525e172256
2020-01-14 15:36:11 INFO: Linkage for commit 552bb39280c2daa5b41eec808dc6a3cafb3237df
2020-01-14 15:36:11 INFO: Linkage for commit d9861ecdb6e487f6c352437ee823879aca3b81d4
2020-01-14 15:36:12 INFO: Linkage for commit 0fe662d1432784cd24f33a4b57a4f62895706d66
2020-01-14 15:36:12 INFO: Linkage for commit 8c9e81daf38efa8b4af9ba5c55fe83765ac434d6
2020-01-14 15:36:14 INFO: Linkage for commit 7065f378bdd67bb9e9e0a44044ed36f7006218bc
2020-01-14 15:36:15 INFO: Linkage for commit 7c2f12c92bd5c66f4cac65dfdf86863c665a13ec
2020-01-14 15:36:15 INFO: Linkage for commit b51fa17fc6a750a17436f9f38c139a7b5228171f
2020-01-14 15:36:18 INFO: Linking done for repojunit
its working
I am here
   id   name                                      url last_analyzed
0   1  junit  https://github.com/junit-team/junit.git          None
The repo is: junit
This is the current path: /home/smajumd3/Data_Miner/github/API_V3/commit_guru/ingester/CASRepos/git/junit
working on pulling
======================== 2020-01-14 15:27:56.612732 2019-12-15 15:27:56.612708
              age  ...                                              fixes
0        0.000000  ...                                                NaN
1        0.043866  ...                                                NaN
2        6.331956  ...                                                NaN
3        6.370567  ...                                                NaN
4        8.320116  ...       ["a8ec4efa178afdbc7844e94d08ab38b811c7409a"]
5        8.322095  ...                                                NaN
6       19.896609  ...  ["a8ec4efa178afdbc7844e94d08ab38b811c7409a", "...
7        4.922209  ...  ["a1fef439624fe411d0bea8651324e28b134e8b4a", "...
8        7.015602  ...                                                NaN
9        6.688800  ...       ["bfc94ee739d62127c7477300b26127bd560765a1"]
10       8.014792  ...                                                NaN
11       0.015058  ...                                                NaN
12      74.111499  ...  ["4999b51527fa32f2c17d3488ddc4095b19fa732a", "...
13      31.318981  ...                                                NaN
14     101.352827  ...  ["a1fef439624fe411d0bea8651324e28b134e8b4a", "...
15       0.013299  ...                                                NaN
16     217.212569  ...                                                NaN
17       0.000000  ...                                                NaN
18     218.335880  ...                                                NaN
19       0.012384  ...                                                NaN
20     251.560923  ...                                                NaN
21     165.785981  ...       ["8c1784e4b026417ed381ac5f0a7e2dda9084d7b0"]
22     151.165127  ...                                                NaN
23     235.815654  ...                                                NaN
24      76.502886  ...                                                NaN
25      52.131802  ...  ["2a57cc62edbc06b83c68d81dea87bbe43c46e20f", "...
26     283.806238  ...       ["2cd770c3511bd9ae15320ea4cd81f2ae284cc659"]
27     178.700858  ...                                                NaN
28     198.976944  ...                                                NaN
29     155.354537  ...                                                NaN
...           ...  ...                                                ...
2397   283.597025  ...                                                NaN
2398   863.265705  ...                                                NaN
2399     0.045394  ...                                                NaN
2400  1637.043656  ...                                                NaN
2401    21.798125  ...                                                NaN
2402  1112.718304  ...                                                NaN
2403    21.974062  ...                                                NaN
2404   173.958125  ...                                                NaN
2405     0.000093  ...                                                NaN
2406     0.002755  ...                                                NaN
2407     0.001713  ...                                                NaN
2408     0.003426  ...                                                NaN
2409     0.000081  ...                                                NaN
2410     0.002269  ...                                                NaN
2411     0.000081  ...                                                NaN
2412     0.002616  ...                                                NaN
2413     0.000093  ...                                                NaN
2414     0.004838  ...                                                NaN
2415     0.000093  ...                                                NaN
2416  1874.184317  ...                                                NaN
2417     7.034028  ...                                                NaN
2418   403.445556  ...                                                NaN
2419   398.800943  ...                                                NaN
2420    28.866667  ...                                                NaN
2421     0.000093  ...                                                NaN
2422     0.005475  ...                                                NaN
2423     0.000093  ...                                                NaN
2424    31.237905  ...                                                NaN
2425     0.000093  ...                                                NaN
2426  1380.839236  ...                                                NaN

[2427 rows x 25 columns]
['bc3741becf26f02b5af98dc0b3b151bbd2a2fc83', 'de48375b1b601c32daf718c70c62f7f4b80b58aa', []]
pygit2.Repository('/home/smajumd3/Data_Miner/github/API_V3/commit_guru/ingester/CASRepos/git/junit/.git/')
539
58 ('2286815454cfdf9480f954adb31439b26d25710f', '40cc52cf5f5dc1dd1ee513410536bdc11422307d')
und create -languages Java add /home/smajumd3/Data_Miner/github/API_V3/commit_guru/ingester/CASRepos/git/junit analyze /home/smajumd3/Data_Miner/github/API_V3/.temp/udb/junit_buggy.udb
und create -languages Java add /home/smajumd3/Data_Miner/github/API_V3/commit_guru/ingester/CASRepos/git/junit analyze /home/smajumd3/Data_Miner/github/API_V3/.temp/udb/junit_clean.udb
59 ('10b674dbba2a8ceadb65dfc8e8033072f41fc2aa', '1097f2c22f97cb4b4818b79b83fa92f14fc3ace5')
und create -languages Java add /home/smajumd3/Data_Miner/github/API_V3/commit_guru/ingester/CASRepos/git/junit analyze /home/smajumd3/Data_Miner/github/API_V3/.temp/udb/junit_buggy.udb
und create -languages Java add /home/smajumd3/Data_Miner/github/API_V3/commit_guru/ingester/CASRepos/git/junit analyze /home/smajumd3/Data_Miner/github/API_V3/.temp/udb/junit_clean.udb
60 ('6a83bc0f1e5f9839a36910c3a21108bc38367afb', '10b674dbba2a8ceadb65dfc8e8033072f41fc2aa')
und create -languages Java add /home/smajumd3/Data_Miner/github/API_V3/commit_guru/ingester/CASRepos/git/junit analyze /home/smajumd3/Data_Miner/github/API_V3/.temp/udb/junit_buggy.udb
und create -languages Java add /home/smajumd3/Data_Miner/github/API_V3/commit_guru/ingester/CASRepos/git/junit analyze /home/smajumd3/Data_Miner/github/API_V3/.temp/udb/junit_clean.udb
61 ('88f0fe3ced24506ddf9791f7a088163f4e7b1f20', '890b7b977e42360aa8975c8535fc66bfd8d8cb3e')
und create -languages Java add /home/smajumd3/Data_Miner/github/API_V3/commit_guru/ingester/CASRepos/git/junit analyze /home/smajumd3/Data_Miner/github/API_V3/.temp/udb/junit_buggy.udb
und create -languages Java add /home/smajumd3/Data_Miner/github/API_V3/commit_guru/ingester/CASRepos/git/junit analyze /home/smajumd3/Data_Miner/github/API_V3/.temp/udb/junit_clean.udb
62 ('3d7fee93ddc21a6e849c36d5ae58b37b3d189665', '88f0fe3ced24506ddf9791f7a088163f4e7b1f20')
und create -languages Java add /home/smajumd3/Data_Miner/github/API_V3/commit_guru/ingester/CASRepos/git/junit analyze /home/smajumd3/Data_Miner/github/API_V3/.temp/udb/junit_buggy.udb
und create -languages Java add /home/smajumd3/Data_Miner/github/API_V3/commit_guru/ingester/CASRepos/git/junit analyze /home/smajumd3/Data_Miner/github/API_V3/.temp/udb/junit_clean.udb
63 ('de7ac4a1c3c7c9e59befe41d120daaa7827b7b24', 'aa7047aacc6dee8bc7f07da92ffa4a661737ca63')
und create -languages Java add /home/smajumd3/Data_Miner/github/API_V3/commit_guru/ingester/CASRepos/git/junit analyze /home/smajumd3/Data_Miner/github/API_V3/.temp/udb/junit_buggy.udb
und create -languages Java add /home/smajumd3/Data_Miner/github/API_V3/commit_guru/ingester/CASRepos/git/junit analyze /home/smajumd3/Data_Miner/github/API_V3/.temp/udb/junit_clean.udb
64 ('1357ec0cc6f439e3e4a9d818138b36b9347f0a3d', '071887a1353d6e34de306e93ef0a9818cf75fdea')
und create -languages Java add /home/smajumd3/Data_Miner/github/API_V3/commit_guru/ingester/CASRepos/git/junit analyze /home/smajumd3/Data_Miner/github/API_V3/.temp/udb/junit_buggy.udb
und create -languages Java add /home/smajumd3/Data_Miner/github/API_V3/commit_guru/ingester/CASRepos/git/junit analyze /home/smajumd3/Data_Miner/github/API_V3/.temp/udb/junit_clean.udb
65 ('7f08797ece011ff765e98635323d59811363df5b', '141a144b3d4aca9a1f39f92c1d697a249e991317')
und create -languages Java add /home/smajumd3/Data_Miner/github/API_V3/commit_guru/ingester/CASRepos/git/junit analyze /home/smajumd3/Data_Miner/github/API_V3/.temp/udb/junit_buggy.udb
und create -languages Java add /home/smajumd3/Data_Miner/github/API_V3/commit_guru/ingester/CASRepos/git/junit analyze /home/smajumd3/Data_Miner/github/API_V3/.temp/udb/junit_clean.udb
66 ('a9482d75217d0ae1ad8220515ed22a9245a822fc', '7f08797ece011ff765e98635323d59811363df5b')
und create -languages Java add /home/smajumd3/Data_Miner/github/API_V3/commit_guru/ingester/CASRepos/git/junit analyze /home/smajumd3/Data_Miner/github/API_V3/.temp/udb/junit_buggy.udb
und create -languages Java add /home/smajumd3/Data_Miner/github/API_V3/commit_guru/ingester/CASRepos/git/junit analyze /home/smajumd3/Data_Miner/github/API_V3/.temp/udb/junit_clean.udb
67 ('edf02bd3727d8706e7854c151abcb7bb314842a7', '3d170535ebe4f6a5f921d9376c0318a70f1ee679')
und create -languages Java add /home/smajumd3/Data_Miner/github/API_V3/commit_guru/ingester/CASRepos/git/junit analyze /home/smajumd3/Data_Miner/github/API_V3/.temp/udb/junit_buggy.udb
und create -languages Java add /home/smajumd3/Data_Miner/github/API_V3/commit_guru/ingester/CASRepos/git/junit analyze /home/smajumd3/Data_Miner/github/API_V3/.temp/udb/junit_clean.udb
68 ('5751178d6c4485afb11f4b14b9804dc954faa5ee', '67e270ef6be1e50b2e86f39d27750340c8482198')
und create -languages Java add /home/smajumd3/Data_Miner/github/API_V3/commit_guru/ingester/CASRepos/git/junit analyze /home/smajumd3/Data_Miner/github/API_V3/.temp/udb/junit_buggy.udb
und create -languages Java add /home/smajumd3/Data_Miner/github/API_V3/commit_guru/ingester/CASRepos/git/junit analyze /home/smajumd3/Data_Miner/github/API_V3/.temp/udb/junit_clean.udb
69 ('24eacde6262fbb3ce096fe59e8df93907b7622ae', '8ce9b2ff45fbae2c7af1a3d535b2553c8e2b78f9')
und create -languages Java add /home/smajumd3/Data_Miner/github/API_V3/commit_guru/ingester/CASRepos/git/junit analyze /home/smajumd3/Data_Miner/github/API_V3/.temp/udb/junit_buggy.udb
und create -languages Java add /home/smajumd3/Data_Miner/github/API_V3/commit_guru/ingester/CASRepos/git/junit analyze /home/smajumd3/Data_Miner/github/API_V3/.temp/udb/junit_clean.udb
70 ('521fdb5aae536bd5055f6d0e4f09c5a7bdb5799f', 'db89759c22060a89f6750e2e92ce93072eace561')
und create -languages Java add /home/smajumd3/Data_Miner/github/API_V3/commit_guru/ingester/CASRepos/git/junit analyze /home/smajumd3/Data_Miner/github/API_V3/.temp/udb/junit_buggy.udb
und create -languages Java add /home/smajumd3/Data_Miner/github/API_V3/commit_guru/ingester/CASRepos/git/junit analyze /home/smajumd3/Data_Miner/github/API_V3/.temp/udb/junit_clean.udb
71 ('3b75d00dafe4851195ddcd2f8810a18a55e43514', '521fdb5aae536bd5055f6d0e4f09c5a7bdb5799f')
und create -languages Java add /home/smajumd3/Data_Miner/github/API_V3/commit_guru/ingester/CASRepos/git/junit analyze /home/smajumd3/Data_Miner/github/API_V3/.temp/udb/junit_buggy.udb
und create -languages Java add /home/smajumd3/Data_Miner/github/API_V3/commit_guru/ingester/CASRepos/git/junit analyze /home/smajumd3/Data_Miner/github/API_V3/.temp/udb/junit_clean.udb
72 ('dabf9f919413ef7f86c95140502792bcaa2b842a', '3b75d00dafe4851195ddcd2f8810a18a55e43514')
und create -languages Java add /home/smajumd3/Data_Miner/github/API_V3/commit_guru/ingester/CASRepos/git/junit analyze /home/smajumd3/Data_Miner/github/API_V3/.temp/udb/junit_buggy.udb
und create -languages Java add /home/smajumd3/Data_Miner/github/API_V3/commit_guru/ingester/CASRepos/git/junit analyze /home/smajumd3/Data_Miner/github/API_V3/.temp/udb/junit_clean.udb
73 ('6acc164b4125da775cccd4035c1b99e9d404bacd', 'bd7bff7c4ca18e1d0eab5260e585d3914e5fa53d')
und create -languages Java add /home/smajumd3/Data_Miner/github/API_V3/commit_guru/ingester/CASRepos/git/junit analyze /home/smajumd3/Data_Miner/github/API_V3/.temp/udb/junit_buggy.udb
und create -languages Java add /home/smajumd3/Data_Miner/github/API_V3/commit_guru/ingester/CASRepos/git/junit analyze /home/smajumd3/Data_Miner/github/API_V3/.temp/udb/junit_clean.udb
74 ('fcf95d1d6bfdd046f1328af108ad5376c62d50d4', '22a6c6857eaef07a5d54fecfaea8db7c66f65de7')
und create -languages Java add /home/smajumd3/Data_Miner/github/API_V3/commit_guru/ingester/CASRepos/git/junit analyze /home/smajumd3/Data_Miner/github/API_V3/.temp/udb/junit_buggy.udb
und create -languages Java add /home/smajumd3/Data_Miner/github/API_V3/commit_guru/ingester/CASRepos/git/junit analyze /home/smajumd3/Data_Miner/github/API_V3/.temp/udb/junit_clean.udb
75 ('cf84e7073227c457a3fcd59b515dd6ca25d95c51', 'b7bb33dd040e87bb08831ee950fd788f206bb59a')
und create -languages Java add /home/smajumd3/Data_Miner/github/API_V3/commit_guru/ingester/CASRepos/git/junit analyze /home/smajumd3/Data_Miner/github/API_V3/.temp/udb/junit_buggy.udb
und create -languages Java add /home/smajumd3/Data_Miner/github/API_V3/commit_guru/ingester/CASRepos/git/junit analyze /home/smajumd3/Data_Miner/github/API_V3/.temp/udb/junit_clean.udb
76 ('97cc9acfa0c81cc440eb8c75c39d590f345b362b', 'cf84e7073227c457a3fcd59b515dd6ca25d95c51')
und create -languages Java add /home/smajumd3/Data_Miner/github/API_V3/commit_guru/ingester/CASRepos/git/junit analyze /home/smajumd3/Data_Miner/github/API_V3/.temp/udb/junit_buggy.udb
und create -languages Java add /home/smajumd3/Data_Miner/github/API_V3/commit_guru/ingester/CASRepos/git/junit analyze /home/smajumd3/Data_Miner/github/API_V3/.temp/udb/junit_clean.udb
77 ('1299fcddc57ce7956d87022c3e32c09b447690a3', '7a2a3811a762d7988dc153d59c4222a6ab96bf82')
und create -languages Java add /home/smajumd3/Data_Miner/github/API_V3/commit_guru/ingester/CASRepos/git/junit analyze /home/smajumd3/Data_Miner/github/API_V3/.temp/udb/junit_buggy.udb
und create -languages Java add /home/smajumd3/Data_Miner/github/API_V3/commit_guru/ingester/CASRepos/git/junit analyze /home/smajumd3/Data_Miner/github/API_V3/.temp/udb/junit_clean.udb
78 ('d322fe6d909c929be5e637b2adbd7da8f9264b3a', '0096ac6e8af5696387b635274ee699112f07524b')
und create -languages Java add /home/smajumd3/Data_Miner/github/API_V3/commit_guru/ingester/CASRepos/git/junit analyze /home/smajumd3/Data_Miner/github/API_V3/.temp/udb/junit_buggy.udb
und create -languages Java add /home/smajumd3/Data_Miner/github/API_V3/commit_guru/ingester/CASRepos/git/junit analyze /home/smajumd3/Data_Miner/github/API_V3/.temp/udb/junit_clean.udb
79 ('85c570ea92f0ee7d17573966dd7f94f4c3b0b61a', 'd322fe6d909c929be5e637b2adbd7da8f9264b3a')
und create -languages Java add /home/smajumd3/Data_Miner/github/API_V3/commit_guru/ingester/CASRepos/git/junit analyze /home/smajumd3/Data_Miner/github/API_V3/.temp/udb/junit_buggy.udb
und create -languages Java add /home/smajumd3/Data_Miner/github/API_V3/commit_guru/ingester/CASRepos/git/junit analyze /home/smajumd3/Data_Miner/github/API_V3/.temp/udb/junit_clean.udb
80 ('79d696c81cb996e6a199b062c0ae1f53408d5ebd', '85c570ea92f0ee7d17573966dd7f94f4c3b0b61a')
und create -languages Java add /home/smajumd3/Data_Miner/github/API_V3/commit_guru/ingester/CASRepos/git/junit analyze /home/smajumd3/Data_Miner/github/API_V3/.temp/udb/junit_buggy.udb
und create -languages Java add /home/smajumd3/Data_Miner/github/API_V3/commit_guru/ingester/CASRepos/git/junit analyze /home/smajumd3/Data_Miner/github/API_V3/.temp/udb/junit_clean.udb
81 ('c43c3c5d4dc53c8477d492ed5e13d7f7c8e3d2ad', '7ce9e33e556cf1817d94f769e09c9d22b8d2764d')
und create -languages Java add /home/smajumd3/Data_Miner/github/API_V3/commit_guru/ingester/CASRepos/git/junit analyze /home/smajumd3/Data_Miner/github/API_V3/.temp/udb/junit_buggy.udb
und create -languages Java add /home/smajumd3/Data_Miner/github/API_V3/commit_guru/ingester/CASRepos/git/junit analyze /home/smajumd3/Data_Miner/github/API_V3/.temp/udb/junit_clean.udb
82 ('0174b15e97908a4a68625cb029a07e8f7d593afc', 'c43c3c5d4dc53c8477d492ed5e13d7f7c8e3d2ad')
und create -languages Java add /home/smajumd3/Data_Miner/github/API_V3/commit_guru/ingester/CASRepos/git/junit analyze /home/smajumd3/Data_Miner/github/API_V3/.temp/udb/junit_buggy.udb
und create -languages Java add /home/smajumd3/Data_Miner/github/API_V3/commit_guru/ingester/CASRepos/git/junit analyze /home/smajumd3/Data_Miner/github/API_V3/.temp/udb/junit_clean.udb
83 ('35f5f3a78cdc49954e9542dafeea86f13705fdf8', '9a192ede27ad2936b0c4a31fe5d0180dfd556d8b')
und create -languages Java add /home/smajumd3/Data_Miner/github/API_V3/commit_guru/ingester/CASRepos/git/junit analyze /home/smajumd3/Data_Miner/github/API_V3/.temp/udb/junit_buggy.udb
und create -languages Java add /home/smajumd3/Data_Miner/github/API_V3/commit_guru/ingester/CASRepos/git/junit analyze /home/smajumd3/Data_Miner/github/API_V3/.temp/udb/junit_clean.udb
84 ('787ed4e5bc2b68e8b5cdb6190ff1fc053f1a5b13', '149ecd4dcd99697710aa350e9cd3b3bcac877125')
und create -languages Java add /home/smajumd3/Data_Miner/github/API_V3/commit_guru/ingester/CASRepos/git/junit analyze /home/smajumd3/Data_Miner/github/API_V3/.temp/udb/junit_buggy.udb
und create -languages Java add /home/smajumd3/Data_Miner/github/API_V3/commit_guru/ingester/CASRepos/git/junit analyze /home/smajumd3/Data_Miner/github/API_V3/.temp/udb/junit_clean.udb
85 ('1fe4f2534d39f819eae3ae1a6e6169c651b0a8a8', '787ed4e5bc2b68e8b5cdb6190ff1fc053f1a5b13')
und create -languages Java add /home/smajumd3/Data_Miner/github/API_V3/commit_guru/ingester/CASRepos/git/junit analyze /home/smajumd3/Data_Miner/github/API_V3/.temp/udb/junit_buggy.udb
und create -languages Java add /home/smajumd3/Data_Miner/github/API_V3/commit_guru/ingester/CASRepos/git/junit analyze /home/smajumd3/Data_Miner/github/API_V3/.temp/udb/junit_clean.udb
86 ('f98130957df08de9cae93169298e04bf84388cae', '1fe4f2534d39f819eae3ae1a6e6169c651b0a8a8')
und create -languages Java add /home/smajumd3/Data_Miner/github/API_V3/commit_guru/ingester/CASRepos/git/junit analyze /home/smajumd3/Data_Miner/github/API_V3/.temp/udb/junit_buggy.udb
und create -languages Java add /home/smajumd3/Data_Miner/github/API_V3/commit_guru/ingester/CASRepos/git/junit analyze /home/smajumd3/Data_Miner/github/API_V3/.temp/udb/junit_clean.udb
87 ('576377b9ad44028dc84c2f8487cfe8dbccb8c252', '57302f0df76fba83ba72a676bd660efeb5881af6')
und create -languages Java add /home/smajumd3/Data_Miner/github/API_V3/commit_guru/ingester/CASRepos/git/junit analyze /home/smajumd3/Data_Miner/github/API_V3/.temp/udb/junit_buggy.udb
und create -languages Java add /home/smajumd3/Data_Miner/github/API_V3/commit_guru/ingester/CASRepos/git/junit analyze /home/smajumd3/Data_Miner/github/API_V3/.temp/udb/junit_clean.udb
88 ('44e7458b19d5cd1900a765a440c96e85b81d25fc', '576377b9ad44028dc84c2f8487cfe8dbccb8c252')
und create -languages Java add /home/smajumd3/Data_Miner/github/API_V3/commit_guru/ingester/CASRepos/git/junit analyze /home/smajumd3/Data_Miner/github/API_V3/.temp/udb/junit_buggy.udb
und create -languages Java add /home/smajumd3/Data_Miner/github/API_V3/commit_guru/ingester/CASRepos/git/junit analyze /home/smajumd3/Data_Miner/github/API_V3/.temp/udb/junit_clean.udb
89 ('6887479f1b64c5a18f5708ea6905bb59804a9a0f', '2bb6d5de002052680d443065e1c26f59be212e4b')
und create -languages Java add /home/smajumd3/Data_Miner/github/API_V3/commit_guru/ingester/CASRepos/git/junit analyze /home/smajumd3/Data_Miner/github/API_V3/.temp/udb/junit_buggy.udb
und create -languages Java add /home/smajumd3/Data_Miner/github/API_V3/commit_guru/ingester/CASRepos/git/junit analyze /home/smajumd3/Data_Miner/github/API_V3/.temp/udb/junit_clean.udb
90 ('b333208ccfbef77c556a270bd4385586523dcafc', '6887479f1b64c5a18f5708ea6905bb59804a9a0f')
und create -languages Java add /home/smajumd3/Data_Miner/github/API_V3/commit_guru/ingester/CASRepos/git/junit analyze /home/smajumd3/Data_Miner/github/API_V3/.temp/udb/junit_buggy.udb
und create -languages Java add /home/smajumd3/Data_Miner/github/API_V3/commit_guru/ingester/CASRepos/git/junit analyze /home/smajumd3/Data_Miner/github/API_V3/.temp/udb/junit_clean.udb
91 ('4d9c88e37dfed614a1bd1ae2ca2ecc86122aa9f1', 'b333208ccfbef77c556a270bd4385586523dcafc')
und create -languages Java add /home/smajumd3/Data_Miner/github/API_V3/commit_guru/ingester/CASRepos/git/junit analyze /home/smajumd3/Data_Miner/github/API_V3/.temp/udb/junit_buggy.udb
und create -languages Java add /home/smajumd3/Data_Miner/github/API_V3/commit_guru/ingester/CASRepos/git/junit analyze /home/smajumd3/Data_Miner/github/API_V3/.temp/udb/junit_clean.udb
92 ('bd8a96dbbfe93f134f75c768e5c1254cff8a9e9f', '1350d0562466adbea1a9f8408084acdd005bfc13')
und create -languages Java add /home/smajumd3/Data_Miner/github/API_V3/commit_guru/ingester/CASRepos/git/junit analyze /home/smajumd3/Data_Miner/github/API_V3/.temp/udb/junit_buggy.udb
und create -languages Java add /home/smajumd3/Data_Miner/github/API_V3/commit_guru/ingester/CASRepos/git/junit analyze /home/smajumd3/Data_Miner/github/API_V3/.temp/udb/junit_clean.udb
93 ('a4c68872a91681139d404825c2bb04bd5ba804dd', 'bd8a96dbbfe93f134f75c768e5c1254cff8a9e9f')
und create -languages Java add /home/smajumd3/Data_Miner/github/API_V3/commit_guru/ingester/CASRepos/git/junit analyze /home/smajumd3/Data_Miner/github/API_V3/.temp/udb/junit_buggy.udb
und create -languages Java add /home/smajumd3/Data_Miner/github/API_V3/commit_guru/ingester/CASRepos/git/junit analyze /home/smajumd3/Data_Miner/github/API_V3/.temp/udb/junit_clean.udb
94 ('f0ef837a40922ac08c608661385abf71732975d3', 'a4c68872a91681139d404825c2bb04bd5ba804dd')
und create -languages Java add /home/smajumd3/Data_Miner/github/API_V3/commit_guru/ingester/CASRepos/git/junit analyze /home/smajumd3/Data_Miner/github/API_V3/.temp/udb/junit_buggy.udb
und create -languages Java add /home/smajumd3/Data_Miner/github/API_V3/commit_guru/ingester/CASRepos/git/junit analyze /home/smajumd3/Data_Miner/github/API_V3/.temp/udb/junit_clean.udb
95 ('0dbe9eefa369da78ca67bf5487797a8de5b2d631', '0e1c92693e70e52ad9af23ee6180500c74fc9c95')
und create -languages Java add /home/smajumd3/Data_Miner/github/API_V3/commit_guru/ingester/CASRepos/git/junit analyze /home/smajumd3/Data_Miner/github/API_V3/.temp/udb/junit_buggy.udb
und create -languages Java add /home/smajumd3/Data_Miner/github/API_V3/commit_guru/ingester/CASRepos/git/junit analyze /home/smajumd3/Data_Miner/github/API_V3/.temp/udb/junit_clean.udb
96 ('de43b277b8f2e63051368a36e27a35c5ed0f0e0b', '0dbe9eefa369da78ca67bf5487797a8de5b2d631')
und create -languages Java add /home/smajumd3/Data_Miner/github/API_V3/commit_guru/ingester/CASRepos/git/junit analyze /home/smajumd3/Data_Miner/github/API_V3/.temp/udb/junit_buggy.udb
und create -languages Java add /home/smajumd3/Data_Miner/github/API_V3/commit_guru/ingester/CASRepos/git/junit analyze /home/smajumd3/Data_Miner/github/API_V3/.temp/udb/junit_clean.udb
97 ('59b1e2926cdebfd257c6c091ee2bd478d8aa04d2', 'de43b277b8f2e63051368a36e27a35c5ed0f0e0b')
und create -languages Java add /home/smajumd3/Data_Miner/github/API_V3/commit_guru/ingester/CASRepos/git/junit analyze /home/smajumd3/Data_Miner/github/API_V3/.temp/udb/junit_buggy.udb
und create -languages Java add /home/smajumd3/Data_Miner/github/API_V3/commit_guru/ingester/CASRepos/git/junit analyze /home/smajumd3/Data_Miner/github/API_V3/.temp/udb/junit_clean.udb
98 ('4e1018a940699a38673b1861977110e6b558afb1', '59b1e2926cdebfd257c6c091ee2bd478d8aa04d2')
und create -languages Java add /home/smajumd3/Data_Miner/github/API_V3/commit_guru/ingester/CASRepos/git/junit analyze /home/smajumd3/Data_Miner/github/API_V3/.temp/udb/junit_buggy.udb
und create -languages Java add /home/smajumd3/Data_Miner/github/API_V3/commit_guru/ingester/CASRepos/git/junit analyze /home/smajumd3/Data_Miner/github/API_V3/.temp/udb/junit_clean.udb
99 ('4cb9a65f450efa5f2a42128856c7b56e6d283386', '4e1018a940699a38673b1861977110e6b558afb1')
und create -languages Java add /home/smajumd3/Data_Miner/github/API_V3/commit_guru/ingester/CASRepos/git/junit analyze /home/smajumd3/Data_Miner/github/API_V3/.temp/udb/junit_buggy.udb
und create -languages Java add /home/smajumd3/Data_Miner/github/API_V3/commit_guru/ingester/CASRepos/git/junit analyze /home/smajumd3/Data_Miner/github/API_V3/.temp/udb/junit_clean.udb
100 ('24a5aad1f49b4decf946f1df701e354a18544132', '1d982e5310d57fe0ea4b63e05f20215ee3add1fe')
und create -languages Java add /home/smajumd3/Data_Miner/github/API_V3/commit_guru/ingester/CASRepos/git/junit analyze /home/smajumd3/Data_Miner/github/API_V3/.temp/udb/junit_buggy.udb
Traceback (most recent call last):
  File "new.py", line 55, in <module>
    matrix = get_matrix.get_defective_pair_metrics()
  File "/home/smajumd3/Data_Miner/github/API_V3/git_understand/git_understand_v1.py", line 309, in get_defective_pair_metrics
    db_buggy = und.open(str(self.buggy_und_file))
understand.UnderstandError: DBUnableOpen
