2020-02-21 09:41:28 INFO: Adding repo manifold to work queue for ingesting
2020-02-21 09:41:28 INFO: A worker is starting scan repository: manifold
2020-02-21 09:41:28 INFO: Adding repo polyglot to work queue for ingesting
2020-02-21 09:41:28 INFO: A worker is starting scan repository: polyglot
2020-02-21 09:41:28 INFO: Adding repo derive4j to work queue for ingesting
2020-02-21 09:41:28 INFO: A worker is starting scan repository: derive4j
2020-02-21 09:41:28 INFO: Adding repo eo to work queue for ingesting
2020-02-21 09:41:28 INFO: A worker is starting scan repository: eo
2020-02-21 09:41:28 INFO: Adding repo huntbugs to work queue for ingesting
2020-02-21 09:41:28 INFO: A worker is starting scan repository: huntbugs
HEAD is now at 43e3174 Allow colons in metadata values
HEAD is now at c22678c openjdk8
HEAD is now at c6ff6fe Merge pull request #94 from pkoenig10/generated
2020-02-21 09:41:28 INFO: Adding repo RxJavaFX to work queue for ingesting
HEAD is now at 05e7ebd Note about abandoned project
2020-02-21 09:41:28 INFO: Pulling latest changes from repo: polyglot
2020-02-21 09:41:28 INFO: A worker is starting scan repository: RxJavaFX
2020-02-21 09:41:28 INFO: Adding repo stag-java to work queue for ingesting
2020-02-21 09:41:28 INFO: Pulling latest changes from repo: eo
2020-02-21 09:41:28 INFO: Adding repo fastr to work queue for ingesting
2020-02-21 09:41:28 INFO: Adding repo SquidLib to work queue for ingesting
2020-02-21 09:41:28 INFO: Adding repo WorkbenchFX to work queue for ingesting
2020-02-21 09:41:28 INFO: Adding repo apollo to work queue for ingesting
2020-02-21 09:41:28 INFO: A worker is starting scan repository: stag-java
2020-02-21 09:41:28 INFO: Pulling latest changes from repo: derive4j
HEAD is now at 8825241 Avoid error generating javadoc on openjdk-11.0.2+
2020-02-21 09:41:28 INFO: Pulling latest changes from repo: huntbugs
2020-02-21 09:41:28 INFO: Adding repo Jukito to work queue for ingesting
2020-02-21 09:41:28 INFO: Adding repo moditect to work queue for ingesting
2020-02-21 09:41:28 INFO: Adding repo t-vault to work queue for ingesting
2020-02-21 09:41:28 INFO: Adding repo easygcm to work queue for ingesting
2020-02-21 09:41:28 INFO: A worker is starting scan repository: fastr
2020-02-21 09:41:28 INFO: Adding repo PreferencesFX to work queue for ingesting
2020-02-21 09:41:29 INFO: A worker is starting scan repository: PreferencesFX
2020-02-21 09:41:28 INFO: A worker is starting scan repository: WorkbenchFX
2020-02-21 09:41:28 INFO: A worker is starting scan repository: apollo
2020-02-21 09:41:29 INFO: A worker is starting scan repository: Jukito
HEAD is now at 0d166de bump version
2020-02-21 09:41:29 INFO: A worker is starting scan repository: moditect
2020-02-21 09:41:29 INFO: A worker is starting scan repository: t-vault
2020-02-21 09:41:29 INFO: A worker is starting scan repository: easygcm
2020-02-21 09:41:28 INFO: A worker is starting scan repository: SquidLib
2020-02-21 09:41:29 INFO: Pulling latest changes from repo: RxJavaFX
HEAD is now at d06bbff Created a correct google services json file, minor log fix
HEAD is now at 340534d Merge pull request #79 from The-Alchemist/patch-1
HEAD is now at 70256af Upgrade JP
HEAD is now at 86aec38 Merge pull request #189 from vimeo/va-xxx-upgrade-fastlane
HEAD is now at 0aac518 Merge pull request #141 from dlsc-software-consulting-gmbh/dependabot/maven/com.google.code.gson-gson-2.8.6
2020-02-21 09:41:29 INFO: Pulling latest changes from repo: easygcm
2020-02-21 09:41:29 INFO: Pulling latest changes from repo: Jukito
2020-02-21 09:41:29 INFO: Pulling latest changes from repo: moditect
2020-02-21 09:41:29 INFO: Pulling latest changes from repo: PreferencesFX
2020-02-21 09:41:29 INFO: Done fetching.
2020-02-21 09:41:29 INFO: Getting/parsing git commits: huntbugs
2020-02-21 09:41:29 INFO: Done fetching.
2020-02-21 09:41:29 INFO: Getting/parsing git commits: polyglot
2020-02-21 09:41:29 INFO: Done fetching.
2020-02-21 09:41:29 INFO: Getting/parsing git commits: eo
2020-02-21 09:41:29 INFO: Done fetching.
2020-02-21 09:41:29 INFO: Getting/parsing git commits: derive4j
2020-02-21 09:41:29 INFO: Done fetching.
2020-02-21 09:41:29 INFO: Getting/parsing git commits: RxJavaFX
HEAD is now at 2790d37 Merge pull request #382 from logzio/DEV-17633-add_region_to_description
2020-02-21 09:41:29 INFO: Pulling latest changes from repo: stag-java
2020-02-21 09:41:30 INFO: Done getting/parsing git commits.
2020-02-21 09:41:30 INFO: Saving commits to the csv...
HEAD is now at 2e4fbe9 Merge pull request #99 from dlsc-software-consulting-gmbh/dependabot/maven/net.bytebuddy-byte-buddy-1.10.2
2020-02-21 09:41:30 INFO: Pulling latest changes from repo: apollo
2020-02-21 09:41:30 INFO: Done getting/parsing git commits.
2020-02-21 09:41:30 INFO: Done fetching.
2020-02-21 09:41:30 INFO: Getting/parsing git commits: easygcm
2020-02-21 09:41:30 INFO: Done fetching.
2020-02-21 09:41:30 INFO: Getting/parsing git commits: Jukito
2020-02-21 09:41:30 INFO: Saving commits to the csv...
2020-02-21 09:41:30 INFO: Done fetching.
2020-02-21 09:41:30 INFO: Getting/parsing git commits: moditect
2020-02-21 09:41:30 INFO: Done saving commits to the csv.
2020-02-21 09:41:30 INFO: A worker finished ingesting repo eo
2020-02-21 09:41:30 INFO: Done saving commits to the csv.
2020-02-21 09:41:30 INFO: A worker finished ingesting repo RxJavaFX
2020-02-21 09:41:30 INFO: Adding repo RxJavaFX to work queue for analyzing.
2020-02-21 09:41:30 INFO: Worker analyzing repository  RxJavaFX
2020-02-21 09:41:30 INFO: Pulling latest changes from repo: WorkbenchFX
2020-02-21 09:41:30 INFO: Done fetching.
2020-02-21 09:41:30 INFO: Adding repo es4x to work queue for ingesting
2020-02-21 09:41:30 INFO: Getting/parsing git commits: PreferencesFX
2020-02-21 09:41:30 INFO: A worker is starting scan repository: es4x
16
     repo_name        repo_owner  ... defective done
0     manifold  manifold-systems  ...       NaN    0
1      consulo           consulo  ...       NaN    0
2  BashSupport       BashSupport  ...       NaN    0

[3 rows x 10 columns]
     repo_name repo_owner  ... defective done
0     derive4j   derive4j  ...       NaN    0
1  servicetalk      apple  ...       NaN    0
2    nzbhydra2  theotherp  ...       NaN    0

[3 rows x 10 columns]
             repo_name      repo_owner  ... defective done
0             polyglot  grpc-ecosystem  ...       NaN    0
1          progressbar        ctongfei  ...       NaN    0
2  cyclops-integration             aol  ...       NaN    0

[3 rows x 10 columns]
      repo_name repo_owner  ... defective done
0      RxJavaFX  ReactiveX  ...       NaN    0
1  Android-Orma  maskarade  ...       NaN    0
2      app-icon    dwmkerr  ...       NaN    0

[3 rows x 10 columns]
          repo_name         repo_owner  ... defective done
0             fastr             oracle  ...       NaN    0
1  fdb-record-layer       FoundationDB  ...       NaN    0
2           Sudachi  WorksApplications  ...       NaN    0

[3 rows x 10 columns]
   repo_name    repo_owner  ... defective done
0         eo      yegor256  ...       NaN    0
1       es4x   reactiverse  ...       NaN    0
2  phoenicis  PhoenicisOrg  ...       NaN    0

[3 rows x 10 columns]
   repo_name  repo_owner  ... defective done
0  stag-java       vimeo  ...       NaN    0
1      Easer  renyuneyun  ...       NaN    0
2    iceberg     Netflix  ...       NaN    0

[3 rows x 10 columns]
       repo_name                     repo_owner  ... defective done
0  PreferencesFX  dlsc-software-consulting-gmbh  ...       NaN    0
1    pojobuilder                       mkarneim  ...       NaN    0
2         tikxml                       Tickaroo  ...       NaN    0

[3 rows x 10 columns]
              repo_name  repo_owner  ... defective done
0              huntbugs     amaembo  ...       NaN    0
1  org.alloytools.alloy  AlloyTools  ...       NaN    0

[2 rows x 10 columns]
  repo_name repo_owner  ... defective done
0  SquidLib  SquidPony  ...       NaN    0
1    chunky      llbit  ...       NaN    0

[2 rows x 10 columns]
  repo_name repo_owner  ... defective done
0    apollo     logzio  ...       NaN    0
1   mini2Dx    mini2Dx  ...       NaN    0

[2 rows x 10 columns]
               repo_name                     repo_owner  ... defective done
0            WorkbenchFX  dlsc-software-consulting-gmbh  ...       NaN    0
1  postgres-async-driver                         alaisi  ...       NaN    0

[2 rows x 10 columns]
           repo_name repo_owner  ... defective done
0            t-vault    tmobile  ...       NaN    0
1  spring-javaformat  spring-io  ...       NaN    0

[2 rows x 10 columns]
  repo_name repo_owner  ... defective done
0   easygcm     inloop  ...       NaN    0
1     arara     cereda  ...       NaN    0

[2 rows x 10 columns]
  repo_name repo_owner  ... defective done
0    Jukito    ArcBees  ...       NaN    0
1  Elephant       jusu  ...       NaN    0

[2 rows x 10 columns]
            repo_name repo_owner  ... defective done
0            moditect   moditect  ...       NaN    0
1  wix-embedded-mysql        wix  ...       NaN    0

[2 rows x 10 columns]
I am here
I am here
I am here
I am here
I am here
   id      name                                           url last_analyzed
0   1  manifold  https://github.com/manifold-systems/manifold          None
I am here
I am here
I am here
file exist
I am here
I am here
I am here
I am here
I am here
The repo is: manifold
This is the current path: /home/smajumd3/Data_Miner/github/API_V3/commit_guru/ingester/CASRepos/git/manifold
I am here
   id      name                                         url last_analyzed
0   1  polyglot  https://github.com/grpc-ecosystem/polyglot          None
working on pulling
The repo is: polyglot
This is the current path: /home/smajumd3/Data_Miner/github/API_V3/commit_guru/ingester/CASRepos/git/polyglot
working on pulling
I am here
I am here
   id      name                                   url last_analyzed
0   1  derive4j  https://github.com/derive4j/derive4j          None
file exist
The repo is: derive4j
This is the current path: /home/smajumd3/Data_Miner/github/API_V3/commit_guru/ingester/CASRepos/git/derive4j
   id name                             url last_analyzed
0   1   eo  https://github.com/yegor256/eo          None
working on pulling
file exist
The repo is: eo
This is the current path: /home/smajumd3/Data_Miner/github/API_V3/commit_guru/ingester/CASRepos/git/eo
working on pulling
   id      name                                  url last_analyzed
0   1  huntbugs  https://github.com/amaembo/huntbugs          None
The repo is: huntbugs
This is the current path: /home/smajumd3/Data_Miner/github/API_V3/commit_guru/ingester/CASRepos/git/huntbugs
working on pulling
   id      name                                    url last_analyzed
0   1  RxJavaFX  https://github.com/ReactiveX/RxJavaFX          None
   id       name                                 url last_analyzed
0   1  stag-java  https://github.com/vimeo/stag-java          None
   id   name                              url last_analyzed
0   1  fastr  https://github.com/oracle/fastr          None
   id    name                               url last_analyzed
0   1  apollo  https://github.com/logzio/apollo          None
file exist
   id      name                                    url last_analyzed
0   1  SquidLib  https://github.com/SquidPony/SquidLib          None
The repo is: RxJavaFX
This is the current path: /home/smajumd3/Data_Miner/github/API_V3/commit_guru/ingester/CASRepos/git/RxJavaFX
   id  ... last_analyzed
0   1  ...          None

[1 rows x 4 columns]
file exist
   id    name                                url last_analyzed
0   1  Jukito  https://github.com/ArcBees/Jukito          None
working on pulling
   id      name                                   url last_analyzed
0   1  moditect  https://github.com/moditect/moditect          None
   id     name                                 url last_analyzed
0   1  t-vault  https://github.com/tmobile/t-vault          None
file exist
file exist
   id     name                                url last_analyzed
0   1  easygcm  https://github.com/inloop/easygcm          None
   id  ... last_analyzed
0   1  ...          None

[1 rows x 4 columns]
file exist
The repo is: stag-java
This is the current path: /home/smajumd3/Data_Miner/github/API_V3/commit_guru/ingester/CASRepos/git/stag-java
working on pulling
The repo is: fastr
This is the current path: /home/smajumd3/Data_Miner/github/API_V3/commit_guru/ingester/CASRepos/git/fastr
The repo is: PreferencesFX
This is the current path: /home/smajumd3/Data_Miner/github/API_V3/commit_guru/ingester/CASRepos/git/PreferencesFX
working on pulling
The repo is: WorkbenchFX
This is the current path: /home/smajumd3/Data_Miner/github/API_V3/commit_guru/ingester/CASRepos/git/WorkbenchFX
The repo is: apollo
This is the current path: /home/smajumd3/Data_Miner/github/API_V3/commit_guru/ingester/CASRepos/git/apollo
working on pulling
working on pulling
working on pulling
The repo is: Jukito
This is the current path: /home/smajumd3/Data_Miner/github/API_V3/commit_guru/ingester/CASRepos/git/Jukito
The repo is: moditect
This is the current path: /home/smajumd3/Data_Miner/github/API_V3/commit_guru/ingester/CASRepos/git/moditect
working on pulling
The repo is: t-vault
This is the current path: /home/smajumd3/Data_Miner/github/API_V3/commit_guru/ingester/CASRepos/git/t-vault
working on pulling
The repo is: easygcm
This is the current path: /home/smajumd3/Data_Miner/github/API_V3/commit_guru/ingester/CASRepos/git/easygcm
working on pulling
The repo is: SquidLib
This is the current path: /home/smajumd3/Data_Miner/github/API_V3/commit_guru/ingester/CASRepos/git/SquidLib
working on pulling
working on pulling
/home/smajumd3/Data_Miner/github/API_V3
I am here
======================== 2020-02-21 09:41:30.501444 2020-01-22 09:41:30.501407
   id  name                                  url last_analyzed
0   1  es4x  https://github.com/reactiverse/es4x          None
The repo is:HEAD is now at 0d6117a Merge pull request #238 from sarathmohan4/dev
2020-02-21 09:41:30 INFO: Pulling latest changes from repo: manifold
2020-02-21 09:41:30 INFO: Done getting/parsing git commits.
2020-02-21 09:41:30 INFO: Done getting/parsing git commits.
2020-02-21 09:41:30 INFO: Done fetching.
2020-02-21 09:41:30 INFO: Done getting/parsing git commits.
2020-02-21 09:41:30 INFO: Getting/parsing git commits: stag-java
2020-02-21 09:41:30 INFO: Saving commits to the csv...
2020-02-21 09:41:30 INFO: Linking 30 new corrective commits for repo RxJavaFX
2020-02-21 09:41:30 INFO: Saving commits to the csv...
2020-02-21 09:41:30 INFO: Saving commits to the csv...
2020-02-21 09:41:30 INFO: Done saving commits to the csv.
2020-02-21 09:41:30 INFO: Done fetching.
2020-02-21 09:41:30 INFO: A worker finished ingesting repo easygcm
2020-02-21 09:41:31 INFO: Getting/parsing git commits: apollo
2020-02-21 09:41:31 INFO: Pulling latest changes from repo: t-vault
2020-02-21 09:41:31 INFO: Done saving commits to the csv.
2020-02-21 09:41:31 INFO: A worker finished ingesting repo polyglot
2020-02-21 09:41:31 INFO: Adding repo polyglot to work queue for analyzing.
2020-02-21 09:41:31 INFO: Worker analyzing repository  polyglot
2020-02-21 09:41:31 INFO: Linkage for commit d821cd06d5cac4925062dca7c70afd1d22fddeda
2020-02-21 09:41:31 INFO: Done fetching.
2020-02-21 09:41:31 INFO: Getting/parsing git commits: WorkbenchFX
2020-02-21 09:41:31 INFO: Done fetching.
2020-02-21 09:41:31 INFO: Getting/parsing git commits: manifold
2020-02-21 09:41:31 INFO: Done saving commits to the csv.
2020-02-21 09:41:31 INFO: A worker finished ingesting repo derive4j
/home/smajumd3/Data_Miner/github/API_V3/commit_guru/analyzer/git_commit_linker.py:53: SettingWithCopyWarning: 
A value is trying to be set on a copy of a slice from a DataFrame

See the caveats in the documentation: http://pandas.pydata.org/pandas-docs/stable/indexing.html#indexing-view-versus-copy
  corrective_commit['linked'] = True # mark that we have linked this corrective commit.
2020-02-21 09:41:31 INFO: Adding repo arara to work queue for ingesting
2020-02-21 09:41:31 INFO: Done getting/parsing git commits.
2020-02-21 09:41:31 INFO: A worker is starting scan repository: arara
HEAD is now at 4a0c6fe Some small but possibly significant improvements to LowStorageShuffler
2020-02-21 09:41:31 INFO: Adding repo servicetalk to work queue for ingesting
2020-02-21 09:41:31 INFO: A worker is starting scan repository: servicetalk
/home/smajumd3/anaconda3/lib/python3.7/site-packages/pandas/core/series.py:1015: SettingWithCopyWarning: 
A value is trying to be set on a copy of a slice from a DataFrame

See the caveats in the documentation: http://pandas.pydata.org/pandas-docs/stable/indexing.html#indexing-view-versus-copy
  self.loc[key] = value
2020-02-21 09:41:31 INFO: Saving commits to the csv...
2020-02-21 09:41:31 INFO: Done getting/parsing git commits.
2020-02-21 09:41:32 INFO: Linking 37 new corrective commits for repo polyglot
HEAD is now at 7405ae1 Fixed working directory in method.
2020-02-21 09:41:32 INFO: Done getting/parsing git commits.
2020-02-21 09:41:32 INFO: Saving commits to the csv...
2020-02-21 09:41:32 INFO: Done saving commits to the csv.
2020-02-21 09:41:32 INFO: A worker finished ingesting repo moditect
2020-02-21 09:41:32 INFO: Linkage for commit 00ffe2b6eb7b14daca9eeec6d5d9b3a7952c6064
2020-02-21 09:41:32 INFO: Done saving commits to the csv.
2020-02-21 09:41:32 INFO: A worker finished ingesting repo Jukito
2020-02-21 09:41:32 INFO: Saving commits to the csv...
2020-02-21 09:41:32 INFO: Linkage for commit deb7be95475bc287cefa277e87508a60cd255865
From https://github.com/tmobile/t-vault
   0d6117a..1a08742  dev        -> origin/dev
 * [new branch]      cso_release_1.2 -> origin/cso_release_1.2
2020-02-21 09:41:32 INFO: Pulling latest changes from repo: arara
2020-02-21 09:41:32 INFO: Adding repo wix-embedded-mysql to work queue for ingesting
2020-02-21 09:41:32 INFO: A worker is starting scan repository: wix-embedded-mysql
2020-02-21 09:41:32 INFO: Done fetching.
2020-02-21 09:41:32 INFO: Getting/parsing git commits: t-vault
2020-02-21 09:41:32 INFO: Pulling latest changes from repo: SquidLib
2020-02-21 09:41:32 INFO: Adding repo Elephant to work queue for ingesting
2020-02-21 09:41:32 INFO: A worker is starting scan repository: Elephant
HEAD is now at b6ffb83 [maven-release-plugin] prepare for next development iteration
HEAD is now at 2cb29b2 [GR-19517] MRAN mirror upgraded to 03/11/2019.
HEAD is now at c51e265 add new 20.0.0 graalvm release to travis
2020-02-21 09:41:33 INFO: Pulling latest changes from repo: wix-embedded-mysql
2020-02-21 09:41:33 INFO: Done saving commits to the csv.
2020-02-21 09:41:33 INFO: A worker finished ingesting repo huntbugs
2020-02-21 09:41:33 INFO: Linkage for commit 1444439c35412db32233165e19e5f525eedae1e3
2020-02-21 09:41:33 INFO: Adding repo huntbugs to work queue for analyzing.
2020-02-21 09:41:33 INFO: Worker analyzing repository  huntbugs
HEAD is now at 6503b54 Can now copy+paste images and files from Finder / File Explorer.
2020-02-21 09:41:33 INFO: Done fetching.
2020-02-21 09:41:33 INFO: Getting/parsing git commits: arara
2020-02-21 09:41:33 INFO: Done fetching.
2020-02-21 09:41:33 INFO: Pulling latest changes from repo: Elephant
2020-02-21 09:41:33 INFO: Getting/parsing git commits: SquidLib
2020-02-21 09:41:33 INFO: Linking 87 new corrective commits for repo huntbugs
2020-02-21 09:41:33 INFO: Linkage for commit 39dafb0a009acd9aff7f38a6d556643c3263e008
2020-02-21 09:41:34 INFO: Linkage for commit 243daac8b21c0d42857e377be360dd93da52a19c
2020-02-21 09:41:34 INFO: Done fetching.
2020-02-21 09:41:34 INFO: Getting/parsing git commits: Elephant
2020-02-21 09:41:34 INFO: Linkage for commit 673d02941f6e1e065c07e91aa0c74c2b7d7b7a9c
2020-02-21 09:41:34 INFO: Done getting/parsing git commits.
2020-02-21 09:41:34 INFO: Done fetching.
2020-02-21 09:41:34 INFO: Pulling latest changes from repo: fastr
2020-02-21 09:41:34 INFO: Saving commits to the csv...
2020-02-21 09:41:34 INFO: Getting/parsing git commits: wix-embedded-mysql
2020-02-21 09:41:34 INFO: Pulling latest changes from repo: es4x
2020-02-21 09:41:35 INFO: Done getting/parsing git commits.
2020-02-21 09:41:35 INFO: Done saving commits to the csv.
2020-02-21 09:41:35 INFO: A worker finished ingesting repo apollo
2020-02-21 09:41:35 INFO: Adding repo apollo to work queue for analyzing.
HEAD is now at 9433208 H2 client should send `ENABLE_PUSH=false` setting for new connections (#940)
2020-02-21 09:41:35 INFO: Done getting/parsing git commits.
2020-02-21 09:41:35 INFO: Worker analyzing repository  apollo
2020-02-21 09:41:35 INFO: Linkage for commit 24bed500d4f782a9de302f7c0c1c7e8760e6334d
2020-02-21 09:41:35 INFO: Saving commits to the csv...
2020-02-21 09:41:35 INFO: Saving commits to the csv...
2020-02-21 09:41:35 INFO: Linking 0 new corrective commits for repo apollo
From https://github.com/reactiverse/es4x
   c51e265..ac43cd9  develop    -> origin/develop
2020-02-21 09:41:36 ERROR: Got an exception linking bug fixing changes to bug inducing changes for repo apollo
Traceback (most recent call last):
  File "/home/smajumd3/Data_Miner/github/API_V3/commit_guru/analyzer/analyzer.py", line 55, in analyzeRepo
    final_commits.to_csv(up(up(up(up(up(os.getcwd()))))) + '/data/commit_guru/' + repo_name + '.csv',index=False)
  File "/home/smajumd3/anaconda3/lib/python3.7/site-packages/pandas/core/generic.py", line 3020, in to_csv
    formatter.save()
  File "/home/smajumd3/anaconda3/lib/python3.7/site-packages/pandas/io/formats/csvs.py", line 157, in save
    compression=self.compression)
  File "/home/smajumd3/anaconda3/lib/python3.7/site-packages/pandas/io/common.py", line 424, in _get_handle
    f = open(path_or_buf, mode, encoding=encoding, newline="")
FileNotFoundError: [Errno 2] No such file or directory: '/home/smajumd3/Data_Miner/github/API_V3/data/commit_guru/apollo.csv'
2020-02-21 09:41:36 INFO: Done fetching.
2020-02-21 09:41:36 INFO: Done saving commits to the csv.
2020-02-21 09:41:36 INFO: Getting/parsing git commits: es4x
2020-02-21 09:41:36 INFO: A worker finished ingesting repo PreferencesFX
2020-02-21 09:41:36 INFO: Done saving commits to the csv.
2020-02-21 09:41:36 INFO: Adding repo PreferencesFX to work queue for analyzing.
2020-02-21 09:41:36 INFO: Worker analyzing repository  PreferencesFX
Exception in thread Thread-11:
Traceback (most recent call last):
  File "/home/smajumd3/anaconda3/lib/python3.7/threading.py", line 917, in _bootstrap_inner
    self.run()
  File "commit_mine.py", line 44, in run
    **self._kwargs)
  File "commit_mine.py", line 72, in mine
    cas_manager.run()
  File "/home/smajumd3/Data_Miner/github/API_V3/commit_guru/cas_manager_v1.py", line 67, in run
    self.checkAnalyzation()
  File "/home/smajumd3/Data_Miner/github/API_V3/commit_guru/cas_manager_v1.py", line 60, in checkAnalyzation
    analyze(repo)
  File "/home/smajumd3/Data_Miner/github/API_V3/commit_guru/analyzer/analyzer.py", line 31, in analyze
    analyzeRepo(repo_id)
  File "/home/smajumd3/Data_Miner/github/API_V3/commit_guru/analyzer/analyzer.py", line 55, in analyzeRepo
    final_commits.to_csv(up(up(up(up(up(os.getcwd()))))) + '/data/commit_guru/' + repo_name + '.csv',index=False)
  File "/home/smajumd3/anaconda3/lib/python3.7/site-packages/pandas/core/generic.py", line 3020, in to_csv
    formatter.save()
  File "/home/smajumd3/anaconda3/lib/python3.7/site-packages/pandas/io/formats/csvs.py", line 157, in save
    compression=self.compression)
  File "/home/smajumd3/anaconda3/lib/python3.7/site-packages/pandas/io/common.py", line 424, in _get_handle
    f = open(path_or_buf, mode, encoding=encoding, newline="")
FileNotFoundError: [Errno 2] No such file or directory: '/home/smajumd3/Data_Miner/github/API_V3/data/commit_guru/apollo.csv'

2020-02-21 09:41:36 INFO: Linkage for commit b550615e0739afb93df448b9b479b9c630743fe9
2020-02-21 09:41:36 INFO: A worker finished ingesting repo stag-java
2020-02-21 09:41:36 INFO: Adding repo stag-java to work queue for analyzing.
2020-02-21 09:41:36 INFO: Worker analyzing repository  stag-java
From https://github.com/oracle/fastr
   2cb29b2..fde3897  master     -> origin/master
2020-02-21 09:41:37 INFO: Done getting/parsing git commits.
2020-02-21 09:41:37 INFO: Saving commits to the csv...
2020-02-21 09:41:37 INFO: Linking 86 new corrective commits for repo PreferencesFX
2020-02-21 09:41:37 INFO: Linkage for commit b1a056979e911e366bb083a8d704d451f9c15ecf
2020-02-21 09:41:37 INFO: Linkage for commit 183bf5b904cedcd2029240eca6f46299ffd28b5a
2020-02-21 09:41:38 INFO: Pulling latest changes from repo: servicetalk
2020-02-21 09:41:38 INFO: Linking 100 new corrective commits for repo stag-java
2020-02-21 09:41:38 INFO: Done saving commits to the csv.
2020-02-21 09:41:38 INFO: A worker finished ingesting repo wix-embedded-mysql
2020-02-21 09:41:38 INFO: Adding repo wix-embedded-mysql to work queue for analyzing.
2020-02-21 09:41:38 INFO: Worker analyzing repository  wix-embedded-mysql
2020-02-21 09:41:38 INFO: Linkage for commit 946149aaa5afbf3569192e33e5ae3f7c4d874999
2020-02-21 09:41:38 INFO: Linkage for commit c5cee636a1cc94d60e01a53f6ebfa9390b93bbbc
2020-02-21 09:41:38 INFO: Linkage for commit c6973f64fa82277d79d8d83b167ae330c7ccd377
2020-02-21 09:41:39 INFO: Done fetching.
2020-02-21 09:41:39 INFO: Getting/parsing git commits: fastr
2020-02-21 09:41:39 INFO: Linking 37 new corrective commits for repo wix-embedded-mysql
2020-02-21 09:41:40 INFO: Linkage for commit f2e4b15d5c50de88200e5d20694da591f2959520
2020-02-21 09:41:40 INFO: Linkage for commit c1c161cafabcb05f52bfbf60fbe5dc90c26a2839
2020-02-21 09:41:40 INFO: Linkage for commit dfd8aaf12c801aeb9ca479e8c209ba7eadac7db6
2020-02-21 09:41:40 INFO: Linkage for commit 564c0f9d9766e4fbb5f9a109d5f0f889031e0960
From https://github.com/apple/servicetalk
   9433208..c585735  master     -> origin/master
   b351a51..3f40bf2  gh-pages   -> origin/gh-pages
From https://github.com/apple/servicetalk
 * [new tag]         0.23.0     -> 0.23.0
2020-02-21 09:41:40 INFO: Linkage for commit 1094bf778949af7d4c84124003226d7e4c2daa5f
2020-02-21 09:41:41 INFO: Linkage for commit e7c97a711a11504589c8f512cc08a55dcf38fc1a
2020-02-21 09:41:41 INFO: Done fetching.
2020-02-21 09:41:41 INFO: Getting/parsing git commits: servicetalk
2020-02-21 09:41:41 INFO: Linkage for commit a0933319ce6aae0a0bcb45c9a8068958b9567c61
2020-02-21 09:41:41 INFO: Linkage for commit 2455421c811f32fda3c06b1f1c728b632e0add48
2020-02-21 09:41:42 INFO: Linkage for commit 0d977400e780ec266a7d79ffec4f406bf7d26efb
2020-02-21 09:41:43 INFO: Linkage for commit fa2ec969ceff8b7baf0bf9407bfa155c346f3a68
2020-02-21 09:41:44 INFO: Linkage for commit f511b1886074985346ad9af4cab3ff0e34865136
2020-02-21 09:41:44 INFO: Linkage for commit 9e8d12556fafaf9d16da38a2aeff7e3324447a86
2020-02-21 09:41:45 INFO: Linkage for commit bec2b81deaa9d80ce4c89ddb157a9c038ac05388
2020-02-21 09:41:46 INFO: Linkage for commit ca6942f4281ee158040a65ca9e513d34f7b728e0
2020-02-21 09:41:48 INFO: Linkage for commit 4c595389c7e6ec9acc2518550482f7d1ea354108
2020-02-21 09:41:48 INFO: Linkage for commit 46bd66d1833b4e044dd26a315e752d76b6bc8e7e
2020-02-21 09:41:49 INFO: Linkage for commit e70a0ba0e4b9ed0d000f081952c3d2c03a6bc691
2020-02-21 09:41:50 INFO: Linkage for commit 5467cad34b27a5187e97e47efd3c19156f47f45c
2020-02-21 09:41:51 INFO: Linkage for commit 1d4f3f2b6f3141d9a4340510148b53f58e351326
2020-02-21 09:41:51 INFO: Linkage for commit 70360096bfe83c38d9a31493fcdb1ea2c996bd90
2020-02-21 09:41:53 INFO: Linkage for commit 7f0ea6890913408f8570960e4ee4bebb035b6880
2020-02-21 09:41:54 INFO: Done getting/parsing git commits.
2020-02-21 09:41:54 INFO: Linkage for commit 58c5590dea60457b795156104224426958803ac7
2020-02-21 09:41:54 INFO: Saving commits to the csv...
2020-02-21 09:41:56 INFO: Linkage for commit dd36123fe7b7898ded860d56fcfdea0cd147f1b7
2020-02-21 09:41:57 INFO: Done saving commits to the csv.
2020-02-21 09:41:57 INFO: Linkage for commit daf8a0536be5a61d6e5d83d9214435fa42bf174a
2020-02-21 09:41:57 INFO: A worker finished ingesting repo Elephant
2020-02-21 09:41:58 INFO: Done getting/parsing git commits.
2020-02-21 09:41:59 INFO: Linkage for commit 338f85c3ddaeb945dd924d49d29212695ca1e53c
2020-02-21 09:41:59 INFO: Linkage for commit 8b452d8d67c7d0d02d587f50907b2685b0b85dd5
2020-02-21 09:41:59 INFO: Linkage for commit 286ac878616fd8cfffc1c468687c330fb8f2b1b8
2020-02-21 09:42:00 INFO: Saving commits to the csv...
2020-02-21 09:42:00 INFO: Done getting/parsing git commits.
2020-02-21 09:42:01 INFO: Saving commits to the csv...
2020-02-21 09:42:02 INFO: Linkage for commit 4b5990ac060f7967a866898f033e08488158a790
2020-02-21 09:42:03 INFO: Done saving commits to the csv.
2020-02-21 09:42:03 INFO: A worker finished ingesting repo t-vault
2020-02-21 09:42:03 INFO: Adding repo t-vault to work queue for analyzing.
2020-02-21 09:42:03 INFO: Worker analyzing repository  t-vault
2020-02-21 09:42:03 INFO: Linkage for commit b1c361d482b144853ba9244decfd7365249c82cf
2020-02-21 09:42:04 INFO: Done saving commits to the csv.
2020-02-21 09:42:04 INFO: A worker finished ingesting repo manifold
2020-02-21 09:42:04 INFO: Adding repo consulo to work queue for ingesting
2020-02-21 09:42:04 INFO: A worker is starting scan repository: consulo
2020-02-21 09:42:05 INFO: Linking 83 new corrective commits for repo t-vault
2020-02-21 09:42:05 INFO: Linkage for commit 4c2512e2432d23c55ddcacb39dc6fb45237390b0
2020-02-21 09:42:06 INFO: Done getting/parsing git commits.
2020-02-21 09:42:07 INFO: Linkage for commit e79218452566becaa67f30f4fa93268fcbe66cd9
2020-02-21 09:42:07 INFO: Saving commits to the csv...
2020-02-21 09:42:09 INFO: Linkage for commit 92e0aa9aad7eb2aae79c9b9f6e7390740e81d443
2020-02-21 09:42:09 INFO: Linkage for commit a1f5575c0d525094c81e5ddb0d67247292cbff06
2020-02-21 09:42:10 INFO: Linkage for commit 61e98ae06b9c68dd8250c4190819bea742759957
2020-02-21 09:42:12 INFO: Linkage for commit 1cac1ccb8ebeb1ed7c67875acd9f8947ad598277
2020-02-21 09:42:12 INFO: Done saving commits to the csv.
HEAD is now at 210177f some merge from idea:
2020-02-21 09:42:12 INFO: A worker finished ingesting repo WorkbenchFX
2020-02-21 09:42:12 INFO: Linkage for commit d2e1e8bd68e9476cad764fa7c60d0ccf9f681178
2020-02-21 09:42:13 INFO: Adding repo postgres-async-driver to work queue for ingesting
2020-02-21 09:42:13 INFO: A worker is starting scan repository: postgres-async-driver
HEAD is now at efd7f1f Merge pull request #64 from marat-gainullin/java-11
2020-02-21 09:42:13 INFO: Pulling latest changes from repo: postgres-async-driver
2020-02-21 09:42:14 INFO: Linkage for commit 0ced7fab251f00829e6e74a95cfd8c556c062c7c
2020-02-21 09:42:15 INFO: Done fetching.
2020-02-21 09:42:15 INFO: Getting/parsing git commits: postgres-async-driver
2020-02-21 09:42:15 INFO: Pulling latest changes from repo: consulo
2020-02-21 09:42:15 INFO: Linkage for commit f355305b64fe0444bb77bedecee54f06030143d3
2020-02-21 09:42:16 INFO: Done fetching.
2020-02-21 09:42:16 INFO: Getting/parsing git commits: consulo
2020-02-21 09:42:17 INFO: Linkage for commit 6d1a6291d6765847706c1f6f327eef97fdcda512
2020-02-21 09:42:18 INFO: Done getting/parsing git commits.
2020-02-21 09:42:18 INFO: Linkage for commit e6e93e33d94907439a3b41d501a4cbdf02f895bf
2020-02-21 09:42:18 INFO: Saving commits to the csv...
2020-02-21 09:42:19 INFO: Linkage for commit f09b9f622f67aa8f444aa034320a4dc947433bfb
2020-02-21 09:42:20 INFO: Done saving commits to the csv.
2020-02-21 09:42:20 INFO: A worker finished ingesting repo postgres-async-driver
2020-02-21 09:42:20 INFO: Adding repo postgres-async-driver to work queue for analyzing.
2020-02-21 09:42:20 INFO: Worker analyzing repository  postgres-async-driver
2020-02-21 09:42:20 INFO: Linkage for commit 834814c23cb511e3b214cdbb5c9487500b40db86
2020-02-21 09:42:21 INFO: Linkage for commit 653426d80ea4b988b26250590ce0ebd942f797e9
2020-02-21 09:42:22 INFO: Linkage for commit d062b4ae2197796b1cd7b05200d73490a9e677a3
2020-02-21 09:42:22 INFO: Linkage for commit 8d544a0d800195de668cfea87bab5a48e458c689
2020-02-21 09:42:22 INFO: Linking 19 new corrective commits for repo postgres-async-driver
2020-02-21 09:42:23 INFO: Linkage for commit ab720ad45bd6ede9efa7d8a5c1d776b486bbe917
2020-02-21 09:42:24 INFO: Linkage for commit 59ee70a3517dd3aa7558193ab90064d7b525bead
2020-02-21 09:42:26 INFO: Linkage for commit 14a04f50a6ef33600729b117f1889b5d4d448530
2020-02-21 09:42:27 INFO: Done getting/parsing git commits.
2020-02-21 09:42:28 INFO: Linkage for commit db3fc91d6d55f2492d21c6b92b72b218424e85c8
2020-02-21 09:42:29 INFO: Saving commits to the csv...
2020-02-21 09:42:30 INFO: Linkage for commit 70b3ba2d43d8cde6b934c4eba95de133cb5e2285
2020-02-21 09:42:30 INFO: Done getting/parsing git commits.
2020-02-21 09:42:31 INFO: Linkage for commit b6873e3efc0db60e6b99d629197fe8c7582b4bb3
2020-02-21 09:42:32 INFO: Done saving commits to the csv.
2020-02-21 09:42:32 INFO: A worker finished ingesting repo es4x
2020-02-21 09:42:32 INFO: Adding repo es4x to work queue for analyzing.
2020-02-21 09:42:32 INFO: Worker analyzing repository  es4x
2020-02-21 09:42:33 INFO: Linkage for commit 500da320348849d3484bb97a7585fbfdcb65dd1f
2020-02-21 09:42:33 INFO: Saving commits to the csv...
2020-02-21 09:42:34 INFO: Linkage for commit 633e0bfe8142eaadf61e40bb7324d4c4a3a7fc47
2020-02-21 09:42:35 INFO: Linking 96 new corrective commits for repo es4x
2020-02-21 09:42:36 INFO: Linkage for commit 3519c81b1ca571f84f68ae42cbd5c0783a3d0c21
2020-02-21 09:42:37 INFO: Linkage for commit 394ca540266639aa39e0559dd1a0a4007f18dcf4
2020-02-21 09:42:37 INFO: Linkage for commit 086a13c916380a07ae4d4b424d648ab668814428
2020-02-21 09:42:38 INFO: Linkage for commit 656252766c8d8a32f2228ceade0ad6134ff4e6e5
2020-02-21 09:42:40 INFO: Linkage for commit b5a5398b0dede055f1c1db139ad8a90d8279b7fb
2020-02-21 09:42:40 INFO: Linkage for commit edf3da4898fef678b103870bcc111c0b12e18099
2020-02-21 09:42:40 INFO: Linkage for commit 03b4c144738b8f350a2fa38efc93232269a0c343
2020-02-21 09:42:40 INFO: Linkage for commit 510947e8724c375d3edddd1516f7342617a36119
2020-02-21 09:42:41 INFO: Linkage for commit 20b89ff727f87ebdbbdb5d16271119cc2eaa1f0e
2020-02-21 09:42:42 INFO: Linkage for commit 3f0c92ffdf06de77aaa3b6dd232366f7af6f902f
2020-02-21 09:42:43 INFO: Linkage for commit 525eb3cf3055b7e34c58c5ca7bb13aad66be0005
2020-02-21 09:42:44 INFO: Linkage for commit 8631ff38e08854d4dfe1181e40ec04d32a22a66f
2020-02-21 09:42:45 INFO: Linkage for commit ef1d067dda7029b40e25c6ecc443329ada7c9e65
2020-02-21 09:42:45 INFO: Linkage for commit dffc9b28c1485babb6cb1e3fd74e9e33d65aa7a7
2020-02-21 09:42:46 INFO: Done saving commits to the csv.
2020-02-21 09:42:46 INFO: Linkage for commit 0f8855a25982291292f81a734b5d0089d8c6db03
2020-02-21 09:42:47 INFO: A worker finished ingesting repo servicetalk
2020-02-21 09:42:47 INFO: Adding repo servicetalk to work queue for analyzing.
2020-02-21 09:42:47 INFO: Worker analyzing repository  servicetalk
2020-02-21 09:42:47 INFO: Linkage for commit 11bbd5baaac69afb6de99c0040bf7f68e3f60504
2020-02-21 09:42:47 INFO: Linkage for commit cf320478e7e7e5f0ca49234e12e3e76ba4ee5736
2020-02-21 09:42:48 INFO: Linkage for commit 6f1e480d02778b768a17746d5e6e17f905efce20
2020-02-21 09:42:49 INFO: Linkage for commit b50ca3f0614e0664ab0f8edc6a7b160a25062461
2020-02-21 09:42:50 INFO: Linkage for commit 0e8a2bdac2c15e914f048165e099a0dabd08bd44
2020-02-21 09:42:50 INFO: Linkage for commit fed759e12a079bf0003501dff570673dede71b66
2020-02-21 09:42:51 INFO: Linkage for commit 535de163bd00579e78323af9fbb740ce59d03ae7
2020-02-21 09:42:52 INFO: Linkage for commit 2d613bc30b84502d5dd7c97ca9de7c8a2f31c3f3
2020-02-21 09:42:52 INFO: Linking 256 new corrective commits for repo servicetalk
2020-02-21 09:42:53 INFO: Linkage for commit 1900da8d22e56f05bf6196fa1b1450b5248b4917
2020-02-21 09:42:54 INFO: Linkage for commit 95d704e93e0d87a1c80ff38dea91ae1e91917abf
2020-02-21 09:42:54 INFO: Linkage for commit eeb4446dc4ed127175d0d76bd5af271ae9f95e8a
2020-02-21 09:42:54 INFO: Linkage for commit a578f280eb081a0e92381e242830497f1e1b4878
2020-02-21 09:42:54 INFO: Linkage for commit 7209eb7735b856c3fb65b8c2ab2102df96592057
2020-02-21 09:42:56 INFO: Linkage for commit 8c46d4891c24eb9ceaf0f53e6df8940a91505e28
2020-02-21 09:42:57 INFO: Linkage for commit 3da30b879d0b85a364818d5dfc9232c379740b48
2020-02-21 09:42:58 INFO: Linkage for commit 6b249f4c9d49cc994dc5294ac92d4682b8dd007f
2020-02-21 09:42:58 INFO: Linkage for commit 6d2b056b80fda899e5ae5ef2ebbbc8e3c6ec63c6
2020-02-21 09:42:59 INFO: Linkage for commit b7bf97bef84ddfc63b9d9d247cde75f283c89563
2020-02-21 09:42:59 INFO: Linkage for commit 5cf449a8fd1f31709c4e2c7c91869af5e4a2dc5f
2020-02-21 09:43:00 INFO: Linkage for commit 8d13646e347eab252678622bf511ae2839ccb8bb
2020-02-21 09:43:02 INFO: Linkage for commit ccb0f0c37209c3aa947b6c0403d38e53635ce18c
2020-02-21 09:43:02 INFO: Linkage for commit 31d3542d11de726bda82bcace2060b5e85eb2582
2020-02-21 09:43:03 INFO: Linkage for commit 9e47b2f98be0b69fe3028976f2f5ecad236bc292
2020-02-21 09:43:05 INFO: Linkage for commit 46d4543c73c87ab649a5c29a1ba36d7f885e5a31
2020-02-21 09:43:05 INFO: Linkage for commit bc27fbf340f048c769b4905e34cdef6831fe946c
2020-02-21 09:43:05 INFO: Linkage for commit c99a3bd3b553ef5e4c8b6fac300b5872eca8b683
2020-02-21 09:43:07 INFO: Linkage for commit e14d469cf48aed1b1d1719e9afe0a98585a0656d
2020-02-21 09:43:07 INFO: Linkage for commit e6c8bd88df04135746d7f176d1946e8dcddbe01a
2020-02-21 09:43:08 INFO: Linkage for commit 5a818fc2f2a5f2b0dadaa62c8c864afd9be398a3
2020-02-21 09:43:09 INFO: Linkage for commit 8c420b50f7ec60f318ae82232dfb3d733a2c1c98
2020-02-21 09:43:09 INFO: Linkage for commit 21d42d068066b92e91da83676b571451975a0f72
2020-02-21 09:43:09 INFO: Linkage for commit 829bfce6ae267f669e49d2f6e5e0a9f519fcd66f
2020-02-21 09:43:10 INFO: Linkage for commit 699e9082353e8f774a9f06468e0a789729f2d1c6
2020-02-21 09:43:10 INFO: Linkage for commit 9ddc098526b6ec747041d2a67ba6087d386fbe30
2020-02-21 09:43:11 INFO: Linkage for commit 33fd5b1c8726e1edd8dfb806e0a54ee2c82d8366
2020-02-21 09:43:12 INFO: Linkage for commit 62842010cebdf3d4b1a82a3a09eae7926b41669a
2020-02-21 09:43:15 INFO: Linkage for commit 51aba6c97a543f9609a0de6427f1a013af60c292
2020-02-21 09:43:17 INFO: Linkage for commit 1250412c9b8e680cc763d267397508336817b224
2020-02-21 09:43:17 INFO: Linkage for commit e7b56c99390b803ac1cdc1e196dc65c73ebb0592
2020-02-21 09:43:19 INFO: Linkage for commit 1ead9623b575409f84c57177debc8f51de5c90db
2020-02-21 09:43:19 INFO: Linkage for commit ad13ee1d73c3b59ec5751e202ad357229acddfbc
2020-02-21 09:43:20 INFO: Linkage for commit 1e222f6a9839459c2c61892991055f4b4e5b87a8
2020-02-21 09:43:22 INFO: Linkage for commit edf5950aa93bbe65da3a55805e4da44a240e23a4
2020-02-21 09:43:23 INFO: Linkage for commit a88c4b39c6254a5a104c66e44cafe2f4fa368eae
2020-02-21 09:43:24 INFO: Linkage for commit 77b512ebd62e5fabfcaa96cdefc503968d8eb615
2020-02-21 09:43:24 INFO: Linkage for commit 62f61858579cff77320f629522684e683a2ace93
2020-02-21 09:43:25 INFO: Linkage for commit 764ca70fd6e582f6f05491f009c116b79c427ae0
2020-02-21 09:43:27 INFO: Linkage for commit a026f7273e569047f68e0d72dc01c4b420852b11
2020-02-21 09:43:28 INFO: Linkage for commit 8f324a963047f5793fd23983462be3682d318124
2020-02-21 09:43:29 INFO: Linkage for commit ff789835a2b908aabc0b46ff9f85ec2e620c2554
2020-02-21 09:43:29 INFO: Linkage for commit 0ecd40f2c5e1d534cd6b79cd3379fe0e2af92fa1
2020-02-21 09:43:30 INFO: Linkage for commit 90b674eb3bf9f124d24648d91d2d46d7d148afc8
2020-02-21 09:43:31 INFO: Linkage for commit 919f8cc00fdf21451fc74e5415508b5b34f55df0
2020-02-21 09:43:32 INFO: Linkage for commit b15e3e44f54461c90d092beb5e3e626341522a13
2020-02-21 09:43:33 INFO: Linkage for commit 561eee8c371b669ea14138d4fc0e401eec0f4e6c
2020-02-21 09:43:34 INFO: Linkage for commit 51b00128f5a635314c5f4bf65693a42a9cd19c53
2020-02-21 09:43:34 INFO: Linkage for commit 142fd754bddfd7751bd82619f16867dd91b9964e
2020-02-21 09:43:36 INFO: Linkage for commit 328a3f616adc707039bc099497555642d7cb69ad
2020-02-21 09:43:38 INFO: Linkage for commit b896d4cfa4bc762188bd9ccfce6acd1833746bf5
2020-02-21 09:43:38 INFO: Linkage for commit 1d3a04fe2376fd5e43faf30c258d20fd40299786
2020-02-21 09:43:40 INFO: Linkage for commit e6f9f863c562f08f78dd6e9c5ee8206d365aec01
2020-02-21 09:43:42 INFO: Linkage for commit 2540969f2aedf030e6da76b42c64ad3b1d0f6b2c
2020-02-21 09:43:42 INFO: Linkage for commit c7a74304b134d5420786713f01822b1734b755e0
2020-02-21 09:43:48 ERROR: Got an exception linking bug fixing changes to bug inducing changes for repo RxJavaFX
Traceback (most recent call last):
  File "/home/smajumd3/Data_Miner/github/API_V3/commit_guru/analyzer/analyzer.py", line 55, in analyzeRepo
    final_commits.to_csv(up(up(up(up(up(os.getcwd()))))) + '/data/commit_guru/' + repo_name + '.csv',index=False)
  File "/home/smajumd3/anaconda3/lib/python3.7/site-packages/pandas/core/generic.py", line 3020, in to_csv
    formatter.save()
  File "/home/smajumd3/anaconda3/lib/python3.7/site-packages/pandas/io/formats/csvs.py", line 157, in save
    compression=self.compression)
  File "/home/smajumd3/anaconda3/lib/python3.7/site-packages/pandas/io/common.py", line 424, in _get_handle
    f = open(path_or_buf, mode, encoding=encoding, newline="")
FileNotFoundError: [Errno 2] No such file or directory: '/home/smajumd3/Data_Miner/github/API_V3/data/commit_guru/RxJavaFX.csv'
2020-02-21 09:43:49 INFO: Linkage for commit a0d076ec0c77ec70f2c96ed0660d495e67d3b392
Exception in thread Thread-4:
Traceback (most recent call last):
  File "/home/smajumd3/anaconda3/lib/python3.7/threading.py", line 917, in _bootstrap_inner
    self.run()
  File "commit_mine.py", line 44, in run
    **self._kwargs)
  File "commit_mine.py", line 72, in mine
    cas_manager.run()
  File "/home/smajumd3/Data_Miner/github/API_V3/commit_guru/cas_manager_v1.py", line 67, in run
    self.checkAnalyzation()
  File "/home/smajumd3/Data_Miner/github/API_V3/commit_guru/cas_manager_v1.py", line 60, in checkAnalyzation
    analyze(repo)
  File "/home/smajumd3/Data_Miner/github/API_V3/commit_guru/analyzer/analyzer.py", line 31, in analyze
    analyzeRepo(repo_id)
  File "/home/smajumd3/Data_Miner/github/API_V3/commit_guru/analyzer/analyzer.py", line 55, in analyzeRepo
    final_commits.to_csv(up(up(up(up(up(os.getcwd()))))) + '/data/commit_guru/' + repo_name + '.csv',index=False)
  File "/home/smajumd3/anaconda3/lib/python3.7/site-packages/pandas/core/generic.py", line 3020, in to_csv
    formatter.save()
  File "/home/smajumd3/anaconda3/lib/python3.7/site-packages/pandas/io/formats/csvs.py", line 157, in save
    compression=self.compression)
  File "/home/smajumd3/anaconda3/lib/python3.7/site-packages/pandas/io/common.py", line 424, in _get_handle
    f = open(path_or_buf, mode, encoding=encoding, newline="")
FileNotFoundError: [Errno 2] No such file or directory: '/home/smajumd3/Data_Miner/github/API_V3/data/commit_guru/RxJavaFX.csv'

2020-02-21 09:43:51 INFO: Done getting/parsing git commits.
2020-02-21 09:43:51 INFO: Linkage for commit 2a003447b20e9622b7a490884e4b1951df753ed5
2020-02-21 09:43:51 INFO: Linkage for commit 7357c0942a912846d207ba281b90c05e84fe58ef
2020-02-21 09:43:53 INFO: Saving commits to the csv...
2020-02-21 09:43:58 INFO: Done getting/parsing git commits.
2020-02-21 09:44:00 INFO: Saving commits to the csv...
2020-02-21 09:44:02 INFO: Linkage for commit 358b2ac871e4b3627b490cf66a53841455f0316d
2020-02-21 09:44:04 INFO: Linkage for commit f7ecb07e2f6695393725e48dd7179514f55cdcfc
2020-02-21 09:44:04 INFO: Linkage for commit 2fe9402b222dd1fa98f839a798a3c03406d1fb6a
2020-02-21 09:44:04 INFO: Linkage for commit f4f21994f13a4eb5888dc2b744a9f3890c282d0b
2020-02-21 09:44:05 INFO: Done saving commits to the csv.
2020-02-21 09:44:06 INFO: A worker finished ingesting repo SquidLib
2020-02-21 09:44:06 INFO: Adding repo SquidLib to work queue for analyzing.
2020-02-21 09:44:06 INFO: Worker analyzing repository  SquidLib
2020-02-21 09:44:08 INFO: Linkage for commit 830a217bec204ca23aff2d4bb15cd0a20a8429fb
2020-02-21 09:44:10 INFO: Linking 506 new corrective commits for repo SquidLib
2020-02-21 09:44:11 INFO: Linkage for commit 52b507fde4be47d651e9acaf3fdda17d776b8b05
2020-02-21 09:44:12 INFO: Linkage for commit 4059e4d58130462ff93164d15212bd7fc2f3cbd6
2020-02-21 09:44:14 INFO: Linkage for commit 1ddc134beca45dd98ee153b3b74cc02a252e28df
2020-02-21 09:44:14 INFO: Done saving commits to the csv.
2020-02-21 09:44:15 INFO: A worker finished ingesting repo arara
2020-02-21 09:44:15 INFO: Adding repo arara to work queue for analyzing.
2020-02-21 09:44:15 INFO: Worker analyzing repository  arara
slurmstepd: error: *** JOB 187244 ON c31 CANCELLED AT 2020-02-21T09:44:17 ***
